This file contains any messages produced by compilers while
running configure, to aid debugging if configure makes a mistake.

It was created by ThirdPartyMumps configure 2.1.0, which was
generated by GNU Autoconf 2.69.  Invocation command line was

  $ ./configure 

## --------- ##
## Platform. ##
## --------- ##

hostname = wu
uname -m = x86_64
uname -r = 5.4.0-72-generic
uname -s = Linux
uname -v = #80~18.04.1-Ubuntu SMP Mon Apr 12 23:26:25 UTC 2021

/usr/bin/uname -p = unknown
/bin/uname -X     = unknown

/bin/arch              = unknown
/usr/bin/arch -k       = unknown
/usr/convex/getsysinfo = unknown
/usr/bin/hostinfo      = unknown
/bin/machine           = unknown
/usr/bin/oslevel       = unknown
/bin/universe          = unknown

PATH: /opt/ros/melodic/bin
PATH: /usr/local/sbin
PATH: /usr/local/bin
PATH: /usr/sbin
PATH: /usr/bin
PATH: /sbin
PATH: /bin
PATH: /usr/games
PATH: /usr/local/games
PATH: /snap/bin


## ----------- ##
## Core tests. ##
## ----------- ##

configure:2433: checking build system type
configure:2447: result: x86_64-pc-linux-gnu
configure:2567: checking host system type
configure:2580: result: x86_64-pc-linux-gnu
configure:2616: checking for a BSD-compatible install
configure:2684: result: /usr/bin/install -c
configure:2695: checking whether build environment is sane
configure:2750: result: yes
configure:2901: checking for a thread-safe mkdir -p
configure:2940: result: /bin/mkdir -p
configure:2947: checking for gawk
configure:2977: result: no
configure:2947: checking for mawk
configure:2963: found /usr/bin/mawk
configure:2974: result: mawk
configure:2985: checking whether make sets $(MAKE)
configure:3007: result: yes
configure:3084: checking whether make supports nested variables
configure:3101: result: yes
configure:3114: checking whether to enable maintainer-specific portions of Makefiles
configure:3123: result: no
configure:3291: checking whether make supports the include directive
configure:3306: make -f confmf.GNU && cat confinc.out
this is the am__doit target
configure:3309: $? = 0
configure:3328: result: yes (GNU style)
configure:3462: checking for gcc
configure:3478: found /usr/bin/gcc
configure:3489: result: gcc
configure:3520: checking for C compiler version
configure:3529: gcc --version >&5
gcc (Ubuntu 7.5.0-3ubuntu1~18.04) 7.5.0
Copyright (C) 2017 Free Software Foundation, Inc.
This is free software; see the source for copying conditions.  There is NO
warranty; not even for MERCHANTABILITY or FITNESS FOR A PARTICULAR PURPOSE.

configure:3540: $? = 0
configure:3529: gcc -v >&5
Using built-in specs.
COLLECT_GCC=gcc
COLLECT_LTO_WRAPPER=/usr/lib/gcc/x86_64-linux-gnu/7/lto-wrapper
OFFLOAD_TARGET_NAMES=nvptx-none
OFFLOAD_TARGET_DEFAULT=1
Target: x86_64-linux-gnu
Configured with: ../src/configure -v --with-pkgversion='Ubuntu 7.5.0-3ubuntu1~18.04' --with-bugurl=file:///usr/share/doc/gcc-7/README.Bugs --enable-languages=c,ada,c++,go,brig,d,fortran,objc,obj-c++ --prefix=/usr --with-gcc-major-version-only --program-suffix=-7 --program-prefix=x86_64-linux-gnu- --enable-shared --enable-linker-build-id --libexecdir=/usr/lib --without-included-gettext --enable-threads=posix --libdir=/usr/lib --enable-nls --enable-bootstrap --enable-clocale=gnu --enable-libstdcxx-debug --enable-libstdcxx-time=yes --with-default-libstdcxx-abi=new --enable-gnu-unique-object --disable-vtable-verify --enable-libmpx --enable-plugin --enable-default-pie --with-system-zlib --with-target-system-zlib --enable-objc-gc=auto --enable-multiarch --disable-werror --with-arch-32=i686 --with-abi=m64 --with-multilib-list=m32,m64,mx32 --enable-multilib --with-tune=generic --enable-offload-targets=nvptx-none --without-cuda-driver --enable-checking=release --build=x86_64-linux-gnu --host=x86_64-linux-gnu --target=x86_64-linux-gnu
Thread model: posix
gcc version 7.5.0 (Ubuntu 7.5.0-3ubuntu1~18.04) 
configure:3540: $? = 0
configure:3529: gcc -V >&5
gcc: error: unrecognized command line option '-V'
gcc: fatal error: no input files
compilation terminated.
configure:3540: $? = 1
configure:3529: gcc -qversion >&5
gcc: error: unrecognized command line option '-qversion'; did you mean '--version'?
gcc: fatal error: no input files
compilation terminated.
configure:3540: $? = 1
configure:3560: checking whether the C compiler works
configure:3582: gcc -O2 -DNDEBUG    conftest.c  >&5
configure:3586: $? = 0
configure:3634: result: yes
configure:3637: checking for C compiler default output file name
configure:3639: result: a.out
configure:3645: checking for suffix of executables
configure:3652: gcc -o conftest -O2 -DNDEBUG    conftest.c  >&5
configure:3656: $? = 0
configure:3678: result: 
configure:3700: checking whether we are cross compiling
configure:3708: gcc -o conftest -O2 -DNDEBUG    conftest.c  >&5
configure:3712: $? = 0
configure:3719: ./conftest
configure:3723: $? = 0
configure:3738: result: no
configure:3743: checking for suffix of object files
configure:3765: gcc -c -O2 -DNDEBUG   conftest.c >&5
configure:3769: $? = 0
configure:3790: result: o
configure:3794: checking whether we are using the GNU C compiler
configure:3813: gcc -c -O2 -DNDEBUG   conftest.c >&5
configure:3813: $? = 0
configure:3822: result: yes
configure:3831: checking whether gcc accepts -g
configure:3851: gcc -c -g  conftest.c >&5
configure:3851: $? = 0
configure:3892: result: yes
configure:3909: checking for gcc option to accept ISO C89
configure:3972: gcc  -c -O2 -DNDEBUG   conftest.c >&5
configure:3972: $? = 0
configure:3985: result: none needed
configure:4010: checking whether gcc understands -c and -o together
configure:4032: gcc -c conftest.c -o conftest2.o
configure:4035: $? = 0
configure:4032: gcc -c conftest.c -o conftest2.o
configure:4035: $? = 0
configure:4047: result: yes
configure:4066: checking dependency style of gcc
configure:4177: result: gcc3
configure:4307: checking for gfortran
configure:4323: found /usr/bin/gfortran
configure:4334: result: gfortran
configure:4360: checking for Fortran compiler version
configure:4369: gfortran --version >&5
GNU Fortran (Ubuntu 7.5.0-3ubuntu1~18.04) 7.5.0
Copyright (C) 2017 Free Software Foundation, Inc.
This is free software; see the source for copying conditions.  There is NO
warranty; not even for MERCHANTABILITY or FITNESS FOR A PARTICULAR PURPOSE.

configure:4380: $? = 0
configure:4369: gfortran -v >&5
Using built-in specs.
COLLECT_GCC=gfortran
COLLECT_LTO_WRAPPER=/usr/lib/gcc/x86_64-linux-gnu/7/lto-wrapper
OFFLOAD_TARGET_NAMES=nvptx-none
OFFLOAD_TARGET_DEFAULT=1
Target: x86_64-linux-gnu
Configured with: ../src/configure -v --with-pkgversion='Ubuntu 7.5.0-3ubuntu1~18.04' --with-bugurl=file:///usr/share/doc/gcc-7/README.Bugs --enable-languages=c,ada,c++,go,brig,d,fortran,objc,obj-c++ --prefix=/usr --with-gcc-major-version-only --program-suffix=-7 --program-prefix=x86_64-linux-gnu- --enable-shared --enable-linker-build-id --libexecdir=/usr/lib --without-included-gettext --enable-threads=posix --libdir=/usr/lib --enable-nls --enable-bootstrap --enable-clocale=gnu --enable-libstdcxx-debug --enable-libstdcxx-time=yes --with-default-libstdcxx-abi=new --enable-gnu-unique-object --disable-vtable-verify --enable-libmpx --enable-plugin --enable-default-pie --with-system-zlib --with-target-system-zlib --enable-objc-gc=auto --enable-multiarch --disable-werror --with-arch-32=i686 --with-abi=m64 --with-multilib-list=m32,m64,mx32 --enable-multilib --with-tune=generic --enable-offload-targets=nvptx-none --without-cuda-driver --enable-checking=release --build=x86_64-linux-gnu --host=x86_64-linux-gnu --target=x86_64-linux-gnu
Thread model: posix
gcc version 7.5.0 (Ubuntu 7.5.0-3ubuntu1~18.04) 
configure:4380: $? = 0
configure:4369: gfortran -V >&5
gfortran: error: unrecognized command line option '-V'
gfortran: fatal error: no input files
compilation terminated.
configure:4380: $? = 1
configure:4369: gfortran -qversion >&5
gfortran: error: unrecognized command line option '-qversion'; did you mean '--version'?
gfortran: fatal error: no input files
compilation terminated.
configure:4380: $? = 1
configure:4389: checking whether we are using the GNU Fortran compiler
configure:4402: gfortran -c -O2   conftest.F >&5
configure:4402: $? = 0
configure:4411: result: yes
configure:4417: checking whether gfortran accepts -g
configure:4428: gfortran -c -g  conftest.f >&5
configure:4428: $? = 0
configure:4436: result: yes
configure:4473: checking whether gfortran understands -c and -o together
configure:4491: gfortran -O2  -c conftest.f -o conftest2.o >&5
configure:4495: $? = 0
configure:4502: gfortran -O2  -c conftest.f -o conftest2.o >&5
configure:4506: $? = 0
configure:4514: result: yes
configure:4587: checking how to print strings
configure:4614: result: printf
configure:4635: checking for a sed that does not truncate output
configure:4699: result: /bin/sed
configure:4717: checking for grep that handles long lines and -e
configure:4775: result: /bin/grep
configure:4780: checking for egrep
configure:4842: result: /bin/grep -E
configure:4847: checking for fgrep
configure:4909: result: /bin/grep -F
configure:4944: checking for ld used by gcc
configure:5011: result: /usr/bin/ld
configure:5018: checking if the linker (/usr/bin/ld) is GNU ld
configure:5033: result: yes
configure:5045: checking for BSD- or MS-compatible name lister (nm)
configure:5099: result: /usr/bin/nm -B
configure:5229: checking the name lister (/usr/bin/nm -B) interface
configure:5236: gcc -c -O2 -DNDEBUG   conftest.c >&5
configure:5239: /usr/bin/nm -B "conftest.o"
configure:5242: output
0000000000000000 B some_variable
configure:5249: result: BSD nm
configure:5252: checking whether ln -s works
configure:5256: result: yes
configure:5264: checking the maximum length of command line arguments
configure:5395: result: 1572864
configure:5443: checking how to convert x86_64-pc-linux-gnu file names to x86_64-pc-linux-gnu format
configure:5483: result: func_convert_file_noop
configure:5490: checking how to convert x86_64-pc-linux-gnu file names to toolchain format
configure:5510: result: func_convert_file_noop
configure:5517: checking for /usr/bin/ld option to reload object files
configure:5524: result: -r
configure:5598: checking for objdump
configure:5614: found /usr/bin/objdump
configure:5625: result: objdump
configure:5654: checking how to recognize dependent libraries
configure:5854: result: pass_all
configure:5939: checking for dlltool
configure:5969: result: no
configure:5996: checking how to associate runtime and link libraries
configure:6023: result: printf %s\n
configure:6083: checking for ar
configure:6099: found /usr/bin/ar
configure:6110: result: ar
configure:6147: checking for archiver @FILE support
configure:6164: gcc -c -O2 -DNDEBUG   conftest.c >&5
configure:6164: $? = 0
configure:6167: ar cru libconftest.a @conftest.lst >&5
ar: `u' modifier ignored since `D' is the default (see `U')
configure:6170: $? = 0
configure:6175: ar cru libconftest.a @conftest.lst >&5
ar: `u' modifier ignored since `D' is the default (see `U')
ar: conftest.o: No such file or directory
configure:6178: $? = 1
configure:6190: result: @
configure:6248: checking for strip
configure:6264: found /usr/bin/strip
configure:6275: result: strip
configure:6347: checking for ranlib
configure:6363: found /usr/bin/ranlib
configure:6374: result: ranlib
configure:6476: checking command to parse /usr/bin/nm -B output from gcc object
configure:6629: gcc -c -O2 -DNDEBUG   conftest.c >&5
configure:6632: $? = 0
configure:6636: /usr/bin/nm -B conftest.o \| sed -n -e 's/^.*[ ]\([ABCDGIRSTW][ABCDGIRSTW]*\)[ ][ ]*\([_A-Za-z][_A-Za-z0-9]*\)$/\1 \2 \2/p' | sed '/ __gnu_lto/d' \> conftest.nm
configure:6639: $? = 0
configure:6705: gcc -o conftest -O2 -DNDEBUG    conftest.c conftstm.o >&5
configure:6708: $? = 0
configure:6746: result: ok
configure:6793: checking for sysroot
configure:6823: result: no
configure:6830: checking for a working dd
configure:6868: result: /bin/dd
configure:6872: checking how to truncate binary pipes
configure:6887: result: /bin/dd bs=4096 count=1
configure:7023: gcc -c -O2 -DNDEBUG   conftest.c >&5
configure:7026: $? = 0
configure:7216: checking for mt
configure:7232: found /bin/mt
configure:7243: result: mt
configure:7266: checking if mt is a manifest tool
configure:7272: mt '-?'
configure:7280: result: no
configure:7957: checking how to run the C preprocessor
configure:7988: gcc -E  conftest.c
configure:7988: $? = 0
configure:8002: gcc -E  conftest.c
conftest.c:13:10: fatal error: ac_nonexistent.h: No such file or directory
 #include <ac_nonexistent.h>
          ^~~~~~~~~~~~~~~~~~
compilation terminated.
configure:8002: $? = 1
configure: failed program was:
| /* confdefs.h */
| #define PACKAGE_NAME "ThirdPartyMumps"
| #define PACKAGE_TARNAME "thirdpartymumps"
| #define PACKAGE_VERSION "2.1.0"
| #define PACKAGE_STRING "ThirdPartyMumps 2.1.0"
| #define PACKAGE_BUGREPORT "https://github.com/coin-or-tools/ThirdParty-Mumps/issues/new"
| #define PACKAGE_URL "https://github.com/coin-or-tools/ThirdParty-Mumps"
| #define THIRDPARTYMUMPS_VERSION "2.1.0"
| #define THIRDPARTYMUMPS_VERSION_MAJOR 2
| #define THIRDPARTYMUMPS_VERSION_MINOR 1
| #define THIRDPARTYMUMPS_VERSION_RELEASE 0
| /* end confdefs.h.  */
| #include <ac_nonexistent.h>
configure:8027: result: gcc -E
configure:8047: gcc -E  conftest.c
configure:8047: $? = 0
configure:8061: gcc -E  conftest.c
conftest.c:13:10: fatal error: ac_nonexistent.h: No such file or directory
 #include <ac_nonexistent.h>
          ^~~~~~~~~~~~~~~~~~
compilation terminated.
configure:8061: $? = 1
configure: failed program was:
| /* confdefs.h */
| #define PACKAGE_NAME "ThirdPartyMumps"
| #define PACKAGE_TARNAME "thirdpartymumps"
| #define PACKAGE_VERSION "2.1.0"
| #define PACKAGE_STRING "ThirdPartyMumps 2.1.0"
| #define PACKAGE_BUGREPORT "https://github.com/coin-or-tools/ThirdParty-Mumps/issues/new"
| #define PACKAGE_URL "https://github.com/coin-or-tools/ThirdParty-Mumps"
| #define THIRDPARTYMUMPS_VERSION "2.1.0"
| #define THIRDPARTYMUMPS_VERSION_MAJOR 2
| #define THIRDPARTYMUMPS_VERSION_MINOR 1
| #define THIRDPARTYMUMPS_VERSION_RELEASE 0
| /* end confdefs.h.  */
| #include <ac_nonexistent.h>
configure:8090: checking for ANSI C header files
configure:8110: gcc -c -O2 -DNDEBUG   conftest.c >&5
configure:8110: $? = 0
configure:8183: gcc -o conftest -O2 -DNDEBUG    conftest.c  >&5
configure:8183: $? = 0
configure:8183: ./conftest
configure:8183: $? = 0
configure:8194: result: yes
configure:8207: checking for sys/types.h
configure:8207: gcc -c -O2 -DNDEBUG   conftest.c >&5
configure:8207: $? = 0
configure:8207: result: yes
configure:8207: checking for sys/stat.h
configure:8207: gcc -c -O2 -DNDEBUG   conftest.c >&5
configure:8207: $? = 0
configure:8207: result: yes
configure:8207: checking for stdlib.h
configure:8207: gcc -c -O2 -DNDEBUG   conftest.c >&5
configure:8207: $? = 0
configure:8207: result: yes
configure:8207: checking for string.h
configure:8207: gcc -c -O2 -DNDEBUG   conftest.c >&5
configure:8207: $? = 0
configure:8207: result: yes
configure:8207: checking for memory.h
configure:8207: gcc -c -O2 -DNDEBUG   conftest.c >&5
configure:8207: $? = 0
configure:8207: result: yes
configure:8207: checking for strings.h
configure:8207: gcc -c -O2 -DNDEBUG   conftest.c >&5
configure:8207: $? = 0
configure:8207: result: yes
configure:8207: checking for inttypes.h
configure:8207: gcc -c -O2 -DNDEBUG   conftest.c >&5
configure:8207: $? = 0
configure:8207: result: yes
configure:8207: checking for stdint.h
configure:8207: gcc -c -O2 -DNDEBUG   conftest.c >&5
configure:8207: $? = 0
configure:8207: result: yes
configure:8207: checking for unistd.h
configure:8207: gcc -c -O2 -DNDEBUG   conftest.c >&5
configure:8207: $? = 0
configure:8207: result: yes
configure:8221: checking for dlfcn.h
configure:8221: gcc -c -O2 -DNDEBUG   conftest.c >&5
configure:8221: $? = 0
configure:8221: result: yes
configure:8346: checking the archiver (ar) interface
configure:8362: gcc -c -O2 -DNDEBUG   conftest.c >&5
configure:8362: $? = 0
configure:8364: ar cru libconftest.a conftest.o >&5
ar: `u' modifier ignored since `D' is the default (see `U')
configure:8367: $? = 0
configure:8395: result: ar
configure:8957: checking for objdir
configure:8972: result: .libs
configure:9232: checking if gcc supports -fno-rtti -fno-exceptions
configure:9250: gcc -c -O2 -DNDEBUG   -fno-rtti -fno-exceptions conftest.c >&5
cc1: warning: command line option '-fno-rtti' is valid for C++/ObjC++ but not for C
configure:9254: $? = 0
configure:9267: result: no
configure:9625: checking for gcc option to produce PIC
configure:9632: result: -fPIC -DPIC
configure:9640: checking if gcc PIC flag -fPIC -DPIC works
configure:9658: gcc -c -O2 -DNDEBUG   -fPIC -DPIC -DPIC conftest.c >&5
configure:9662: $? = 0
configure:9675: result: yes
configure:9704: checking if gcc static flag -static works
configure:9732: result: yes
configure:9747: checking if gcc supports -c -o file.o
configure:9768: gcc -c -O2 -DNDEBUG   -o out/conftest2.o conftest.c >&5
configure:9772: $? = 0
configure:9794: result: yes
configure:9802: checking if gcc supports -c -o file.o
configure:9849: result: yes
configure:9882: checking whether the gcc linker (/usr/bin/ld -m elf_x86_64) supports shared libraries
configure:11141: result: yes
configure:11178: checking whether -lc should be explicitly linked in
configure:11186: gcc -c -O2 -DNDEBUG   conftest.c >&5
configure:11189: $? = 0
configure:11204: gcc -shared  -fPIC -DPIC conftest.o  -v -Wl,-soname -Wl,conftest -o conftest 2\>\&1 \| /bin/grep  -lc  \>/dev/null 2\>\&1
configure:11207: $? = 0
configure:11221: result: no
configure:11381: checking dynamic linker characteristics
configure:11962: gcc -o conftest -O2 -DNDEBUG    -Wl,-rpath -Wl,/foo conftest.c  >&5
configure:11962: $? = 0
configure:12199: result: GNU/Linux ld.so
configure:12321: checking how to hardcode library paths into programs
configure:12346: result: immediate
configure:12894: checking whether stripping libraries is possible
configure:12899: result: yes
configure:12934: checking if libtool supports shared libraries
configure:12936: result: yes
configure:12939: checking whether to build shared libraries
configure:12964: result: yes
configure:12967: checking whether to build static libraries
configure:12971: result: no
configure:13093: checking if libtool supports shared libraries
configure:13095: result: yes
configure:13098: checking whether to build shared libraries
configure:13122: result: yes
configure:13125: checking whether to build static libraries
configure:13129: result: no
configure:13163: gfortran -c -O2   conftest.f >&5
configure:13166: $? = 0
configure:13644: checking for gfortran option to produce PIC
configure:13651: result: -fPIC
configure:13659: checking if gfortran PIC flag -fPIC works
configure:13677: gfortran -c -O2  -fPIC  conftest.f >&5
configure:13681: $? = 0
configure:13694: result: yes
configure:13717: checking if gfortran static flag -static works
configure:13745: result: yes
configure:13757: checking if gfortran supports -c -o file.o
configure:13778: gfortran -c -O2  -o out/conftest2.o  conftest.f >&5
configure:13782: $? = 0
configure:13804: result: yes
configure:13809: checking if gfortran supports -c -o file.o
configure:13856: result: yes
configure:13886: checking whether the gfortran linker (/usr/bin/ld -m elf_x86_64) supports shared libraries
configure:15095: result: yes
configure:15236: checking dynamic linker characteristics
configure:15975: result: GNU/Linux ld.so
configure:16040: checking how to hardcode library paths into programs
configure:16065: result: immediate
configure:16134: libtool version info: -version-number 2:1:0
configure:16156: checking how to get verbose linking output from gfortran
configure:16166: gfortran -c -O2   conftest.f >&5
configure:16166: $? = 0
configure:16184: gfortran -o conftest -O2 -v conftest.f
Using built-in specs.
Target: x86_64-linux-gnu
Thread model: posix
gcc version 7.5.0 (Ubuntu 7.5.0-3ubuntu1~18.04) 
 /usr/lib/gcc/x86_64-linux-gnu/7/f951 conftest.f -ffixed-form -quiet -dumpbase conftest.f -mtune=generic -march=x86-64 -auxbase conftest -O2 -version -fintrinsic-modules-path /usr/lib/gcc/x86_64-linux-gnu/7/finclude -o /tmp/ccmAMq4A.s
GNU Fortran (Ubuntu 7.5.0-3ubuntu1~18.04) version 7.5.0 (x86_64-linux-gnu)
	compiled by GNU C version 7.5.0, GMP version 6.1.2, MPFR version 4.0.1, MPC version 1.1.0, isl version isl-0.19-GMP

GGC heuristics: --param ggc-min-expand=100 --param ggc-min-heapsize=131072
GNU Fortran2008 (Ubuntu 7.5.0-3ubuntu1~18.04) version 7.5.0 (x86_64-linux-gnu)
	compiled by GNU C version 7.5.0, GMP version 6.1.2, MPFR version 4.0.1, MPC version 1.1.0, isl version isl-0.19-GMP

GGC heuristics: --param ggc-min-expand=100 --param ggc-min-heapsize=131072
 as -v --64 -o /tmp/ccIEXNZu.o /tmp/ccmAMq4A.s
GNU assembler version 2.30 (x86_64-linux-gnu) using BFD version (GNU Binutils for Ubuntu) 2.30
Reading specs from /usr/lib/gcc/x86_64-linux-gnu/7/libgfortran.spec
rename spec lib to liborig
 /usr/lib/gcc/x86_64-linux-gnu/7/collect2 -plugin /usr/lib/gcc/x86_64-linux-gnu/7/liblto_plugin.so -plugin-opt=/usr/lib/gcc/x86_64-linux-gnu/7/lto-wrapper -plugin-opt=-fresolution=/tmp/ccmdy0Vo.res -plugin-opt=-pass-through=-lgcc_s -plugin-opt=-pass-through=-lgcc -plugin-opt=-pass-through=-lquadmath -plugin-opt=-pass-through=-lm -plugin-opt=-pass-through=-lgcc_s -plugin-opt=-pass-through=-lgcc -plugin-opt=-pass-through=-lc -plugin-opt=-pass-through=-lgcc_s -plugin-opt=-pass-through=-lgcc --build-id --eh-frame-hdr -m elf_x86_64 --hash-style=gnu --as-needed -dynamic-linker /lib64/ld-linux-x86-64.so.2 -pie -z now -z relro -o conftest /usr/lib/gcc/x86_64-linux-gnu/7/../../../x86_64-linux-gnu/Scrt1.o /usr/lib/gcc/x86_64-linux-gnu/7/../../../x86_64-linux-gnu/crti.o /usr/lib/gcc/x86_64-linux-gnu/7/crtbeginS.o -L/usr/lib/gcc/x86_64-linux-gnu/7 -L/usr/lib/gcc/x86_64-linux-gnu/7/../../../x86_64-linux-gnu -L/usr/lib/gcc/x86_64-linux-gnu/7/../../../../lib -L/lib/x86_64-linux-gnu -L/lib/../lib -L/usr/lib/x86_64-linux-gnu -L/usr/lib/../lib -L/usr/lib/gcc/x86_64-linux-gnu/7/../../.. /tmp/ccIEXNZu.o -lgfortran -lm -lgcc_s -lgcc -lquadmath -lm -lgcc_s -lgcc -lc -lgcc_s -lgcc /usr/lib/gcc/x86_64-linux-gnu/7/crtendS.o /usr/lib/gcc/x86_64-linux-gnu/7/../../../x86_64-linux-gnu/crtn.o
configure:16267: result: -v
configure:16269: checking for Fortran libraries of gfortran
configure:16292: gfortran -o conftest -O2 -v conftest.f
Using built-in specs.
Target: x86_64-linux-gnu
Thread model: posix
gcc version 7.5.0 (Ubuntu 7.5.0-3ubuntu1~18.04) 
 /usr/lib/gcc/x86_64-linux-gnu/7/f951 conftest.f -ffixed-form -quiet -dumpbase conftest.f -mtune=generic -march=x86-64 -auxbase conftest -O2 -version -fintrinsic-modules-path /usr/lib/gcc/x86_64-linux-gnu/7/finclude -o /tmp/ccmd7bFG.s
GNU Fortran (Ubuntu 7.5.0-3ubuntu1~18.04) version 7.5.0 (x86_64-linux-gnu)
	compiled by GNU C version 7.5.0, GMP version 6.1.2, MPFR version 4.0.1, MPC version 1.1.0, isl version isl-0.19-GMP

GGC heuristics: --param ggc-min-expand=100 --param ggc-min-heapsize=131072
GNU Fortran2008 (Ubuntu 7.5.0-3ubuntu1~18.04) version 7.5.0 (x86_64-linux-gnu)
	compiled by GNU C version 7.5.0, GMP version 6.1.2, MPFR version 4.0.1, MPC version 1.1.0, isl version isl-0.19-GMP

GGC heuristics: --param ggc-min-expand=100 --param ggc-min-heapsize=131072
 as -v --64 -o /tmp/ccqlyOJA.o /tmp/ccmd7bFG.s
GNU assembler version 2.30 (x86_64-linux-gnu) using BFD version (GNU Binutils for Ubuntu) 2.30
Reading specs from /usr/lib/gcc/x86_64-linux-gnu/7/libgfortran.spec
rename spec lib to liborig
 /usr/lib/gcc/x86_64-linux-gnu/7/collect2 -plugin /usr/lib/gcc/x86_64-linux-gnu/7/liblto_plugin.so -plugin-opt=/usr/lib/gcc/x86_64-linux-gnu/7/lto-wrapper -plugin-opt=-fresolution=/tmp/ccQtjlPu.res -plugin-opt=-pass-through=-lgcc_s -plugin-opt=-pass-through=-lgcc -plugin-opt=-pass-through=-lquadmath -plugin-opt=-pass-through=-lm -plugin-opt=-pass-through=-lgcc_s -plugin-opt=-pass-through=-lgcc -plugin-opt=-pass-through=-lc -plugin-opt=-pass-through=-lgcc_s -plugin-opt=-pass-through=-lgcc --build-id --eh-frame-hdr -m elf_x86_64 --hash-style=gnu --as-needed -dynamic-linker /lib64/ld-linux-x86-64.so.2 -pie -z now -z relro -o conftest /usr/lib/gcc/x86_64-linux-gnu/7/../../../x86_64-linux-gnu/Scrt1.o /usr/lib/gcc/x86_64-linux-gnu/7/../../../x86_64-linux-gnu/crti.o /usr/lib/gcc/x86_64-linux-gnu/7/crtbeginS.o -L/usr/lib/gcc/x86_64-linux-gnu/7 -L/usr/lib/gcc/x86_64-linux-gnu/7/../../../x86_64-linux-gnu -L/usr/lib/gcc/x86_64-linux-gnu/7/../../../../lib -L/lib/x86_64-linux-gnu -L/lib/../lib -L/usr/lib/x86_64-linux-gnu -L/usr/lib/../lib -L/usr/lib/gcc/x86_64-linux-gnu/7/../../.. /tmp/ccqlyOJA.o -lgfortran -lm -lgcc_s -lgcc -lquadmath -lm -lgcc_s -lgcc -lc -lgcc_s -lgcc /usr/lib/gcc/x86_64-linux-gnu/7/crtendS.o /usr/lib/gcc/x86_64-linux-gnu/7/../../../x86_64-linux-gnu/crtn.o
configure:16488: result:  -L/usr/lib/gcc/x86_64-linux-gnu/7 -L/usr/lib/gcc/x86_64-linux-gnu/7/../../../x86_64-linux-gnu -L/usr/lib/gcc/x86_64-linux-gnu/7/../../../../lib -L/lib/x86_64-linux-gnu -L/lib/../lib -L/usr/lib/x86_64-linux-gnu -L/usr/lib/../lib -L/usr/lib/gcc/x86_64-linux-gnu/7/../../.. -lgfortran -lm -lquadmath
configure:16504: checking for dummy main to link with Fortran libraries
configure:16538: gcc -o conftest -O2 -DNDEBUG    conftest.c   -L/usr/lib/gcc/x86_64-linux-gnu/7 -L/usr/lib/gcc/x86_64-linux-gnu/7/../../../x86_64-linux-gnu -L/usr/lib/gcc/x86_64-linux-gnu/7/../../../../lib -L/lib/x86_64-linux-gnu -L/lib/../lib -L/usr/lib/x86_64-linux-gnu -L/usr/lib/../lib -L/usr/lib/gcc/x86_64-linux-gnu/7/../../.. -lgfortran -lm -lquadmath >&5
configure:16538: $? = 0
configure:16583: result: none
configure:16616: checking for Fortran name-mangling scheme
configure:16629: gfortran -c -O2   conftest.f >&5
configure:16629: $? = 0
configure:16670: gcc -o conftest -O2 -DNDEBUG    conftest.c cfortran_test.o   -L/usr/lib/gcc/x86_64-linux-gnu/7 -L/usr/lib/gcc/x86_64-linux-gnu/7/../../../x86_64-linux-gnu -L/usr/lib/gcc/x86_64-linux-gnu/7/../../../../lib -L/lib/x86_64-linux-gnu -L/lib/../lib -L/usr/lib/x86_64-linux-gnu -L/usr/lib/../lib -L/usr/lib/gcc/x86_64-linux-gnu/7/../../.. -lgfortran -lm -lquadmath >&5
/tmp/ccS1fhSJ.o: In function `main':
conftest.c:(.text.startup+0x7): undefined reference to `foobar'
collect2: error: ld returned 1 exit status
configure:16670: $? = 1
configure: failed program was:
| /* confdefs.h */
| #define PACKAGE_NAME "ThirdPartyMumps"
| #define PACKAGE_TARNAME "thirdpartymumps"
| #define PACKAGE_VERSION "2.1.0"
| #define PACKAGE_STRING "ThirdPartyMumps 2.1.0"
| #define PACKAGE_BUGREPORT "https://github.com/coin-or-tools/ThirdParty-Mumps/issues/new"
| #define PACKAGE_URL "https://github.com/coin-or-tools/ThirdParty-Mumps"
| #define THIRDPARTYMUMPS_VERSION "2.1.0"
| #define THIRDPARTYMUMPS_VERSION_MAJOR 2
| #define THIRDPARTYMUMPS_VERSION_MINOR 1
| #define THIRDPARTYMUMPS_VERSION_RELEASE 0
| #define STDC_HEADERS 1
| #define HAVE_SYS_TYPES_H 1
| #define HAVE_SYS_STAT_H 1
| #define HAVE_STDLIB_H 1
| #define HAVE_STRING_H 1
| #define HAVE_MEMORY_H 1
| #define HAVE_STRINGS_H 1
| #define HAVE_INTTYPES_H 1
| #define HAVE_STDINT_H 1
| #define HAVE_UNISTD_H 1
| #define HAVE_DLFCN_H 1
| #define LT_OBJDIR ".libs/"
| /* end confdefs.h.  */
| 
| /* Override any GCC internal prototype to avoid an error.
|    Use char because int might match the return type of a GCC
|    builtin and then its argument prototype would still apply.  */
| #ifdef __cplusplus
| extern "C"
| #endif
| char foobar ();
| #ifdef FC_DUMMY_MAIN
| #ifndef FC_DUMMY_MAIN_EQ_F77
| #  ifdef __cplusplus
|      extern "C"
| #  endif
|    int FC_DUMMY_MAIN() { return 1; }
| #endif
| #endif
| int
| main ()
| {
| return foobar ();
|   ;
|   return 0;
| }
configure:16670: gcc -o conftest -O2 -DNDEBUG    conftest.c cfortran_test.o   -L/usr/lib/gcc/x86_64-linux-gnu/7 -L/usr/lib/gcc/x86_64-linux-gnu/7/../../../x86_64-linux-gnu -L/usr/lib/gcc/x86_64-linux-gnu/7/../../../../lib -L/lib/x86_64-linux-gnu -L/lib/../lib -L/usr/lib/x86_64-linux-gnu -L/usr/lib/../lib -L/usr/lib/gcc/x86_64-linux-gnu/7/../../.. -lgfortran -lm -lquadmath >&5
configure:16670: $? = 0
configure:16728: gcc -o conftest -O2 -DNDEBUG    conftest.c cfortran_test.o   -L/usr/lib/gcc/x86_64-linux-gnu/7 -L/usr/lib/gcc/x86_64-linux-gnu/7/../../../x86_64-linux-gnu -L/usr/lib/gcc/x86_64-linux-gnu/7/../../../../lib -L/lib/x86_64-linux-gnu -L/lib/../lib -L/usr/lib/x86_64-linux-gnu -L/usr/lib/../lib -L/usr/lib/gcc/x86_64-linux-gnu/7/../../.. -lgfortran -lm -lquadmath >&5
configure:16728: $? = 0
configure:16770: result: lower case, underscore, no extra underscore
configure:16860: checking pthread.h usability
configure:16860: gcc -c -O2 -DNDEBUG   conftest.c >&5
configure:16860: $? = 0
configure:16860: result: yes
configure:16860: checking pthread.h presence
configure:16860: gcc -E  conftest.c
configure:16860: $? = 0
configure:16860: result: yes
configure:16860: checking for pthread.h
configure:16860: result: yes
configure:16870: checking for pthread_create in -lpthread
configure:16903: gcc -o conftest -O2 -DNDEBUG    conftest.c -lpthread   >&5
configure:16903: $? = 0
configure:16912: result: yes
configure:16981: checking for pkgconf
configure:17011: result: no
configure:16981: checking for pkg-config
configure:16997: found /usr/bin/pkg-config
configure:17008: result: pkg-config
configure:17035: checking pkg-config is at least version 0.16.0
configure:17039: result: yes: 0.29.1
configure:17075: pkg-config path is "/usr/local/lib/pkgconfig:/home/wu/vd_ws/devel/lib/pkgconfig:/home/wu/catkin_test_ws/devel/lib/pkgconfig:/home/wu/catkin_ws/devel/lib/pkgconfig:/opt/ros/melodic/lib/pkgconfig"
configure:17080: checking for LAPACK
configure:17254: gcc -o conftest -O2 -DNDEBUG    conftest.c -lmkl_intel_lp64 -lmkl_sequential -lmkl_core -lm  >&5
/usr/bin/ld: cannot find -lmkl_intel_lp64
/usr/bin/ld: cannot find -lmkl_sequential
/usr/bin/ld: cannot find -lmkl_core
collect2: error: ld returned 1 exit status
configure:17254: $? = 1
configure: failed program was:
| /* confdefs.h */
| #define PACKAGE_NAME "ThirdPartyMumps"
| #define PACKAGE_TARNAME "thirdpartymumps"
| #define PACKAGE_VERSION "2.1.0"
| #define PACKAGE_STRING "ThirdPartyMumps 2.1.0"
| #define PACKAGE_BUGREPORT "https://github.com/coin-or-tools/ThirdParty-Mumps/issues/new"
| #define PACKAGE_URL "https://github.com/coin-or-tools/ThirdParty-Mumps"
| #define THIRDPARTYMUMPS_VERSION "2.1.0"
| #define THIRDPARTYMUMPS_VERSION_MAJOR 2
| #define THIRDPARTYMUMPS_VERSION_MINOR 1
| #define THIRDPARTYMUMPS_VERSION_RELEASE 0
| #define STDC_HEADERS 1
| #define HAVE_SYS_TYPES_H 1
| #define HAVE_SYS_STAT_H 1
| #define HAVE_STDLIB_H 1
| #define HAVE_STRING_H 1
| #define HAVE_MEMORY_H 1
| #define HAVE_STRINGS_H 1
| #define HAVE_INTTYPES_H 1
| #define HAVE_STDINT_H 1
| #define HAVE_UNISTD_H 1
| #define HAVE_DLFCN_H 1
| #define LT_OBJDIR ".libs/"
| #define FC_FUNC(name,NAME) name ## _
| #define FC_FUNC_(name,NAME) name ## _
| /* end confdefs.h.  */
| 
| /* Override any GCC internal prototype to avoid an error.
|    Use char because int might match the return type of a GCC
|    builtin and then its argument prototype would still apply.  */
| #ifdef __cplusplus
| extern "C"
| #endif
| char dsyev_ ();
| #ifdef FC_DUMMY_MAIN
| #ifndef FC_DUMMY_MAIN_EQ_F77
| #  ifdef __cplusplus
|      extern "C"
| #  endif
|    int FC_DUMMY_MAIN() { return 1; }
| #endif
| #endif
| int
| main ()
| {
| return dsyev_ ();
|   ;
|   return 0;
| }
configure:17254: gcc -o conftest -O2 -DNDEBUG    conftest.c -lmkl_intel_lp64 -lmkl_sequential -lmkl_core -lm  >&5
/usr/bin/ld: cannot find -lmkl_intel_lp64
/usr/bin/ld: cannot find -lmkl_sequential
/usr/bin/ld: cannot find -lmkl_core
collect2: error: ld returned 1 exit status
configure:17254: $? = 1
configure: failed program was:
| /* confdefs.h */
| #define PACKAGE_NAME "ThirdPartyMumps"
| #define PACKAGE_TARNAME "thirdpartymumps"
| #define PACKAGE_VERSION "2.1.0"
| #define PACKAGE_STRING "ThirdPartyMumps 2.1.0"
| #define PACKAGE_BUGREPORT "https://github.com/coin-or-tools/ThirdParty-Mumps/issues/new"
| #define PACKAGE_URL "https://github.com/coin-or-tools/ThirdParty-Mumps"
| #define THIRDPARTYMUMPS_VERSION "2.1.0"
| #define THIRDPARTYMUMPS_VERSION_MAJOR 2
| #define THIRDPARTYMUMPS_VERSION_MINOR 1
| #define THIRDPARTYMUMPS_VERSION_RELEASE 0
| #define STDC_HEADERS 1
| #define HAVE_SYS_TYPES_H 1
| #define HAVE_SYS_STAT_H 1
| #define HAVE_STDLIB_H 1
| #define HAVE_STRING_H 1
| #define HAVE_MEMORY_H 1
| #define HAVE_STRINGS_H 1
| #define HAVE_INTTYPES_H 1
| #define HAVE_STDINT_H 1
| #define HAVE_UNISTD_H 1
| #define HAVE_DLFCN_H 1
| #define LT_OBJDIR ".libs/"
| #define FC_FUNC(name,NAME) name ## _
| #define FC_FUNC_(name,NAME) name ## _
| /* end confdefs.h.  */
| 
| /* Override any GCC internal prototype to avoid an error.
|    Use char because int might match the return type of a GCC
|    builtin and then its argument prototype would still apply.  */
| #ifdef __cplusplus
| extern "C"
| #endif
| char dsyev ();
| #ifdef FC_DUMMY_MAIN
| #ifndef FC_DUMMY_MAIN_EQ_F77
| #  ifdef __cplusplus
|      extern "C"
| #  endif
|    int FC_DUMMY_MAIN() { return 1; }
| #endif
| #endif
| int
| main ()
| {
| return dsyev ();
|   ;
|   return 0;
| }
configure:17254: gcc -o conftest -O2 -DNDEBUG    conftest.c -lmkl_intel_lp64 -lmkl_sequential -lmkl_core -lm  >&5
/usr/bin/ld: cannot find -lmkl_intel_lp64
/usr/bin/ld: cannot find -lmkl_sequential
/usr/bin/ld: cannot find -lmkl_core
collect2: error: ld returned 1 exit status
configure:17254: $? = 1
configure: failed program was:
| /* confdefs.h */
| #define PACKAGE_NAME "ThirdPartyMumps"
| #define PACKAGE_TARNAME "thirdpartymumps"
| #define PACKAGE_VERSION "2.1.0"
| #define PACKAGE_STRING "ThirdPartyMumps 2.1.0"
| #define PACKAGE_BUGREPORT "https://github.com/coin-or-tools/ThirdParty-Mumps/issues/new"
| #define PACKAGE_URL "https://github.com/coin-or-tools/ThirdParty-Mumps"
| #define THIRDPARTYMUMPS_VERSION "2.1.0"
| #define THIRDPARTYMUMPS_VERSION_MAJOR 2
| #define THIRDPARTYMUMPS_VERSION_MINOR 1
| #define THIRDPARTYMUMPS_VERSION_RELEASE 0
| #define STDC_HEADERS 1
| #define HAVE_SYS_TYPES_H 1
| #define HAVE_SYS_STAT_H 1
| #define HAVE_STDLIB_H 1
| #define HAVE_STRING_H 1
| #define HAVE_MEMORY_H 1
| #define HAVE_STRINGS_H 1
| #define HAVE_INTTYPES_H 1
| #define HAVE_STDINT_H 1
| #define HAVE_UNISTD_H 1
| #define HAVE_DLFCN_H 1
| #define LT_OBJDIR ".libs/"
| #define FC_FUNC(name,NAME) name ## _
| #define FC_FUNC_(name,NAME) name ## _
| /* end confdefs.h.  */
| 
| /* Override any GCC internal prototype to avoid an error.
|    Use char because int might match the return type of a GCC
|    builtin and then its argument prototype would still apply.  */
| #ifdef __cplusplus
| extern "C"
| #endif
| char DSYEV_ ();
| #ifdef FC_DUMMY_MAIN
| #ifndef FC_DUMMY_MAIN_EQ_F77
| #  ifdef __cplusplus
|      extern "C"
| #  endif
|    int FC_DUMMY_MAIN() { return 1; }
| #endif
| #endif
| int
| main ()
| {
| return DSYEV_ ();
|   ;
|   return 0;
| }
configure:17254: gcc -o conftest -O2 -DNDEBUG    conftest.c -lmkl_intel_lp64 -lmkl_sequential -lmkl_core -lm  >&5
/usr/bin/ld: cannot find -lmkl_intel_lp64
/usr/bin/ld: cannot find -lmkl_sequential
/usr/bin/ld: cannot find -lmkl_core
collect2: error: ld returned 1 exit status
configure:17254: $? = 1
configure: failed program was:
| /* confdefs.h */
| #define PACKAGE_NAME "ThirdPartyMumps"
| #define PACKAGE_TARNAME "thirdpartymumps"
| #define PACKAGE_VERSION "2.1.0"
| #define PACKAGE_STRING "ThirdPartyMumps 2.1.0"
| #define PACKAGE_BUGREPORT "https://github.com/coin-or-tools/ThirdParty-Mumps/issues/new"
| #define PACKAGE_URL "https://github.com/coin-or-tools/ThirdParty-Mumps"
| #define THIRDPARTYMUMPS_VERSION "2.1.0"
| #define THIRDPARTYMUMPS_VERSION_MAJOR 2
| #define THIRDPARTYMUMPS_VERSION_MINOR 1
| #define THIRDPARTYMUMPS_VERSION_RELEASE 0
| #define STDC_HEADERS 1
| #define HAVE_SYS_TYPES_H 1
| #define HAVE_SYS_STAT_H 1
| #define HAVE_STDLIB_H 1
| #define HAVE_STRING_H 1
| #define HAVE_MEMORY_H 1
| #define HAVE_STRINGS_H 1
| #define HAVE_INTTYPES_H 1
| #define HAVE_STDINT_H 1
| #define HAVE_UNISTD_H 1
| #define HAVE_DLFCN_H 1
| #define LT_OBJDIR ".libs/"
| #define FC_FUNC(name,NAME) name ## _
| #define FC_FUNC_(name,NAME) name ## _
| /* end confdefs.h.  */
| 
| /* Override any GCC internal prototype to avoid an error.
|    Use char because int might match the return type of a GCC
|    builtin and then its argument prototype would still apply.  */
| #ifdef __cplusplus
| extern "C"
| #endif
| char DSYEV ();
| #ifdef FC_DUMMY_MAIN
| #ifndef FC_DUMMY_MAIN_EQ_F77
| #  ifdef __cplusplus
|      extern "C"
| #  endif
|    int FC_DUMMY_MAIN() { return 1; }
| #endif
| #endif
| int
| main ()
| {
| return DSYEV ();
|   ;
|   return 0;
| }
configure:17254: gcc -o conftest -O2 -DNDEBUG    conftest.c -lmkl_intel_lp64 -lmkl_sequential -lmkl_core -lm  >&5
/usr/bin/ld: cannot find -lmkl_intel_lp64
/usr/bin/ld: cannot find -lmkl_sequential
/usr/bin/ld: cannot find -lmkl_core
collect2: error: ld returned 1 exit status
configure:17254: $? = 1
configure: failed program was:
| /* confdefs.h */
| #define PACKAGE_NAME "ThirdPartyMumps"
| #define PACKAGE_TARNAME "thirdpartymumps"
| #define PACKAGE_VERSION "2.1.0"
| #define PACKAGE_STRING "ThirdPartyMumps 2.1.0"
| #define PACKAGE_BUGREPORT "https://github.com/coin-or-tools/ThirdParty-Mumps/issues/new"
| #define PACKAGE_URL "https://github.com/coin-or-tools/ThirdParty-Mumps"
| #define THIRDPARTYMUMPS_VERSION "2.1.0"
| #define THIRDPARTYMUMPS_VERSION_MAJOR 2
| #define THIRDPARTYMUMPS_VERSION_MINOR 1
| #define THIRDPARTYMUMPS_VERSION_RELEASE 0
| #define STDC_HEADERS 1
| #define HAVE_SYS_TYPES_H 1
| #define HAVE_SYS_STAT_H 1
| #define HAVE_STDLIB_H 1
| #define HAVE_STRING_H 1
| #define HAVE_MEMORY_H 1
| #define HAVE_STRINGS_H 1
| #define HAVE_INTTYPES_H 1
| #define HAVE_STDINT_H 1
| #define HAVE_UNISTD_H 1
| #define HAVE_DLFCN_H 1
| #define LT_OBJDIR ".libs/"
| #define FC_FUNC(name,NAME) name ## _
| #define FC_FUNC_(name,NAME) name ## _
| /* end confdefs.h.  */
| 
| /* Override any GCC internal prototype to avoid an error.
|    Use char because int might match the return type of a GCC
|    builtin and then its argument prototype would still apply.  */
| #ifdef __cplusplus
| extern "C"
| #endif
| char dsyev__ ();
| #ifdef FC_DUMMY_MAIN
| #ifndef FC_DUMMY_MAIN_EQ_F77
| #  ifdef __cplusplus
|      extern "C"
| #  endif
|    int FC_DUMMY_MAIN() { return 1; }
| #endif
| #endif
| int
| main ()
| {
| return dsyev__ ();
|   ;
|   return 0;
| }
configure:17254: gcc -o conftest -O2 -DNDEBUG    conftest.c -lmkl_intel_lp64 -lmkl_sequential -lmkl_core -lm  >&5
/usr/bin/ld: cannot find -lmkl_intel_lp64
/usr/bin/ld: cannot find -lmkl_sequential
/usr/bin/ld: cannot find -lmkl_core
collect2: error: ld returned 1 exit status
configure:17254: $? = 1
configure: failed program was:
| /* confdefs.h */
| #define PACKAGE_NAME "ThirdPartyMumps"
| #define PACKAGE_TARNAME "thirdpartymumps"
| #define PACKAGE_VERSION "2.1.0"
| #define PACKAGE_STRING "ThirdPartyMumps 2.1.0"
| #define PACKAGE_BUGREPORT "https://github.com/coin-or-tools/ThirdParty-Mumps/issues/new"
| #define PACKAGE_URL "https://github.com/coin-or-tools/ThirdParty-Mumps"
| #define THIRDPARTYMUMPS_VERSION "2.1.0"
| #define THIRDPARTYMUMPS_VERSION_MAJOR 2
| #define THIRDPARTYMUMPS_VERSION_MINOR 1
| #define THIRDPARTYMUMPS_VERSION_RELEASE 0
| #define STDC_HEADERS 1
| #define HAVE_SYS_TYPES_H 1
| #define HAVE_SYS_STAT_H 1
| #define HAVE_STDLIB_H 1
| #define HAVE_STRING_H 1
| #define HAVE_MEMORY_H 1
| #define HAVE_STRINGS_H 1
| #define HAVE_INTTYPES_H 1
| #define HAVE_STDINT_H 1
| #define HAVE_UNISTD_H 1
| #define HAVE_DLFCN_H 1
| #define LT_OBJDIR ".libs/"
| #define FC_FUNC(name,NAME) name ## _
| #define FC_FUNC_(name,NAME) name ## _
| /* end confdefs.h.  */
| 
| /* Override any GCC internal prototype to avoid an error.
|    Use char because int might match the return type of a GCC
|    builtin and then its argument prototype would still apply.  */
| #ifdef __cplusplus
| extern "C"
| #endif
| char dsyev_ ();
| #ifdef FC_DUMMY_MAIN
| #ifndef FC_DUMMY_MAIN_EQ_F77
| #  ifdef __cplusplus
|      extern "C"
| #  endif
|    int FC_DUMMY_MAIN() { return 1; }
| #endif
| #endif
| int
| main ()
| {
| return dsyev_ ();
|   ;
|   return 0;
| }
configure:17254: gcc -o conftest -O2 -DNDEBUG    conftest.c -lmkl_intel_lp64 -lmkl_sequential -lmkl_core -lm  >&5
/usr/bin/ld: cannot find -lmkl_intel_lp64
/usr/bin/ld: cannot find -lmkl_sequential
/usr/bin/ld: cannot find -lmkl_core
collect2: error: ld returned 1 exit status
configure:17254: $? = 1
configure: failed program was:
| /* confdefs.h */
| #define PACKAGE_NAME "ThirdPartyMumps"
| #define PACKAGE_TARNAME "thirdpartymumps"
| #define PACKAGE_VERSION "2.1.0"
| #define PACKAGE_STRING "ThirdPartyMumps 2.1.0"
| #define PACKAGE_BUGREPORT "https://github.com/coin-or-tools/ThirdParty-Mumps/issues/new"
| #define PACKAGE_URL "https://github.com/coin-or-tools/ThirdParty-Mumps"
| #define THIRDPARTYMUMPS_VERSION "2.1.0"
| #define THIRDPARTYMUMPS_VERSION_MAJOR 2
| #define THIRDPARTYMUMPS_VERSION_MINOR 1
| #define THIRDPARTYMUMPS_VERSION_RELEASE 0
| #define STDC_HEADERS 1
| #define HAVE_SYS_TYPES_H 1
| #define HAVE_SYS_STAT_H 1
| #define HAVE_STDLIB_H 1
| #define HAVE_STRING_H 1
| #define HAVE_MEMORY_H 1
| #define HAVE_STRINGS_H 1
| #define HAVE_INTTYPES_H 1
| #define HAVE_STDINT_H 1
| #define HAVE_UNISTD_H 1
| #define HAVE_DLFCN_H 1
| #define LT_OBJDIR ".libs/"
| #define FC_FUNC(name,NAME) name ## _
| #define FC_FUNC_(name,NAME) name ## _
| /* end confdefs.h.  */
| 
| /* Override any GCC internal prototype to avoid an error.
|    Use char because int might match the return type of a GCC
|    builtin and then its argument prototype would still apply.  */
| #ifdef __cplusplus
| extern "C"
| #endif
| char DSYEV__ ();
| #ifdef FC_DUMMY_MAIN
| #ifndef FC_DUMMY_MAIN_EQ_F77
| #  ifdef __cplusplus
|      extern "C"
| #  endif
|    int FC_DUMMY_MAIN() { return 1; }
| #endif
| #endif
| int
| main ()
| {
| return DSYEV__ ();
|   ;
|   return 0;
| }
configure:17254: gcc -o conftest -O2 -DNDEBUG    conftest.c -lmkl_intel_lp64 -lmkl_sequential -lmkl_core -lm  >&5
/usr/bin/ld: cannot find -lmkl_intel_lp64
/usr/bin/ld: cannot find -lmkl_sequential
/usr/bin/ld: cannot find -lmkl_core
collect2: error: ld returned 1 exit status
configure:17254: $? = 1
configure: failed program was:
| /* confdefs.h */
| #define PACKAGE_NAME "ThirdPartyMumps"
| #define PACKAGE_TARNAME "thirdpartymumps"
| #define PACKAGE_VERSION "2.1.0"
| #define PACKAGE_STRING "ThirdPartyMumps 2.1.0"
| #define PACKAGE_BUGREPORT "https://github.com/coin-or-tools/ThirdParty-Mumps/issues/new"
| #define PACKAGE_URL "https://github.com/coin-or-tools/ThirdParty-Mumps"
| #define THIRDPARTYMUMPS_VERSION "2.1.0"
| #define THIRDPARTYMUMPS_VERSION_MAJOR 2
| #define THIRDPARTYMUMPS_VERSION_MINOR 1
| #define THIRDPARTYMUMPS_VERSION_RELEASE 0
| #define STDC_HEADERS 1
| #define HAVE_SYS_TYPES_H 1
| #define HAVE_SYS_STAT_H 1
| #define HAVE_STDLIB_H 1
| #define HAVE_STRING_H 1
| #define HAVE_MEMORY_H 1
| #define HAVE_STRINGS_H 1
| #define HAVE_INTTYPES_H 1
| #define HAVE_STDINT_H 1
| #define HAVE_UNISTD_H 1
| #define HAVE_DLFCN_H 1
| #define LT_OBJDIR ".libs/"
| #define FC_FUNC(name,NAME) name ## _
| #define FC_FUNC_(name,NAME) name ## _
| /* end confdefs.h.  */
| 
| /* Override any GCC internal prototype to avoid an error.
|    Use char because int might match the return type of a GCC
|    builtin and then its argument prototype would still apply.  */
| #ifdef __cplusplus
| extern "C"
| #endif
| char DSYEV_ ();
| #ifdef FC_DUMMY_MAIN
| #ifndef FC_DUMMY_MAIN_EQ_F77
| #  ifdef __cplusplus
|      extern "C"
| #  endif
|    int FC_DUMMY_MAIN() { return 1; }
| #endif
| #endif
| int
| main ()
| {
| return DSYEV_ ();
|   ;
|   return 0;
| }
configure:17688: gcc -o conftest -O2 -DNDEBUG    conftest.c -llapack  >&5
configure:17688: $? = 0
configure:17803: result: yes: generic module (lapack.pc blas.pc)
configure:17902: checking for library containing cos
configure:17941: gcc -o conftest -O2 -DNDEBUG    conftest.c  >&5
conftest.c:37:6: warning: conflicting types for built-in function 'cos' [-Wbuiltin-declaration-mismatch]
 char cos ();
      ^~~
/tmp/ccxmEgAj.o: In function `main':
conftest.c:(.text.startup+0x7): undefined reference to `cos'
collect2: error: ld returned 1 exit status
configure:17941: $? = 1
configure: failed program was:
| /* confdefs.h */
| #define PACKAGE_NAME "ThirdPartyMumps"
| #define PACKAGE_TARNAME "thirdpartymumps"
| #define PACKAGE_VERSION "2.1.0"
| #define PACKAGE_STRING "ThirdPartyMumps 2.1.0"
| #define PACKAGE_BUGREPORT "https://github.com/coin-or-tools/ThirdParty-Mumps/issues/new"
| #define PACKAGE_URL "https://github.com/coin-or-tools/ThirdParty-Mumps"
| #define THIRDPARTYMUMPS_VERSION "2.1.0"
| #define THIRDPARTYMUMPS_VERSION_MAJOR 2
| #define THIRDPARTYMUMPS_VERSION_MINOR 1
| #define THIRDPARTYMUMPS_VERSION_RELEASE 0
| #define STDC_HEADERS 1
| #define HAVE_SYS_TYPES_H 1
| #define HAVE_SYS_STAT_H 1
| #define HAVE_STDLIB_H 1
| #define HAVE_STRING_H 1
| #define HAVE_MEMORY_H 1
| #define HAVE_STRINGS_H 1
| #define HAVE_INTTYPES_H 1
| #define HAVE_STDINT_H 1
| #define HAVE_UNISTD_H 1
| #define HAVE_DLFCN_H 1
| #define LT_OBJDIR ".libs/"
| #define FC_FUNC(name,NAME) name ## _
| #define FC_FUNC_(name,NAME) name ## _
| #define THIRDPARTYMUMPS_HAS_LAPACK 1
| #define THIRDPARTYMUMPS_LAPACK_FUNC(name,NAME) name ## _
| #define THIRDPARTYMUMPS_LAPACK_FUNC_(name,NAME) name ## _
| /* end confdefs.h.  */
| 
| /* Override any GCC internal prototype to avoid an error.
|    Use char because int might match the return type of a GCC
|    builtin and then its argument prototype would still apply.  */
| #ifdef __cplusplus
| extern "C"
| #endif
| char cos ();
| #ifdef FC_DUMMY_MAIN
| #ifndef FC_DUMMY_MAIN_EQ_F77
| #  ifdef __cplusplus
|      extern "C"
| #  endif
|    int FC_DUMMY_MAIN() { return 1; }
| #endif
| #endif
| int
| main ()
| {
| return cos ();
|   ;
|   return 0;
| }
configure:17941: gcc -o conftest -O2 -DNDEBUG    conftest.c -lm   >&5
conftest.c:37:6: warning: conflicting types for built-in function 'cos' [-Wbuiltin-declaration-mismatch]
 char cos ();
      ^~~
configure:17941: $? = 0
configure:17958: result: -lm
configure:17982: checking for library Metis with combined link and compile check
configure:18124: gcc -c -O2 -DNDEBUG   conftest.c >&5
conftest.c:34:13: fatal error: metis.h: No such file or directory
    #include "metis.h"
             ^~~~~~~~~
compilation terminated.
configure:18124: $? = 1
configure: failed program was:
| /* confdefs.h */
| #define PACKAGE_NAME "ThirdPartyMumps"
| #define PACKAGE_TARNAME "thirdpartymumps"
| #define PACKAGE_VERSION "2.1.0"
| #define PACKAGE_STRING "ThirdPartyMumps 2.1.0"
| #define PACKAGE_BUGREPORT "https://github.com/coin-or-tools/ThirdParty-Mumps/issues/new"
| #define PACKAGE_URL "https://github.com/coin-or-tools/ThirdParty-Mumps"
| #define THIRDPARTYMUMPS_VERSION "2.1.0"
| #define THIRDPARTYMUMPS_VERSION_MAJOR 2
| #define THIRDPARTYMUMPS_VERSION_MINOR 1
| #define THIRDPARTYMUMPS_VERSION_RELEASE 0
| #define STDC_HEADERS 1
| #define HAVE_SYS_TYPES_H 1
| #define HAVE_SYS_STAT_H 1
| #define HAVE_STDLIB_H 1
| #define HAVE_STRING_H 1
| #define HAVE_MEMORY_H 1
| #define HAVE_STRINGS_H 1
| #define HAVE_INTTYPES_H 1
| #define HAVE_STDINT_H 1
| #define HAVE_UNISTD_H 1
| #define HAVE_DLFCN_H 1
| #define LT_OBJDIR ".libs/"
| #define FC_FUNC(name,NAME) name ## _
| #define FC_FUNC_(name,NAME) name ## _
| #define THIRDPARTYMUMPS_HAS_LAPACK 1
| #define THIRDPARTYMUMPS_LAPACK_FUNC(name,NAME) name ## _
| #define THIRDPARTYMUMPS_LAPACK_FUNC_(name,NAME) name ## _
| /* end confdefs.h.  */
| #define __STDC_WANT_IEC_60559_BFP_EXT__
|    #ifdef __STDC__
|    #include <limits.h>
|    #endif
|    #include "metis.h"
|    #ifndef METIS_VER_MAJOR
|    #define METIS_VER_MAJOR 4
|    #endif
|    #if defined(INT_WIDTH) && INT_WIDTH != IDXTYPEWIDTH
|    #error "Metis does not use int for idx_t. This isn't supported by this build of MUMPS."
|    #endif
| 
| #ifdef FC_DUMMY_MAIN
| #ifndef FC_DUMMY_MAIN_EQ_F77
| #  ifdef __cplusplus
|      extern "C"
| #  endif
|    int FC_DUMMY_MAIN() { return 1; }
| #endif
| #endif
| int
| main ()
| {
| 
|   ;
|   return 0;
| }
configure:18175: gcc -o conftest -O2 -DNDEBUG    conftest.c -lmetis -lm  >&5
conftest.c:34:13: fatal error: metis.h: No such file or directory
    #include "metis.h"
             ^~~~~~~~~
compilation terminated.
configure:18175: $? = 1
configure: failed program was:
| /* confdefs.h */
| #define PACKAGE_NAME "ThirdPartyMumps"
| #define PACKAGE_TARNAME "thirdpartymumps"
| #define PACKAGE_VERSION "2.1.0"
| #define PACKAGE_STRING "ThirdPartyMumps 2.1.0"
| #define PACKAGE_BUGREPORT "https://github.com/coin-or-tools/ThirdParty-Mumps/issues/new"
| #define PACKAGE_URL "https://github.com/coin-or-tools/ThirdParty-Mumps"
| #define THIRDPARTYMUMPS_VERSION "2.1.0"
| #define THIRDPARTYMUMPS_VERSION_MAJOR 2
| #define THIRDPARTYMUMPS_VERSION_MINOR 1
| #define THIRDPARTYMUMPS_VERSION_RELEASE 0
| #define STDC_HEADERS 1
| #define HAVE_SYS_TYPES_H 1
| #define HAVE_SYS_STAT_H 1
| #define HAVE_STDLIB_H 1
| #define HAVE_STRING_H 1
| #define HAVE_MEMORY_H 1
| #define HAVE_STRINGS_H 1
| #define HAVE_INTTYPES_H 1
| #define HAVE_STDINT_H 1
| #define HAVE_UNISTD_H 1
| #define HAVE_DLFCN_H 1
| #define LT_OBJDIR ".libs/"
| #define FC_FUNC(name,NAME) name ## _
| #define FC_FUNC_(name,NAME) name ## _
| #define THIRDPARTYMUMPS_HAS_LAPACK 1
| #define THIRDPARTYMUMPS_LAPACK_FUNC(name,NAME) name ## _
| #define THIRDPARTYMUMPS_LAPACK_FUNC_(name,NAME) name ## _
| /* end confdefs.h.  */
| #define __STDC_WANT_IEC_60559_BFP_EXT__
|    #ifdef __STDC__
|    #include <limits.h>
|    #endif
|    #include "metis.h"
|    #ifndef METIS_VER_MAJOR
|    #define METIS_VER_MAJOR 4
|    #endif
|    #if defined(INT_WIDTH) && INT_WIDTH != IDXTYPEWIDTH
|    #error "Metis does not use int for idx_t. This isn't supported by this build of MUMPS."
|    #endif
| 
| #ifdef FC_DUMMY_MAIN
| #ifndef FC_DUMMY_MAIN_EQ_F77
| #  ifdef __cplusplus
|      extern "C"
| #  endif
|    int FC_DUMMY_MAIN() { return 1; }
| #endif
| #endif
| int
| main ()
| {
| #if METIS_VER_MAJOR < 5
|    metis_nodend((int*)0, (int*)0, (int*)0, (int*)0, (int*)0, (int*)0);
|    #else
|    METIS_NodeND((int*)0, (int*)0, (int*)0, (int*)0, (int*)0, (int*)0, (int*)0);
|    #endif
| 
|   ;
|   return 0;
| }
configure:18214: result: no (header compile, link with header)
configure:18231: WARNING:
Compiler flags are "". If you expected this test to
succeed, check that they are correct. You can supply correct values using
--with-metis-cflags.
configure:18241: WARNING:
Linker flags are "-lmetis -lm ". If you expected this test to
succeed, check that they are correct. You can supply correct values using
--with-metis-lflags.
configure:18250: WARNING:
Check config.log for details of failed compile or link attempts.
configure:18522: additional C preprocessor flags: -DAdd_ -DALLOW_NON_INIT -DMUMPS_ARITH=MUMPS_ARITH_d
configure:18524: additional Fortran preprocessor flags:  -std=legacy
configure:18646: checking that generated files are newer than configure
configure:18652: result: done
configure:18699: creating ./config.status

## ---------------------- ##
## Running config.status. ##
## ---------------------- ##

This file was extended by ThirdPartyMumps config.status 2.1.0, which was
generated by GNU Autoconf 2.69.  Invocation command line was

  CONFIG_FILES    = 
  CONFIG_HEADERS  = 
  CONFIG_LINKS    = 
  CONFIG_COMMANDS = 
  $ ./config.status 

on wu

config.status:1202: creating Makefile
config.status:1202: creating coinmumps.pc
config.status:1202: creating config.h
config.status:1202: creating mumps_compat.h
config.status:1431: executing depfiles commands
config.status:1508: cd .       && sed -e '/# am--include-marker/d' Makefile         | make -f - am--depfiles
config.status:1513: $? = 0
config.status:1431: executing libtool commands
configure:21131: Configuration of ThirdPartyMumps successful

## ---------------- ##
## Cache variables. ##
## ---------------- ##

ac_cv_build=x86_64-pc-linux-gnu
ac_cv_c_compiler_gnu=yes
ac_cv_env_ADD_CFLAGS_set=
ac_cv_env_ADD_CFLAGS_value=
ac_cv_env_ADD_FCFLAGS_set=
ac_cv_env_ADD_FCFLAGS_value=
ac_cv_env_CC_set=
ac_cv_env_CC_value=
ac_cv_env_CFLAGS_set=
ac_cv_env_CFLAGS_value=
ac_cv_env_CPPFLAGS_set=
ac_cv_env_CPPFLAGS_value=
ac_cv_env_CPP_set=
ac_cv_env_CPP_value=
ac_cv_env_FCFLAGS_set=
ac_cv_env_FCFLAGS_value=
ac_cv_env_FC_set=
ac_cv_env_FC_value=
ac_cv_env_LDFLAGS_set=
ac_cv_env_LDFLAGS_value=
ac_cv_env_LIBS_set=
ac_cv_env_LIBS_value=
ac_cv_env_LT_LDFLAGS_set=
ac_cv_env_LT_LDFLAGS_value=
ac_cv_env_LT_SYS_LIBRARY_PATH_set=
ac_cv_env_LT_SYS_LIBRARY_PATH_value=
ac_cv_env_PKG_CONFIG_set=
ac_cv_env_PKG_CONFIG_value=
ac_cv_env_build_alias_set=
ac_cv_env_build_alias_value=
ac_cv_env_host_alias_set=
ac_cv_env_host_alias_value=
ac_cv_env_target_alias_set=
ac_cv_env_target_alias_value=
ac_cv_fc_compiler_gnu=yes
ac_cv_fc_dummy_main=none
ac_cv_fc_libs=' -L/usr/lib/gcc/x86_64-linux-gnu/7 -L/usr/lib/gcc/x86_64-linux-gnu/7/../../../x86_64-linux-gnu -L/usr/lib/gcc/x86_64-linux-gnu/7/../../../../lib -L/lib/x86_64-linux-gnu -L/lib/../lib -L/usr/lib/x86_64-linux-gnu -L/usr/lib/../lib -L/usr/lib/gcc/x86_64-linux-gnu/7/../../.. -lgfortran -lm -lquadmath'
ac_cv_fc_mangling='lower case, underscore, no extra underscore'
ac_cv_fortran_dummy_main=none
ac_cv_header_dlfcn_h=yes
ac_cv_header_inttypes_h=yes
ac_cv_header_memory_h=yes
ac_cv_header_pthread_h=yes
ac_cv_header_stdc=yes
ac_cv_header_stdint_h=yes
ac_cv_header_stdlib_h=yes
ac_cv_header_string_h=yes
ac_cv_header_strings_h=yes
ac_cv_header_sys_stat_h=yes
ac_cv_header_sys_types_h=yes
ac_cv_header_unistd_h=yes
ac_cv_host=x86_64-pc-linux-gnu
ac_cv_lib_pthread_pthread_create=yes
ac_cv_objext=o
ac_cv_path_EGREP='/bin/grep -E'
ac_cv_path_FGREP='/bin/grep -F'
ac_cv_path_GREP=/bin/grep
ac_cv_path_SED=/bin/sed
ac_cv_path_install='/usr/bin/install -c'
ac_cv_path_lt_DD=/bin/dd
ac_cv_path_mkdir=/bin/mkdir
ac_cv_prog_AWK=mawk
ac_cv_prog_CPP='gcc -E'
ac_cv_prog_ac_ct_AR=ar
ac_cv_prog_ac_ct_CC=gcc
ac_cv_prog_ac_ct_FC=gfortran
ac_cv_prog_ac_ct_MANIFEST_TOOL=mt
ac_cv_prog_ac_ct_OBJDUMP=objdump
ac_cv_prog_ac_ct_PKG_CONFIG=pkg-config
ac_cv_prog_ac_ct_RANLIB=ranlib
ac_cv_prog_ac_ct_STRIP=strip
ac_cv_prog_cc_c89=
ac_cv_prog_cc_g=yes
ac_cv_prog_fc_c_o=yes
ac_cv_prog_fc_g=yes
ac_cv_prog_fc_v=-v
ac_cv_prog_make_make_set=yes
ac_cv_search_cos=-lm
am_cv_CC_dependencies_compiler_type=gcc3
am_cv_ar_interface=ar
am_cv_make_support_nested_variables=yes
am_cv_prog_cc_c_o=yes
lt_cv_ar_at_file=@
lt_cv_archive_cmds_need_lc=no
lt_cv_deplibs_check_method=pass_all
lt_cv_file_magic_cmd='$MAGIC_CMD'
lt_cv_file_magic_test_file=
lt_cv_ld_reload_flag=-r
lt_cv_nm_interface='BSD nm'
lt_cv_objdir=.libs
lt_cv_path_LD=/usr/bin/ld
lt_cv_path_NM='/usr/bin/nm -B'
lt_cv_path_mainfest_tool=no
lt_cv_prog_compiler_c_o=yes
lt_cv_prog_compiler_c_o_FC=yes
lt_cv_prog_compiler_pic='-fPIC -DPIC'
lt_cv_prog_compiler_pic_FC=-fPIC
lt_cv_prog_compiler_pic_works=yes
lt_cv_prog_compiler_pic_works_FC=yes
lt_cv_prog_compiler_rtti_exceptions=no
lt_cv_prog_compiler_static_works=yes
lt_cv_prog_compiler_static_works_FC=yes
lt_cv_prog_gnu_ld=yes
lt_cv_sharedlib_from_linklib_cmd='printf %s\n'
lt_cv_shlibpath_overrides_runpath=yes
lt_cv_sys_global_symbol_pipe='sed -n -e '\''s/^.*[	 ]\([ABCDGIRSTW][ABCDGIRSTW]*\)[	 ][	 ]*\([_A-Za-z][_A-Za-z0-9]*\)$/\1 \2 \2/p'\'' | sed '\''/ __gnu_lto/d'\'''
lt_cv_sys_global_symbol_to_c_name_address='sed -n -e '\''s/^: \(.*\) .*$/  {"\1", (void *) 0},/p'\'' -e '\''s/^[ABCDGIRSTW][ABCDGIRSTW]* .* \(.*\)$/  {"\1", (void *) \&\1},/p'\'''
lt_cv_sys_global_symbol_to_c_name_address_lib_prefix='sed -n -e '\''s/^: \(.*\) .*$/  {"\1", (void *) 0},/p'\'' -e '\''s/^[ABCDGIRSTW][ABCDGIRSTW]* .* \(lib.*\)$/  {"\1", (void *) \&\1},/p'\'' -e '\''s/^[ABCDGIRSTW][ABCDGIRSTW]* .* \(.*\)$/  {"lib\1", (void *) \&\1},/p'\'''
lt_cv_sys_global_symbol_to_cdecl='sed -n -e '\''s/^T .* \(.*\)$/extern int \1();/p'\'' -e '\''s/^[ABCDGIRSTW][ABCDGIRSTW]* .* \(.*\)$/extern char \1;/p'\'''
lt_cv_sys_global_symbol_to_import=
lt_cv_sys_max_cmd_len=1572864
lt_cv_to_host_file_cmd=func_convert_file_noop
lt_cv_to_tool_file_cmd=func_convert_file_noop
lt_cv_truncate_bin='/bin/dd bs=4096 count=1'

## ----------------- ##
## Output variables. ##
## ----------------- ##

ACLOCAL='${SHELL} /home/wu/ThirdParty/ThirdParty-Mumps/missing aclocal-1.16'
ADD_CFLAGS=''
ADD_FCFLAGS=''
AMDEPBACKSLASH='\'
AMDEP_FALSE='#'
AMDEP_TRUE=''
AMTAR='$${TAR-tar}'
AM_BACKSLASH='\'
AM_DEFAULT_V='$(AM_DEFAULT_VERBOSITY)'
AM_DEFAULT_VERBOSITY='0'
AM_V='$(V)'
AR='ar'
AS='as'
AUTOCONF='${SHELL} /home/wu/ThirdParty/ThirdParty-Mumps/missing autoconf'
AUTOHEADER='${SHELL} /home/wu/ThirdParty/ThirdParty-Mumps/missing autoheader'
AUTOMAKE='${SHELL} /home/wu/ThirdParty/ThirdParty-Mumps/missing automake-1.16'
AWK='mawk'
CC='gcc'
CCDEPMODE='depmode=gcc3'
CFLAGS='-O2 -DNDEBUG '
COIN_HAS_LAPACK_FALSE='#'
COIN_HAS_LAPACK_TRUE=''
COIN_HAS_METIS_FALSE=''
COIN_HAS_METIS_TRUE='#'
COIN_HAS_PKGCONFIG_FALSE='#'
COIN_HAS_PKGCONFIG_TRUE=''
COIN_PKG_CONFIG_PATH='/usr/local/lib/pkgconfig:/home/wu/vd_ws/devel/lib/pkgconfig:/home/wu/catkin_test_ws/devel/lib/pkgconfig:/home/wu/catkin_ws/devel/lib/pkgconfig:/opt/ros/melodic/lib/pkgconfig'
COIN_RELOCATABLE_FALSE=''
COIN_RELOCATABLE_TRUE='#'
COIN_STATIC_BUILD_FALSE=''
COIN_STATIC_BUILD_TRUE='#'
CPP='gcc -E'
CPPFLAGS=''
CYGPATH_W='echo'
DEFS='-DHAVE_CONFIG_H'
DEPDIR='.deps'
DLLTOOL='false'
DSYMUTIL=''
DUMPBIN=''
ECHO_C=''
ECHO_N='-n'
ECHO_T=''
EGREP='/bin/grep -E'
EXEEXT=''
FC='gfortran'
FCFLAGS='-O2 '
FCFLAGS_F=''
FCLIBS=' -L/usr/lib/gcc/x86_64-linux-gnu/7 -L/usr/lib/gcc/x86_64-linux-gnu/7/../../../x86_64-linux-gnu -L/usr/lib/gcc/x86_64-linux-gnu/7/../../../../lib -L/lib/x86_64-linux-gnu -L/lib/../lib -L/usr/lib/x86_64-linux-gnu -L/usr/lib/../lib -L/usr/lib/gcc/x86_64-linux-gnu/7/../../.. -lgfortran -lm -lquadmath'
FC_DEFINE=''
FGREP='/bin/grep -F'
GREP='/bin/grep'
INSTALL_DATA='${INSTALL} -m 644'
INSTALL_PROGRAM='${INSTALL}'
INSTALL_SCRIPT='${INSTALL}'
INSTALL_STRIP_PROGRAM='$(install_sh) -c -s'
LD='/usr/bin/ld -m elf_x86_64'
LDFLAGS=''
LIBOBJS=''
LIBS=''
LIBTOOL='$(SHELL) $(top_builddir)/libtool'
LIPO=''
LN_S='ln -s'
LTLIBOBJS=''
LT_LDFLAGS=' -version-number 2:1:0 -no-undefined'
LT_SYS_LIBRARY_PATH=''
MAINT='#'
MAINTAINER_MODE_FALSE=''
MAINTAINER_MODE_TRUE='#'
MAKEINFO='${SHELL} /home/wu/ThirdParty/ThirdParty-Mumps/missing makeinfo'
MANIFEST_TOOL=':'
METISCHECK_LFLAGS='-lm '
MKDIR_P='/bin/mkdir -p'
MUMPS_CFLAGS='  -DMUMPS_BUILD'
MUMPS_CFLAGS_NOPC=''
MUMPS_LFLAGS='-llapack -lblas    -L/usr/lib/gcc/x86_64-linux-gnu/7 -L/usr/lib/gcc/x86_64-linux-gnu/7/../../../x86_64-linux-gnu -L/usr/lib/gcc/x86_64-linux-gnu/7/../../../../lib -L/lib/x86_64-linux-gnu -L/lib/../lib -L/usr/lib/x86_64-linux-gnu -L/usr/lib/../lib -L/usr/lib/gcc/x86_64-linux-gnu/7/../../.. -lgfortran -lm -lquadmath -lpthread'
MUMPS_LFLAGS_NOPC='   -L/usr/lib/gcc/x86_64-linux-gnu/7 -L/usr/lib/gcc/x86_64-linux-gnu/7/../../../x86_64-linux-gnu -L/usr/lib/gcc/x86_64-linux-gnu/7/../../../../lib -L/lib/x86_64-linux-gnu -L/lib/../lib -L/usr/lib/x86_64-linux-gnu -L/usr/lib/../lib -L/usr/lib/gcc/x86_64-linux-gnu/7/../../.. -lgfortran -lm -lquadmath -lpthread'
MUMPS_PCFILES='lapack blas '
MY_DEFS='-DAdd_ -DALLOW_NON_INIT -DMUMPS_ARITH=MUMPS_ARITH_d'
MY_FDEFS=' -std=legacy'
NM='/usr/bin/nm -B'
NMEDIT=''
OBJDUMP='objdump'
OBJEXT='o'
OTOOL64=''
OTOOL=''
PACKAGE='thirdpartymumps'
PACKAGE_BUGREPORT='https://github.com/coin-or-tools/ThirdParty-Mumps/issues/new'
PACKAGE_NAME='ThirdPartyMumps'
PACKAGE_STRING='ThirdPartyMumps 2.1.0'
PACKAGE_TARNAME='thirdpartymumps'
PACKAGE_URL='https://github.com/coin-or-tools/ThirdParty-Mumps'
PACKAGE_VERSION='2.1.0'
PATH_SEPARATOR=':'
PKG_CONFIG='pkg-config'
RANLIB='ranlib'
SED='/bin/sed'
SET_MAKE=''
SHELL='/bin/bash'
STRIP='strip'
VERSION='2.1.0'
ac_ct_AR='ar'
ac_ct_CC='gcc'
ac_ct_DUMPBIN=''
ac_ct_FC='gfortran'
ac_ct_PKG_CONFIG='pkg-config'
am__EXEEXT_FALSE=''
am__EXEEXT_TRUE='#'
am__fastdepCC_FALSE='#'
am__fastdepCC_TRUE=''
am__include='include'
am__isrc=''
am__leading_dot='.'
am__nodep='_no'
am__quote=''
am__tar='$${TAR-tar} chof - "$$tardir"'
am__untar='$${TAR-tar} xf -'
bindir='${exec_prefix}/bin'
build='x86_64-pc-linux-gnu'
build_alias=''
build_cpu='x86_64'
build_os='linux-gnu'
build_vendor='pc'
datadir='${datarootdir}'
datarootdir='${prefix}/share'
docdir='${datarootdir}/doc/${PACKAGE_TARNAME}'
dvidir='${docdir}'
exec_prefix='${prefix}'
host='x86_64-pc-linux-gnu'
host_alias=''
host_cpu='x86_64'
host_os='linux-gnu'
host_vendor='pc'
htmldir='${docdir}'
includedir='${prefix}/include'
infodir='${datarootdir}/info'
install_sh='${SHELL} /home/wu/ThirdParty/ThirdParty-Mumps/install-sh'
libdir='${exec_prefix}/lib'
libexecdir='${exec_prefix}/libexec'
localedir='${datarootdir}/locale'
localstatedir='${prefix}/var'
mandir='${datarootdir}/man'
mkdir_p='$(MKDIR_P)'
oldincludedir='/usr/include'
pdfdir='${docdir}'
prefix='/usr/local'
program_transform_name='s,x,x,'
psdir='${docdir}'
sbindir='${exec_prefix}/sbin'
sharedstatedir='${prefix}/com'
sysconfdir='${prefix}/etc'
target_alias=''

## ----------- ##
## confdefs.h. ##
## ----------- ##

/* confdefs.h */
#define PACKAGE_NAME "ThirdPartyMumps"
#define PACKAGE_TARNAME "thirdpartymumps"
#define PACKAGE_VERSION "2.1.0"
#define PACKAGE_STRING "ThirdPartyMumps 2.1.0"
#define PACKAGE_BUGREPORT "https://github.com/coin-or-tools/ThirdParty-Mumps/issues/new"
#define PACKAGE_URL "https://github.com/coin-or-tools/ThirdParty-Mumps"
#define THIRDPARTYMUMPS_VERSION "2.1.0"
#define THIRDPARTYMUMPS_VERSION_MAJOR 2
#define THIRDPARTYMUMPS_VERSION_MINOR 1
#define THIRDPARTYMUMPS_VERSION_RELEASE 0
#define STDC_HEADERS 1
#define HAVE_SYS_TYPES_H 1
#define HAVE_SYS_STAT_H 1
#define HAVE_STDLIB_H 1
#define HAVE_STRING_H 1
#define HAVE_MEMORY_H 1
#define HAVE_STRINGS_H 1
#define HAVE_INTTYPES_H 1
#define HAVE_STDINT_H 1
#define HAVE_UNISTD_H 1
#define HAVE_DLFCN_H 1
#define LT_OBJDIR ".libs/"
#define FC_FUNC(name,NAME) name ## _
#define FC_FUNC_(name,NAME) name ## _
#define THIRDPARTYMUMPS_HAS_LAPACK 1
#define THIRDPARTYMUMPS_LAPACK_FUNC(name,NAME) name ## _
#define THIRDPARTYMUMPS_LAPACK_FUNC_(name,NAME) name ## _
#define MUMPS_EXPORT 
#define MUMPS_CALL 

configure: exit 0
