\BOOKMARK [0][-]{chapter.1}{\376\377\0001\000\040\176\347\142\177\121\163\174\373\175\042\137\025}{}% 1
\BOOKMARK [1][-]{section.1.1}{\376\377\0001\000.\0001\000\040\174\173\176\347\142\177\121\163\174\373}{chapter.1}% 2
\BOOKMARK [0][-]{chapter.2}{\376\377\0002\000\040\176\323\147\204\117\123\175\042\137\025}{}% 3
\BOOKMARK [1][-]{section.2.1}{\376\377\0002\000.\0001\000\040\176\323\147\204\117\123}{chapter.2}% 4
\BOOKMARK [0][-]{chapter.3}{\376\377\0003\000\040\176\323\147\204\117\123\213\364\146\016}{}% 5
\BOOKMARK [1][-]{section.3.1}{\376\377\0003\000.\0001\000\040\000b\000a\000s\000e\000\137\000l\000o\000c\000a\000l\000\137\000p\000l\000a\000n\000n\000e\000r\000:\000:\000C\000o\000s\000t\000m\000a\000p\000M\000o\000d\000e\000l\174\173\000\040\123\302\200\003}{chapter.3}% 6
\BOOKMARK [2][-]{subsection.3.1.1}{\376\377\0003\000.\0001\000.\0001\000\040\213\346\176\306\143\317\217\360}{section.3.1}% 7
\BOOKMARK [2][-]{subsection.3.1.2}{\376\377\0003\000.\0001\000.\0002\000\040\147\204\220\040\123\312\147\220\147\204\121\375\145\160\213\364\146\016}{section.3.1}% 8
\BOOKMARK [3][-]{subsubsection.3.1.2.1}{\376\377\0003\000.\0001\000.\0002\000.\0001\000\040\000C\000o\000s\000t\000m\000a\000p\000M\000o\000d\000e\000l\000\050\000\051}{subsection.3.1.2}% 9
\BOOKMARK [2][-]{subsection.3.1.3}{\376\377\0003\000.\0001\000.\0003\000\040\142\020\124\130\121\375\145\160\213\364\146\016}{section.3.1}% 10
\BOOKMARK [3][-]{subsubsection.3.1.3.1}{\376\377\0003\000.\0001\000.\0003\000.\0001\000\040\000f\000o\000o\000t\000p\000r\000i\000n\000t\000C\000o\000s\000t\000\050\000\051\000\040\000[\0001\000/\0003\000]}{subsection.3.1.3}% 11
\BOOKMARK [3][-]{subsubsection.3.1.3.2}{\376\377\0003\000.\0001\000.\0003\000.\0002\000\040\000f\000o\000o\000t\000p\000r\000i\000n\000t\000C\000o\000s\000t\000\050\000\051\000\040\000[\0002\000/\0003\000]}{subsection.3.1.3}% 12
\BOOKMARK [3][-]{subsubsection.3.1.3.3}{\376\377\0003\000.\0001\000.\0003\000.\0003\000\040\000f\000o\000o\000t\000p\000r\000i\000n\000t\000C\000o\000s\000t\000\050\000\051\000\040\000[\0003\000/\0003\000]}{subsection.3.1.3}% 13
\BOOKMARK [3][-]{subsubsection.3.1.3.4}{\376\377\0003\000.\0001\000.\0003\000.\0004\000\040\000l\000i\000n\000e\000C\000o\000s\000t\000\050\000\051}{subsection.3.1.3}% 14
\BOOKMARK [3][-]{subsubsection.3.1.3.5}{\376\377\0003\000.\0001\000.\0003\000.\0005\000\040\000p\000o\000i\000n\000t\000C\000o\000s\000t\000\050\000\051}{subsection.3.1.3}% 15
\BOOKMARK [1][-]{section.3.2}{\376\377\0003\000.\0002\000\040\000b\000a\000s\000e\000\137\000l\000o\000c\000a\000l\000\137\000p\000l\000a\000n\000n\000e\000r\000:\000:\000F\000o\000o\000t\000p\000r\000i\000n\000t\000H\000e\000l\000p\000e\000r\174\173\000\040\123\302\200\003}{chapter.3}% 16
\BOOKMARK [2][-]{subsection.3.2.1}{\376\377\0003\000.\0002\000.\0001\000\040\142\020\124\130\121\375\145\160\213\364\146\016}{section.3.2}% 17
\BOOKMARK [3][-]{subsubsection.3.2.1.1}{\376\377\0003\000.\0002\000.\0001\000.\0001\000\040\000g\000e\000t\000F\000i\000l\000l\000C\000e\000l\000l\000s\000\050\000\051}{subsection.3.2.1}% 18
\BOOKMARK [3][-]{subsubsection.3.2.1.2}{\376\377\0003\000.\0002\000.\0001\000.\0002\000\040\000g\000e\000t\000F\000o\000o\000t\000p\000r\000i\000n\000t\000C\000e\000l\000l\000s\000\050\000\051}{subsection.3.2.1}% 19
\BOOKMARK [3][-]{subsubsection.3.2.1.3}{\376\377\0003\000.\0002\000.\0001\000.\0003\000\040\000g\000e\000t\000L\000i\000n\000e\000C\000e\000l\000l\000s\000\050\000\051}{subsection.3.2.1}% 20
\BOOKMARK [1][-]{section.3.3}{\376\377\0003\000.\0003\000\040\000b\000a\000s\000e\000\137\000l\000o\000c\000a\000l\000\137\000p\000l\000a\000n\000n\000e\000r\000:\000:\000L\000a\000t\000c\000h\000e\000d\000S\000t\000o\000p\000R\000o\000t\000a\000t\000e\000C\000o\000n\000t\000r\000o\000l\000l\000e\000r\174\173\000\040\123\302\200\003}{chapter.3}% 21
\BOOKMARK [2][-]{subsection.3.3.1}{\376\377\0003\000.\0003\000.\0001\000\040\142\020\124\130\121\375\145\160\213\364\146\016}{section.3.3}% 22
\BOOKMARK [3][-]{subsubsection.3.3.1.1}{\376\377\0003\000.\0003\000.\0001\000.\0001\000\040\000r\000o\000t\000a\000t\000e\000T\000o\000G\000o\000a\000l\000\050\000\051}{subsection.3.3.1}% 23
\BOOKMARK [3][-]{subsubsection.3.3.1.2}{\376\377\0003\000.\0003\000.\0001\000.\0002\000\040\000s\000t\000o\000p\000W\000i\000t\000h\000A\000c\000c\000L\000i\000m\000i\000t\000s\000\050\000\051}{subsection.3.3.1}% 24
\BOOKMARK [1][-]{section.3.4}{\376\377\0003\000.\0004\000\040\000b\000a\000s\000e\000\137\000l\000o\000c\000a\000l\000\137\000p\000l\000a\000n\000n\000e\000r\000:\000:\000L\000i\000n\000e\000I\000t\000e\000r\000a\000t\000o\000r\174\173\000\040\123\302\200\003}{chapter.3}% 25
\BOOKMARK [2][-]{subsection.3.4.1}{\376\377\0003\000.\0004\000.\0001\000\040\213\346\176\306\143\317\217\360}{section.3.4}% 26
\BOOKMARK [1][-]{section.3.5}{\376\377\0003\000.\0005\000\040\000b\000a\000s\000e\000\137\000l\000o\000c\000a\000l\000\137\000p\000l\000a\000n\000n\000e\000r\000:\000:\000L\000o\000c\000a\000l\000P\000l\000a\000n\000n\000e\000r\000L\000i\000m\000i\000t\000s\174\173\000\040\123\302\200\003}{chapter.3}% 27
\BOOKMARK [2][-]{subsection.3.5.1}{\376\377\0003\000.\0005\000.\0001\000\040\142\020\124\130\121\375\145\160\213\364\146\016}{section.3.5}% 28
\BOOKMARK [3][-]{subsubsection.3.5.1.1}{\376\377\0003\000.\0005\000.\0001\000.\0001\000\040\000g\000e\000t\000A\000c\000c\000L\000i\000m\000i\000t\000s\000\050\000\051}{subsection.3.5.1}% 29
\BOOKMARK [1][-]{section.3.6}{\376\377\0003\000.\0006\000\040\000b\000a\000s\000e\000\137\000l\000o\000c\000a\000l\000\137\000p\000l\000a\000n\000n\000e\000r\000:\000:\000L\000o\000c\000a\000l\000P\000l\000a\000n\000n\000e\000r\000U\000t\000i\000l\174\173\000\040\123\302\200\003}{chapter.3}% 30
\BOOKMARK [2][-]{subsection.3.6.1}{\376\377\0003\000.\0006\000.\0001\000\040\213\346\176\306\143\317\217\360}{section.3.6}% 31
\BOOKMARK [1][-]{section.3.7}{\376\377\0003\000.\0007\000\040\000b\000a\000s\000e\000\137\000l\000o\000c\000a\000l\000\137\000p\000l\000a\000n\000n\000e\000r\000:\000:\000M\000a\000p\000C\000e\000l\000l\174\173\000\040\123\302\200\003}{chapter.3}% 32
\BOOKMARK [2][-]{subsection.3.7.1}{\376\377\0003\000.\0007\000.\0001\000\040\213\346\176\306\143\317\217\360}{section.3.7}% 33
\BOOKMARK [2][-]{subsection.3.7.2}{\376\377\0003\000.\0007\000.\0002\000\040\147\204\220\040\123\312\147\220\147\204\121\375\145\160\213\364\146\016}{section.3.7}% 34
\BOOKMARK [3][-]{subsubsection.3.7.2.1}{\376\377\0003\000.\0007\000.\0002\000.\0001\000\040\000M\000a\000p\000C\000e\000l\000l\000\050\000\051}{subsection.3.7.2}% 35
\BOOKMARK [1][-]{section.3.8}{\376\377\0003\000.\0008\000\040\000b\000a\000s\000e\000\137\000l\000o\000c\000a\000l\000\137\000p\000l\000a\000n\000n\000e\000r\000:\000:\000M\000a\000p\000G\000r\000i\000d\174\173\000\040\123\302\200\003}{chapter.3}% 36
\BOOKMARK [2][-]{subsection.3.8.1}{\376\377\0003\000.\0008\000.\0001\000\040\213\346\176\306\143\317\217\360}{section.3.8}% 37
\BOOKMARK [2][-]{subsection.3.8.2}{\376\377\0003\000.\0008\000.\0002\000\040\147\204\220\040\123\312\147\220\147\204\121\375\145\160\213\364\146\016}{section.3.8}% 38
\BOOKMARK [3][-]{subsubsection.3.8.2.1}{\376\377\0003\000.\0008\000.\0002\000.\0001\000\040\000M\000a\000p\000G\000r\000i\000d\000\050\000\051\000\040\000[\0001\000/\0002\000]}{subsection.3.8.2}% 39
\BOOKMARK [3][-]{subsubsection.3.8.2.2}{\376\377\0003\000.\0008\000.\0002\000.\0002\000\040\000M\000a\000p\000G\000r\000i\000d\000\050\000\051\000\040\000[\0002\000/\0002\000]}{subsection.3.8.2}% 40
\BOOKMARK [2][-]{subsection.3.8.3}{\376\377\0003\000.\0008\000.\0003\000\040\142\020\124\130\121\375\145\160\213\364\146\016}{section.3.8}% 41
\BOOKMARK [3][-]{subsubsection.3.8.3.1}{\376\377\0003\000.\0008\000.\0003\000.\0001\000\040\000a\000d\000j\000u\000s\000t\000P\000l\000a\000n\000R\000e\000s\000o\000l\000u\000t\000i\000o\000n\000\050\000\051}{subsection.3.8.3}% 42
\BOOKMARK [3][-]{subsubsection.3.8.3.2}{\376\377\0003\000.\0008\000.\0003\000.\0002\000\040\000c\000o\000m\000p\000u\000t\000e\000G\000o\000a\000l\000D\000i\000s\000t\000a\000n\000c\000e\000\050\000\051}{subsection.3.8.3}% 43
\BOOKMARK [3][-]{subsubsection.3.8.3.3}{\376\377\0003\000.\0008\000.\0003\000.\0003\000\040\000c\000o\000m\000p\000u\000t\000e\000T\000a\000r\000g\000e\000t\000D\000i\000s\000t\000a\000n\000c\000e\000\050\000\051}{subsection.3.8.3}% 44
\BOOKMARK [3][-]{subsubsection.3.8.3.4}{\376\377\0003\000.\0008\000.\0003\000.\0004\000\040\000g\000e\000t\000I\000n\000d\000e\000x\000\050\000\051}{subsection.3.8.3}% 45
\BOOKMARK [3][-]{subsubsection.3.8.3.5}{\376\377\0003\000.\0008\000.\0003\000.\0005\000\040\000o\000b\000s\000t\000a\000c\000l\000e\000C\000o\000s\000t\000s\000\050\000\051}{subsection.3.8.3}% 46
\BOOKMARK [3][-]{subsubsection.3.8.3.6}{\376\377\0003\000.\0008\000.\0003\000.\0006\000\040\000o\000p\000e\000r\000a\000t\000o\000r\000\050\000\051\000\050\000\051\000\040\000[\0001\000/\0002\000]}{subsection.3.8.3}% 47
\BOOKMARK [3][-]{subsubsection.3.8.3.7}{\376\377\0003\000.\0008\000.\0003\000.\0007\000\040\000o\000p\000e\000r\000a\000t\000o\000r\000\050\000\051\000\050\000\051\000\040\000[\0002\000/\0002\000]}{subsection.3.8.3}% 48
\BOOKMARK [3][-]{subsubsection.3.8.3.8}{\376\377\0003\000.\0008\000.\0003\000.\0008\000\040\000o\000p\000e\000r\000a\000t\000o\000r\000=\000\050\000\051}{subsection.3.8.3}% 49
\BOOKMARK [3][-]{subsubsection.3.8.3.9}{\376\377\0003\000.\0008\000.\0003\000.\0009\000\040\000s\000i\000z\000e\000C\000h\000e\000c\000k\000\050\000\051}{subsection.3.8.3}% 50
\BOOKMARK [3][-]{subsubsection.3.8.3.10}{\376\377\0003\000.\0008\000.\0003\000.\0001\0000\000\040\000u\000n\000r\000e\000a\000c\000h\000a\000b\000l\000e\000C\000e\000l\000l\000C\000o\000s\000t\000s\000\050\000\051}{subsection.3.8.3}% 51
\BOOKMARK [3][-]{subsubsection.3.8.3.11}{\376\377\0003\000.\0008\000.\0003\000.\0001\0001\000\040\000u\000p\000d\000a\000t\000e\000P\000a\000t\000h\000C\000e\000l\000l\000\050\000\051}{subsection.3.8.3}% 52
\BOOKMARK [1][-]{section.3.9}{\376\377\0003\000.\0009\000\040\000b\000a\000s\000e\000\137\000l\000o\000c\000a\000l\000\137\000p\000l\000a\000n\000n\000e\000r\000:\000:\000M\000a\000p\000G\000r\000i\000d\000C\000o\000s\000t\000F\000u\000n\000c\000t\000i\000o\000n\174\173\000\040\123\302\200\003}{chapter.3}% 53
\BOOKMARK [2][-]{subsection.3.9.1}{\376\377\0003\000.\0009\000.\0001\000\040\213\346\176\306\143\317\217\360}{section.3.9}% 54
\BOOKMARK [2][-]{subsection.3.9.2}{\376\377\0003\000.\0009\000.\0002\000\040\142\020\124\130\121\375\145\160\213\364\146\016}{section.3.9}% 55
\BOOKMARK [3][-]{subsubsection.3.9.2.1}{\376\377\0003\000.\0009\000.\0002\000.\0001\000\040\000o\000b\000s\000t\000a\000c\000l\000e\000C\000o\000s\000t\000s\000\050\000\051}{subsection.3.9.2}% 56
\BOOKMARK [3][-]{subsubsection.3.9.2.2}{\376\377\0003\000.\0009\000.\0002\000.\0002\000\040\000p\000r\000e\000p\000a\000r\000e\000\050\000\051}{subsection.3.9.2}% 57
\BOOKMARK [3][-]{subsubsection.3.9.2.3}{\376\377\0003\000.\0009\000.\0002\000.\0003\000\040\000s\000c\000o\000r\000e\000T\000r\000a\000j\000e\000c\000t\000o\000r\000y\000\050\000\051}{subsection.3.9.2}% 58
\BOOKMARK [3][-]{subsubsection.3.9.2.4}{\376\377\0003\000.\0009\000.\0002\000.\0004\000\040\000s\000e\000t\000S\000t\000o\000p\000O\000n\000F\000a\000i\000l\000u\000r\000e\000\050\000\051}{subsection.3.9.2}% 59
\BOOKMARK [3][-]{subsubsection.3.9.2.5}{\376\377\0003\000.\0009\000.\0002\000.\0005\000\040\000s\000e\000t\000T\000a\000r\000g\000e\000t\000P\000o\000s\000e\000s\000\050\000\051}{subsection.3.9.2}% 60
\BOOKMARK [3][-]{subsubsection.3.9.2.6}{\376\377\0003\000.\0009\000.\0002\000.\0006\000\040\000u\000n\000r\000e\000a\000c\000h\000a\000b\000l\000e\000C\000e\000l\000l\000C\000o\000s\000t\000s\000\050\000\051}{subsection.3.9.2}% 61
\BOOKMARK [1][-]{section.3.10}{\376\377\0003\000.\0001\0000\000\040\000b\000a\000s\000e\000\137\000l\000o\000c\000a\000l\000\137\000p\000l\000a\000n\000n\000e\000r\000:\000:\000M\000a\000p\000G\000r\000i\000d\000V\000i\000s\000u\000a\000l\000i\000z\000e\000r\174\173\000\040\123\302\200\003}{chapter.3}% 62
\BOOKMARK [2][-]{subsection.3.10.1}{\376\377\0003\000.\0001\0000\000.\0001\000\040\142\020\124\130\121\375\145\160\213\364\146\016}{section.3.10}% 63
\BOOKMARK [3][-]{subsubsection.3.10.1.1}{\376\377\0003\000.\0001\0000\000.\0001\000.\0001\000\040\000i\000n\000i\000t\000i\000a\000l\000i\000z\000e\000\050\000\051}{subsection.3.10.1}% 64
\BOOKMARK [1][-]{section.3.11}{\376\377\0003\000.\0001\0001\000\040\000b\000a\000s\000e\000\137\000l\000o\000c\000a\000l\000\137\000p\000l\000a\000n\000n\000e\000r\000:\000:\000O\000b\000s\000t\000a\000c\000l\000e\000C\000o\000s\000t\000F\000u\000n\000c\000t\000i\000o\000n\174\173\000\040\123\302\200\003}{chapter.3}% 65
\BOOKMARK [2][-]{subsection.3.11.1}{\376\377\0003\000.\0001\0001\000.\0001\000\040\213\346\176\306\143\317\217\360}{section.3.11}% 66
\BOOKMARK [2][-]{subsection.3.11.2}{\376\377\0003\000.\0001\0001\000.\0002\000\040\142\020\124\130\121\375\145\160\213\364\146\016}{section.3.11}% 67
\BOOKMARK [3][-]{subsubsection.3.11.2.1}{\376\377\0003\000.\0001\0001\000.\0002\000.\0001\000\040\000p\000r\000e\000p\000a\000r\000e\000\050\000\051}{subsection.3.11.2}% 68
\BOOKMARK [3][-]{subsubsection.3.11.2.2}{\376\377\0003\000.\0001\0001\000.\0002\000.\0002\000\040\000s\000c\000o\000r\000e\000T\000r\000a\000j\000e\000c\000t\000o\000r\000y\000\050\000\051}{subsection.3.11.2}% 69
\BOOKMARK [1][-]{section.3.12}{\376\377\0003\000.\0001\0002\000\040\000b\000a\000s\000e\000\137\000l\000o\000c\000a\000l\000\137\000p\000l\000a\000n\000n\000e\000r\000:\000:\000O\000d\000o\000m\000e\000t\000r\000y\000H\000e\000l\000p\000e\000r\000R\000o\000s\174\173\000\040\123\302\200\003}{chapter.3}% 70
\BOOKMARK [2][-]{subsection.3.12.1}{\376\377\0003\000.\0001\0002\000.\0001\000\040\147\204\220\040\123\312\147\220\147\204\121\375\145\160\213\364\146\016}{section.3.12}% 71
\BOOKMARK [3][-]{subsubsection.3.12.1.1}{\376\377\0003\000.\0001\0002\000.\0001\000.\0001\000\040\000O\000d\000o\000m\000e\000t\000r\000y\000H\000e\000l\000p\000e\000r\000R\000o\000s\000\050\000\051}{subsection.3.12.1}% 72
\BOOKMARK [2][-]{subsection.3.12.2}{\376\377\0003\000.\0001\0002\000.\0002\000\040\142\020\124\130\121\375\145\160\213\364\146\016}{section.3.12}% 73
\BOOKMARK [3][-]{subsubsection.3.12.2.1}{\376\377\0003\000.\0001\0002\000.\0002\000.\0001\000\040\000o\000d\000o\000m\000C\000a\000l\000l\000b\000a\000c\000k\000\050\000\051}{subsection.3.12.2}% 74
\BOOKMARK [3][-]{subsubsection.3.12.2.2}{\376\377\0003\000.\0001\0002\000.\0002\000.\0002\000\040\000s\000e\000t\000O\000d\000o\000m\000T\000o\000p\000i\000c\000\050\000\051}{subsection.3.12.2}% 75
\BOOKMARK [1][-]{section.3.13}{\376\377\0003\000.\0001\0003\000\040\000b\000a\000s\000e\000\137\000l\000o\000c\000a\000l\000\137\000p\000l\000a\000n\000n\000e\000r\000:\000:\000O\000s\000c\000i\000l\000l\000a\000t\000i\000o\000n\000C\000o\000s\000t\000F\000u\000n\000c\000t\000i\000o\000n\174\173\000\040\123\302\200\003}{chapter.3}% 76
\BOOKMARK [2][-]{subsection.3.13.1}{\376\377\0003\000.\0001\0003\000.\0001\000\040\142\020\124\130\121\375\145\160\213\364\146\016}{section.3.13}% 77
\BOOKMARK [3][-]{subsubsection.3.13.1.1}{\376\377\0003\000.\0001\0003\000.\0001\000.\0001\000\040\000p\000r\000e\000p\000a\000r\000e\000\050\000\051}{subsection.3.13.1}% 78
\BOOKMARK [3][-]{subsubsection.3.13.1.2}{\376\377\0003\000.\0001\0003\000.\0001\000.\0002\000\040\000s\000c\000o\000r\000e\000T\000r\000a\000j\000e\000c\000t\000o\000r\000y\000\050\000\051}{subsection.3.13.1}% 79
\BOOKMARK [1][-]{section.3.14}{\376\377\0003\000.\0001\0004\000\040\000b\000a\000s\000e\000\137\000l\000o\000c\000a\000l\000\137\000p\000l\000a\000n\000n\000e\000r\000:\000:\000P\000l\000a\000n\000a\000r\000L\000a\000s\000e\000r\000S\000c\000a\000n\174\173\000\040\123\302\200\003}{chapter.3}% 80
\BOOKMARK [2][-]{subsection.3.14.1}{\376\377\0003\000.\0001\0004\000.\0001\000\040\213\346\176\306\143\317\217\360}{section.3.14}% 81
\BOOKMARK [1][-]{section.3.15}{\376\377\0003\000.\0001\0005\000\040\000b\000a\000s\000e\000\137\000l\000o\000c\000a\000l\000\137\000p\000l\000a\000n\000n\000e\000r\000:\000:\000P\000o\000i\000n\000t\000G\000r\000i\000d\174\173\000\040\123\302\200\003}{chapter.3}% 82
\BOOKMARK [2][-]{subsection.3.15.1}{\376\377\0003\000.\0001\0005\000.\0001\000\040\213\346\176\306\143\317\217\360}{section.3.15}% 83
\BOOKMARK [2][-]{subsection.3.15.2}{\376\377\0003\000.\0001\0005\000.\0002\000\040\147\204\220\040\123\312\147\220\147\204\121\375\145\160\213\364\146\016}{section.3.15}% 84
\BOOKMARK [3][-]{subsubsection.3.15.2.1}{\376\377\0003\000.\0001\0005\000.\0002\000.\0001\000\040\000P\000o\000i\000n\000t\000G\000r\000i\000d\000\050\000\051}{subsection.3.15.2}% 85
\BOOKMARK [2][-]{subsection.3.15.3}{\376\377\0003\000.\0001\0005\000.\0003\000\040\142\020\124\130\121\375\145\160\213\364\146\016}{section.3.15}% 86
\BOOKMARK [3][-]{subsubsection.3.15.3.1}{\376\377\0003\000.\0001\0005\000.\0003\000.\0001\000\040\000f\000o\000o\000t\000p\000r\000i\000n\000t\000C\000o\000s\000t\000\050\000\051\000\040\000[\0001\000/\0003\000]}{subsection.3.15.3}% 87
\BOOKMARK [3][-]{subsubsection.3.15.3.2}{\376\377\0003\000.\0001\0005\000.\0003\000.\0002\000\040\000f\000o\000o\000t\000p\000r\000i\000n\000t\000C\000o\000s\000t\000\050\000\051\000\040\000[\0002\000/\0003\000]}{subsection.3.15.3}% 88
\BOOKMARK [3][-]{subsubsection.3.15.3.3}{\376\377\0003\000.\0001\0005\000.\0003\000.\0003\000\040\000f\000o\000o\000t\000p\000r\000i\000n\000t\000C\000o\000s\000t\000\050\000\051\000\040\000[\0003\000/\0003\000]}{subsection.3.15.3}% 89
\BOOKMARK [3][-]{subsubsection.3.15.3.4}{\376\377\0003\000.\0001\0005\000.\0003\000.\0004\000\040\000g\000e\000t\000C\000e\000l\000l\000B\000o\000u\000n\000d\000s\000\050\000\051}{subsection.3.15.3}% 90
\BOOKMARK [3][-]{subsubsection.3.15.3.5}{\376\377\0003\000.\0001\0005\000.\0003\000.\0005\000\040\000g\000e\000t\000N\000e\000a\000r\000e\000s\000t\000I\000n\000C\000e\000l\000l\000\050\000\051}{subsection.3.15.3}% 91
\BOOKMARK [3][-]{subsubsection.3.15.3.6}{\376\377\0003\000.\0001\0005\000.\0003\000.\0006\000\040\000g\000e\000t\000P\000o\000i\000n\000t\000s\000\050\000\051}{subsection.3.15.3}% 92
\BOOKMARK [3][-]{subsubsection.3.15.3.7}{\376\377\0003\000.\0001\0005\000.\0003\000.\0007\000\040\000g\000e\000t\000P\000o\000i\000n\000t\000s\000I\000n\000R\000a\000n\000g\000e\000\050\000\051}{subsection.3.15.3}% 93
\BOOKMARK [3][-]{subsubsection.3.15.3.8}{\376\377\0003\000.\0001\0005\000.\0003\000.\0008\000\040\000g\000r\000i\000d\000C\000o\000o\000r\000d\000s\000\050\000\051\000\040\000[\0001\000/\0002\000]}{subsection.3.15.3}% 94
\BOOKMARK [3][-]{subsubsection.3.15.3.9}{\376\377\0003\000.\0001\0005\000.\0003\000.\0009\000\040\000g\000r\000i\000d\000C\000o\000o\000r\000d\000s\000\050\000\051\000\040\000[\0002\000/\0002\000]}{subsection.3.15.3}% 95
\BOOKMARK [3][-]{subsubsection.3.15.3.10}{\376\377\0003\000.\0001\0005\000.\0003\000.\0001\0000\000\040\000g\000r\000i\000d\000I\000n\000d\000e\000x\000\050\000\051}{subsection.3.15.3}% 96
\BOOKMARK [3][-]{subsubsection.3.15.3.11}{\376\377\0003\000.\0001\0005\000.\0003\000.\0001\0001\000\040\000i\000n\000s\000e\000r\000t\000\050\000\051}{subsection.3.15.3}% 97
\BOOKMARK [3][-]{subsubsection.3.15.3.12}{\376\377\0003\000.\0001\0005\000.\0003\000.\0001\0002\000\040\000i\000n\000t\000e\000r\000s\000e\000c\000t\000i\000o\000n\000P\000o\000i\000n\000t\000\050\000\051}{subsection.3.15.3}% 98
\BOOKMARK [3][-]{subsubsection.3.15.3.13}{\376\377\0003\000.\0001\0005\000.\0003\000.\0001\0003\000\040\000n\000e\000a\000r\000e\000s\000t\000N\000e\000i\000g\000h\000b\000o\000r\000D\000i\000s\000t\000a\000n\000c\000e\000\050\000\051}{subsection.3.15.3}% 99
\BOOKMARK [3][-]{subsubsection.3.15.3.14}{\376\377\0003\000.\0001\0005\000.\0003\000.\0001\0004\000\040\000o\000r\000i\000e\000n\000t\000\050\000\051\000\040\000[\0001\000/\0002\000]}{subsection.3.15.3}% 100
\BOOKMARK [3][-]{subsubsection.3.15.3.15}{\376\377\0003\000.\0001\0005\000.\0003\000.\0001\0005\000\040\000o\000r\000i\000e\000n\000t\000\050\000\051\000\040\000[\0002\000/\0002\000]}{subsection.3.15.3}% 101
\BOOKMARK [3][-]{subsubsection.3.15.3.16}{\376\377\0003\000.\0001\0005\000.\0003\000.\0001\0006\000\040\000p\000t\000I\000n\000P\000o\000l\000y\000g\000o\000n\000\050\000\051}{subsection.3.15.3}% 102
\BOOKMARK [3][-]{subsubsection.3.15.3.17}{\376\377\0003\000.\0001\0005\000.\0003\000.\0001\0007\000\040\000p\000t\000I\000n\000S\000c\000a\000n\000\050\000\051}{subsection.3.15.3}% 103
\BOOKMARK [3][-]{subsubsection.3.15.3.18}{\376\377\0003\000.\0001\0005\000.\0003\000.\0001\0008\000\040\000r\000e\000m\000o\000v\000e\000P\000o\000i\000n\000t\000s\000I\000n\000P\000o\000l\000y\000g\000o\000n\000\050\000\051}{subsection.3.15.3}% 104
\BOOKMARK [3][-]{subsubsection.3.15.3.19}{\376\377\0003\000.\0001\0005\000.\0003\000.\0001\0009\000\040\000r\000e\000m\000o\000v\000e\000P\000o\000i\000n\000t\000s\000I\000n\000S\000c\000a\000n\000B\000o\000u\000n\000d\000r\000y\000\050\000\051}{subsection.3.15.3}% 105
\BOOKMARK [3][-]{subsubsection.3.15.3.20}{\376\377\0003\000.\0001\0005\000.\0003\000.\0002\0000\000\040\000s\000e\000g\000I\000n\000t\000e\000r\000s\000e\000c\000t\000\050\000\051}{subsection.3.15.3}% 106
\BOOKMARK [3][-]{subsubsection.3.15.3.21}{\376\377\0003\000.\0001\0005\000.\0003\000.\0002\0001\000\040\000s\000q\000\137\000d\000i\000s\000t\000a\000n\000c\000e\000\050\000\051}{subsection.3.15.3}% 107
\BOOKMARK [3][-]{subsubsection.3.15.3.22}{\376\377\0003\000.\0001\0005\000.\0003\000.\0002\0002\000\040\000u\000p\000d\000a\000t\000e\000W\000o\000r\000l\000d\000\050\000\051}{subsection.3.15.3}% 108
\BOOKMARK [1][-]{section.3.16}{\376\377\0003\000.\0001\0006\000\040\000b\000a\000s\000e\000\137\000l\000o\000c\000a\000l\000\137\000p\000l\000a\000n\000n\000e\000r\000:\000:\000P\000r\000e\000f\000e\000r\000F\000o\000r\000w\000a\000r\000d\000C\000o\000s\000t\000F\000u\000n\000c\000t\000i\000o\000n\174\173\000\040\123\302\200\003}{chapter.3}% 109
\BOOKMARK [2][-]{subsection.3.16.1}{\376\377\0003\000.\0001\0006\000.\0001\000\040\142\020\124\130\121\375\145\160\213\364\146\016}{section.3.16}% 110
\BOOKMARK [3][-]{subsubsection.3.16.1.1}{\376\377\0003\000.\0001\0006\000.\0001\000.\0001\000\040\000p\000r\000e\000p\000a\000r\000e\000\050\000\051}{subsection.3.16.1}% 111
\BOOKMARK [3][-]{subsubsection.3.16.1.2}{\376\377\0003\000.\0001\0006\000.\0001\000.\0002\000\040\000s\000c\000o\000r\000e\000T\000r\000a\000j\000e\000c\000t\000o\000r\000y\000\050\000\051}{subsection.3.16.1}% 112
\BOOKMARK [1][-]{section.3.17}{\376\377\0003\000.\0001\0007\000\040\000b\000a\000s\000e\000\137\000l\000o\000c\000a\000l\000\137\000p\000l\000a\000n\000n\000e\000r\000:\000:\000S\000i\000m\000p\000l\000e\000S\000c\000o\000r\000e\000d\000S\000a\000m\000p\000l\000i\000n\000g\000P\000l\000a\000n\000n\000e\000r\174\173\000\040\123\302\200\003}{chapter.3}% 113
\BOOKMARK [2][-]{subsection.3.17.1}{\376\377\0003\000.\0001\0007\000.\0001\000\040\213\346\176\306\143\317\217\360}{section.3.17}% 114
\BOOKMARK [2][-]{subsection.3.17.2}{\376\377\0003\000.\0001\0007\000.\0002\000\040\147\204\220\040\123\312\147\220\147\204\121\375\145\160\213\364\146\016}{section.3.17}% 115
\BOOKMARK [3][-]{subsubsection.3.17.2.1}{\376\377\0003\000.\0001\0007\000.\0002\000.\0001\000\040\000S\000i\000m\000p\000l\000e\000S\000c\000o\000r\000e\000d\000S\000a\000m\000p\000l\000i\000n\000g\000P\000l\000a\000n\000n\000e\000r\000\050\000\051}{subsection.3.17.2}% 116
\BOOKMARK [2][-]{subsection.3.17.3}{\376\377\0003\000.\0001\0007\000.\0003\000\040\142\020\124\130\121\375\145\160\213\364\146\016}{section.3.17}% 117
\BOOKMARK [3][-]{subsubsection.3.17.3.1}{\376\377\0003\000.\0001\0007\000.\0003\000.\0001\000\040\000f\000i\000n\000d\000B\000e\000s\000t\000T\000r\000a\000j\000e\000c\000t\000o\000r\000y\000\050\000\051}{subsection.3.17.3}% 118
\BOOKMARK [3][-]{subsubsection.3.17.3.2}{\376\377\0003\000.\0001\0007\000.\0003\000.\0002\000\040\000s\000c\000o\000r\000e\000T\000r\000a\000j\000e\000c\000t\000o\000r\000y\000\050\000\051}{subsection.3.17.3}% 119
\BOOKMARK [1][-]{section.3.18}{\376\377\0003\000.\0001\0008\000\040\000b\000a\000s\000e\000\137\000l\000o\000c\000a\000l\000\137\000p\000l\000a\000n\000n\000e\000r\000:\000:\000S\000i\000m\000p\000l\000e\000T\000r\000a\000j\000e\000c\000t\000o\000r\000y\000G\000e\000n\000e\000r\000a\000t\000o\000r\174\173\000\040\123\302\200\003}{chapter.3}% 120
\BOOKMARK [2][-]{subsection.3.18.1}{\376\377\0003\000.\0001\0008\000.\0001\000\040\213\346\176\306\143\317\217\360}{section.3.18}% 121
\BOOKMARK [2][-]{subsection.3.18.2}{\376\377\0003\000.\0001\0008\000.\0002\000\040\142\020\124\130\121\375\145\160\213\364\146\016}{section.3.18}% 122
\BOOKMARK [3][-]{subsubsection.3.18.2.1}{\376\377\0003\000.\0001\0008\000.\0002\000.\0001\000\040\000h\000a\000s\000M\000o\000r\000e\000T\000r\000a\000j\000e\000c\000t\000o\000r\000i\000e\000s\000\050\000\051}{subsection.3.18.2}% 123
\BOOKMARK [3][-]{subsubsection.3.18.2.2}{\376\377\0003\000.\0001\0008\000.\0002\000.\0002\000\040\000i\000n\000i\000t\000i\000a\000l\000i\000s\000e\000\050\000\051\000\040\000[\0001\000/\0002\000]}{subsection.3.18.2}% 124
\BOOKMARK [3][-]{subsubsection.3.18.2.3}{\376\377\0003\000.\0001\0008\000.\0002\000.\0003\000\040\000i\000n\000i\000t\000i\000a\000l\000i\000s\000e\000\050\000\051\000\040\000[\0002\000/\0002\000]}{subsection.3.18.2}% 125
\BOOKMARK [3][-]{subsubsection.3.18.2.4}{\376\377\0003\000.\0001\0008\000.\0002\000.\0004\000\040\000n\000e\000x\000t\000T\000r\000a\000j\000e\000c\000t\000o\000r\000y\000\050\000\051}{subsection.3.18.2}% 126
\BOOKMARK [3][-]{subsubsection.3.18.2.5}{\376\377\0003\000.\0001\0008\000.\0002\000.\0005\000\040\000s\000e\000t\000P\000a\000r\000a\000m\000e\000t\000e\000r\000s\000\050\000\051}{subsection.3.18.2}% 127
\BOOKMARK [1][-]{section.3.19}{\376\377\0003\000.\0001\0009\000\040\000b\000a\000s\000e\000\137\000l\000o\000c\000a\000l\000\137\000p\000l\000a\000n\000n\000e\000r\000:\000:\000T\000r\000a\000j\000e\000c\000t\000o\000r\000y\174\173\000\040\123\302\200\003}{chapter.3}% 128
\BOOKMARK [2][-]{subsection.3.19.1}{\376\377\0003\000.\0001\0009\000.\0001\000\040\213\346\176\306\143\317\217\360}{section.3.19}% 129
\BOOKMARK [2][-]{subsection.3.19.2}{\376\377\0003\000.\0001\0009\000.\0002\000\040\147\204\220\040\123\312\147\220\147\204\121\375\145\160\213\364\146\016}{section.3.19}% 130
\BOOKMARK [3][-]{subsubsection.3.19.2.1}{\376\377\0003\000.\0001\0009\000.\0002\000.\0001\000\040\000T\000r\000a\000j\000e\000c\000t\000o\000r\000y\000\050\000\051}{subsection.3.19.2}% 131
\BOOKMARK [2][-]{subsection.3.19.3}{\376\377\0003\000.\0001\0009\000.\0003\000\040\142\020\124\130\121\375\145\160\213\364\146\016}{section.3.19}% 132
\BOOKMARK [3][-]{subsubsection.3.19.3.1}{\376\377\0003\000.\0001\0009\000.\0003\000.\0001\000\040\000a\000d\000d\000P\000o\000i\000n\000t\000\050\000\051}{subsection.3.19.3}% 133
\BOOKMARK [3][-]{subsubsection.3.19.3.2}{\376\377\0003\000.\0001\0009\000.\0003\000.\0002\000\040\000g\000e\000t\000E\000n\000d\000p\000o\000i\000n\000t\000\050\000\051}{subsection.3.19.3}% 134
\BOOKMARK [3][-]{subsubsection.3.19.3.3}{\376\377\0003\000.\0001\0009\000.\0003\000.\0003\000\040\000g\000e\000t\000P\000o\000i\000n\000t\000\050\000\051}{subsection.3.19.3}% 135
\BOOKMARK [3][-]{subsubsection.3.19.3.4}{\376\377\0003\000.\0001\0009\000.\0003\000.\0004\000\040\000g\000e\000t\000P\000o\000i\000n\000t\000s\000S\000i\000z\000e\000\050\000\051}{subsection.3.19.3}% 136
\BOOKMARK [3][-]{subsubsection.3.19.3.5}{\376\377\0003\000.\0001\0009\000.\0003\000.\0005\000\040\000s\000e\000t\000P\000o\000i\000n\000t\000\050\000\051}{subsection.3.19.3}% 137
\BOOKMARK [1][-]{section.3.20}{\376\377\0003\000.\0002\0000\000\040\000b\000a\000s\000e\000\137\000l\000o\000c\000a\000l\000\137\000p\000l\000a\000n\000n\000e\000r\000:\000:\000T\000r\000a\000j\000e\000c\000t\000o\000r\000y\000C\000o\000s\000t\000F\000u\000n\000c\000t\000i\000o\000n\174\173\000\040\123\302\200\003}{chapter.3}% 138
\BOOKMARK [2][-]{subsection.3.20.1}{\376\377\0003\000.\0002\0000\000.\0001\000\040\213\346\176\306\143\317\217\360}{section.3.20}% 139
\BOOKMARK [2][-]{subsection.3.20.2}{\376\377\0003\000.\0002\0000\000.\0002\000\040\142\020\124\130\121\375\145\160\213\364\146\016}{section.3.20}% 140
\BOOKMARK [3][-]{subsubsection.3.20.2.1}{\376\377\0003\000.\0002\0000\000.\0002\000.\0001\000\040\000p\000r\000e\000p\000a\000r\000e\000\050\000\051}{subsection.3.20.2}% 141
\BOOKMARK [3][-]{subsubsection.3.20.2.2}{\376\377\0003\000.\0002\0000\000.\0002\000.\0002\000\040\000s\000c\000o\000r\000e\000T\000r\000a\000j\000e\000c\000t\000o\000r\000y\000\050\000\051}{subsection.3.20.2}% 142
\BOOKMARK [1][-]{section.3.21}{\376\377\0003\000.\0002\0001\000\040\000b\000a\000s\000e\000\137\000l\000o\000c\000a\000l\000\137\000p\000l\000a\000n\000n\000e\000r\000:\000:\000T\000r\000a\000j\000e\000c\000t\000o\000r\000y\000P\000l\000a\000n\000n\000e\000r\174\173\000\040\123\302\200\003}{chapter.3}% 143
\BOOKMARK [2][-]{subsection.3.21.1}{\376\377\0003\000.\0002\0001\000.\0001\000\040\213\346\176\306\143\317\217\360}{section.3.21}% 144
\BOOKMARK [2][-]{subsection.3.21.2}{\376\377\0003\000.\0002\0001\000.\0002\000\040\147\204\220\040\123\312\147\220\147\204\121\375\145\160\213\364\146\016}{section.3.21}% 145
\BOOKMARK [3][-]{subsubsection.3.21.2.1}{\376\377\0003\000.\0002\0001\000.\0002\000.\0001\000\040\000T\000r\000a\000j\000e\000c\000t\000o\000r\000y\000P\000l\000a\000n\000n\000e\000r\000\050\000\051}{subsection.3.21.2}% 146
\BOOKMARK [2][-]{subsection.3.21.3}{\376\377\0003\000.\0002\0001\000.\0003\000\040\142\020\124\130\121\375\145\160\213\364\146\016}{section.3.21}% 147
\BOOKMARK [3][-]{subsubsection.3.21.3.1}{\376\377\0003\000.\0002\0001\000.\0003\000.\0001\000\040\000c\000h\000e\000c\000k\000T\000r\000a\000j\000e\000c\000t\000o\000r\000y\000\050\000\051}{subsection.3.21.3}% 148
\BOOKMARK [3][-]{subsubsection.3.21.3.2}{\376\377\0003\000.\0002\0001\000.\0003\000.\0002\000\040\000f\000i\000n\000d\000B\000e\000s\000t\000P\000a\000t\000h\000\050\000\051}{subsection.3.21.3}% 149
\BOOKMARK [3][-]{subsubsection.3.21.3.3}{\376\377\0003\000.\0002\0001\000.\0003\000.\0003\000\040\000g\000e\000t\000C\000e\000l\000l\000C\000o\000s\000t\000s\000\050\000\051}{subsection.3.21.3}% 150
\BOOKMARK [3][-]{subsubsection.3.21.3.4}{\376\377\0003\000.\0002\0001\000.\0003\000.\0004\000\040\000g\000e\000t\000L\000o\000c\000a\000l\000G\000o\000a\000l\000\050\000\051}{subsection.3.21.3}% 151
\BOOKMARK [3][-]{subsubsection.3.21.3.5}{\376\377\0003\000.\0002\0001\000.\0003\000.\0005\000\040\000s\000c\000o\000r\000e\000T\000r\000a\000j\000e\000c\000t\000o\000r\000y\000\050\000\051}{subsection.3.21.3}% 152
\BOOKMARK [3][-]{subsubsection.3.21.3.6}{\376\377\0003\000.\0002\0001\000.\0003\000.\0006\000\040\000u\000p\000d\000a\000t\000e\000P\000l\000a\000n\000\050\000\051}{subsection.3.21.3}% 153
\BOOKMARK [1][-]{section.3.22}{\376\377\0003\000.\0002\0002\000\040\000b\000a\000s\000e\000\137\000l\000o\000c\000a\000l\000\137\000p\000l\000a\000n\000n\000e\000r\000:\000:\000T\000r\000a\000j\000e\000c\000t\000o\000r\000y\000P\000l\000a\000n\000n\000e\000r\000R\000O\000S\174\173\000\040\123\302\200\003}{chapter.3}% 154
\BOOKMARK [2][-]{subsection.3.22.1}{\376\377\0003\000.\0002\0002\000.\0001\000\040\213\346\176\306\143\317\217\360}{section.3.22}% 155
\BOOKMARK [2][-]{subsection.3.22.2}{\376\377\0003\000.\0002\0002\000.\0002\000\040\147\204\220\040\123\312\147\220\147\204\121\375\145\160\213\364\146\016}{section.3.22}% 156
\BOOKMARK [3][-]{subsubsection.3.22.2.1}{\376\377\0003\000.\0002\0002\000.\0002\000.\0001\000\040\000T\000r\000a\000j\000e\000c\000t\000o\000r\000y\000P\000l\000a\000n\000n\000e\000r\000R\000O\000S\000\050\000\051}{subsection.3.22.2}% 157
\BOOKMARK [2][-]{subsection.3.22.3}{\376\377\0003\000.\0002\0002\000.\0003\000\040\142\020\124\130\121\375\145\160\213\364\146\016}{section.3.22}% 158
\BOOKMARK [3][-]{subsubsection.3.22.3.1}{\376\377\0003\000.\0002\0002\000.\0003\000.\0001\000\040\000c\000h\000e\000c\000k\000T\000r\000a\000j\000e\000c\000t\000o\000r\000y\000\050\000\051}{subsection.3.22.3}% 159
\BOOKMARK [3][-]{subsubsection.3.22.3.2}{\376\377\0003\000.\0002\0002\000.\0003\000.\0002\000\040\000c\000o\000m\000p\000u\000t\000e\000V\000e\000l\000o\000c\000i\000t\000y\000C\000o\000m\000m\000a\000n\000d\000s\000\050\000\051}{subsection.3.22.3}% 160
\BOOKMARK [3][-]{subsubsection.3.22.3.3}{\376\377\0003\000.\0002\0002\000.\0003\000.\0003\000\040\000i\000n\000i\000t\000i\000a\000l\000i\000z\000e\000\050\000\051}{subsection.3.22.3}% 161
\BOOKMARK [3][-]{subsubsection.3.22.3.4}{\376\377\0003\000.\0002\0002\000.\0003\000.\0004\000\040\000i\000s\000G\000o\000a\000l\000R\000e\000a\000c\000h\000e\000d\000\050\000\051}{subsection.3.22.3}% 162
\BOOKMARK [3][-]{subsubsection.3.22.3.5}{\376\377\0003\000.\0002\0002\000.\0003\000.\0005\000\040\000s\000c\000o\000r\000e\000T\000r\000a\000j\000e\000c\000t\000o\000r\000y\000\050\000\051}{subsection.3.22.3}% 163
\BOOKMARK [3][-]{subsubsection.3.22.3.6}{\376\377\0003\000.\0002\0002\000.\0003\000.\0006\000\040\000s\000e\000t\000P\000l\000a\000n\000\050\000\051}{subsection.3.22.3}% 164
\BOOKMARK [1][-]{section.3.23}{\376\377\0003\000.\0002\0003\000\040\000b\000a\000s\000e\000\137\000l\000o\000c\000a\000l\000\137\000p\000l\000a\000n\000n\000e\000r\000:\000:\000T\000r\000a\000j\000e\000c\000t\000o\000r\000y\000S\000a\000m\000p\000l\000e\000G\000e\000n\000e\000r\000a\000t\000o\000r\174\173\000\040\123\302\200\003}{chapter.3}% 165
\BOOKMARK [2][-]{subsection.3.23.1}{\376\377\0003\000.\0002\0003\000.\0001\000\040\213\346\176\306\143\317\217\360}{section.3.23}% 166
\BOOKMARK [2][-]{subsection.3.23.2}{\376\377\0003\000.\0002\0003\000.\0002\000\040\142\020\124\130\121\375\145\160\213\364\146\016}{section.3.23}% 167
\BOOKMARK [3][-]{subsubsection.3.23.2.1}{\376\377\0003\000.\0002\0003\000.\0002\000.\0001\000\040\000h\000a\000s\000M\000o\000r\000e\000T\000r\000a\000j\000e\000c\000t\000o\000r\000i\000e\000s\000\050\000\051}{subsection.3.23.2}% 168
\BOOKMARK [3][-]{subsubsection.3.23.2.2}{\376\377\0003\000.\0002\0003\000.\0002\000.\0002\000\040\000n\000e\000x\000t\000T\000r\000a\000j\000e\000c\000t\000o\000r\000y\000\050\000\051}{subsection.3.23.2}% 169
\BOOKMARK [1][-]{section.3.24}{\376\377\0003\000.\0002\0004\000\040\000b\000a\000s\000e\000\137\000l\000o\000c\000a\000l\000\137\000p\000l\000a\000n\000n\000e\000r\000:\000:\000T\000r\000a\000j\000e\000c\000t\000o\000r\000y\000S\000e\000a\000r\000c\000h\174\173\000\040\123\302\200\003}{chapter.3}% 170
\BOOKMARK [2][-]{subsection.3.24.1}{\376\377\0003\000.\0002\0004\000.\0001\000\040\213\346\176\306\143\317\217\360}{section.3.24}% 171
\BOOKMARK [2][-]{subsection.3.24.2}{\376\377\0003\000.\0002\0004\000.\0002\000\040\142\020\124\130\121\375\145\160\213\364\146\016}{section.3.24}% 172
\BOOKMARK [3][-]{subsubsection.3.24.2.1}{\376\377\0003\000.\0002\0004\000.\0002\000.\0001\000\040\000f\000i\000n\000d\000B\000e\000s\000t\000T\000r\000a\000j\000e\000c\000t\000o\000r\000y\000\050\000\051}{subsection.3.24.2}% 173
\BOOKMARK [1][-]{section.3.25}{\376\377\0003\000.\0002\0005\000\040\000b\000a\000s\000e\000\137\000l\000o\000c\000a\000l\000\137\000p\000l\000a\000n\000n\000e\000r\000:\000:\000T\000w\000i\000r\000l\000i\000n\000g\000C\000o\000s\000t\000F\000u\000n\000c\000t\000i\000o\000n\174\173\000\040\123\302\200\003}{chapter.3}% 174
\BOOKMARK [2][-]{subsection.3.25.1}{\376\377\0003\000.\0002\0005\000.\0001\000\040\213\346\176\306\143\317\217\360}{section.3.25}% 175
\BOOKMARK [2][-]{subsection.3.25.2}{\376\377\0003\000.\0002\0005\000.\0002\000\040\142\020\124\130\121\375\145\160\213\364\146\016}{section.3.25}% 176
\BOOKMARK [3][-]{subsubsection.3.25.2.1}{\376\377\0003\000.\0002\0005\000.\0002\000.\0001\000\040\000p\000r\000e\000p\000a\000r\000e\000\050\000\051}{subsection.3.25.2}% 177
\BOOKMARK [3][-]{subsubsection.3.25.2.2}{\376\377\0003\000.\0002\0005\000.\0002\000.\0002\000\040\000s\000c\000o\000r\000e\000T\000r\000a\000j\000e\000c\000t\000o\000r\000y\000\050\000\051}{subsection.3.25.2}% 178
\BOOKMARK [1][-]{section.3.26}{\376\377\0003\000.\0002\0006\000\040\000b\000a\000s\000e\000\137\000l\000o\000c\000a\000l\000\137\000p\000l\000a\000n\000n\000e\000r\000:\000:\000V\000e\000l\000o\000c\000i\000t\000y\000I\000t\000e\000r\000a\000t\000o\000r\174\173\000\040\123\302\200\003}{chapter.3}% 179
\BOOKMARK [2][-]{subsection.3.26.1}{\376\377\0003\000.\0002\0006\000.\0001\000\040\213\346\176\306\143\317\217\360}{section.3.26}% 180
\BOOKMARK [1][-]{section.3.27}{\376\377\0003\000.\0002\0007\000\040\000b\000a\000s\000e\000\137\000l\000o\000c\000a\000l\000\137\000p\000l\000a\000n\000n\000e\000r\000:\000:\000V\000o\000x\000e\000l\000G\000r\000i\000d\000M\000o\000d\000e\000l\174\173\000\040\123\302\200\003}{chapter.3}% 181
\BOOKMARK [2][-]{subsection.3.27.1}{\376\377\0003\000.\0002\0007\000.\0001\000\040\213\346\176\306\143\317\217\360}{section.3.27}% 182
\BOOKMARK [2][-]{subsection.3.27.2}{\376\377\0003\000.\0002\0007\000.\0002\000\040\147\204\220\040\123\312\147\220\147\204\121\375\145\160\213\364\146\016}{section.3.27}% 183
\BOOKMARK [3][-]{subsubsection.3.27.2.1}{\376\377\0003\000.\0002\0007\000.\0002\000.\0001\000\040\000V\000o\000x\000e\000l\000G\000r\000i\000d\000M\000o\000d\000e\000l\000\050\000\051}{subsection.3.27.2}% 184
\BOOKMARK [2][-]{subsection.3.27.3}{\376\377\0003\000.\0002\0007\000.\0003\000\040\142\020\124\130\121\375\145\160\213\364\146\016}{section.3.27}% 185
\BOOKMARK [3][-]{subsubsection.3.27.3.1}{\376\377\0003\000.\0002\0007\000.\0003\000.\0001\000\040\000f\000o\000o\000t\000p\000r\000i\000n\000t\000C\000o\000s\000t\000\050\000\051\000\040\000[\0001\000/\0003\000]}{subsection.3.27.3}% 186
\BOOKMARK [3][-]{subsubsection.3.27.3.2}{\376\377\0003\000.\0002\0007\000.\0003\000.\0002\000\040\000f\000o\000o\000t\000p\000r\000i\000n\000t\000C\000o\000s\000t\000\050\000\051\000\040\000[\0002\000/\0003\000]}{subsection.3.27.3}% 187
\BOOKMARK [3][-]{subsubsection.3.27.3.3}{\376\377\0003\000.\0002\0007\000.\0003\000.\0003\000\040\000f\000o\000o\000t\000p\000r\000i\000n\000t\000C\000o\000s\000t\000\050\000\051\000\040\000[\0003\000/\0003\000]}{subsection.3.27.3}% 188
\BOOKMARK [3][-]{subsubsection.3.27.3.4}{\376\377\0003\000.\0002\0007\000.\0003\000.\0004\000\040\000g\000e\000t\000P\000o\000i\000n\000t\000s\000\050\000\051}{subsection.3.27.3}% 189
\BOOKMARK [3][-]{subsubsection.3.27.3.5}{\376\377\0003\000.\0002\0007\000.\0003\000.\0005\000\040\000u\000p\000d\000a\000t\000e\000W\000o\000r\000l\000d\000\050\000\051}{subsection.3.27.3}% 190
\BOOKMARK [1][-]{section.3.28}{\376\377\0003\000.\0002\0008\000\040\000b\000a\000s\000e\000\137\000l\000o\000c\000a\000l\000\137\000p\000l\000a\000n\000n\000e\000r\000:\000:\000W\000a\000v\000e\000f\000r\000o\000n\000t\000M\000a\000p\000A\000c\000c\000e\000s\000s\000o\000r\174\173\000\040\123\302\200\003}{chapter.3}% 191
\BOOKMARK [2][-]{subsection.3.28.1}{\376\377\0003\000.\0002\0008\000.\0001\000\040\213\346\176\306\143\317\217\360}{section.3.28}% 192
\BOOKMARK [1][-]{section.3.29}{\376\377\0003\000.\0002\0009\000\040\000b\000a\000s\000e\000\137\000l\000o\000c\000a\000l\000\137\000p\000l\000a\000n\000n\000e\000r\000:\000:\000W\000o\000r\000l\000d\000M\000o\000d\000e\000l\174\173\000\040\123\302\200\003}{chapter.3}% 193
\BOOKMARK [2][-]{subsection.3.29.1}{\376\377\0003\000.\0002\0009\000.\0001\000\040\213\346\176\306\143\317\217\360}{section.3.29}% 194
\BOOKMARK [2][-]{subsection.3.29.2}{\376\377\0003\000.\0002\0009\000.\0002\000\040\142\020\124\130\121\375\145\160\213\364\146\016}{section.3.29}% 195
\BOOKMARK [3][-]{subsubsection.3.29.2.1}{\376\377\0003\000.\0002\0009\000.\0002\000.\0001\000\040\000f\000o\000o\000t\000p\000r\000i\000n\000t\000C\000o\000s\000t\000\050\000\051\000\040\000[\0001\000/\0002\000]}{subsection.3.29.2}% 196
\BOOKMARK [3][-]{subsubsection.3.29.2.2}{\376\377\0003\000.\0002\0009\000.\0002\000.\0002\000\040\000f\000o\000o\000t\000p\000r\000i\000n\000t\000C\000o\000s\000t\000\050\000\051\000\040\000[\0002\000/\0002\000]}{subsection.3.29.2}% 197
\BOOKMARK [0][-]{section*.61}{\376\377\000I\000n\000d\000e\000x}{}% 198
