This file contains any messages produced by compilers while
running configure, to aid debugging if configure makes a mistake.

It was created by CoinHSL configure 2.2.0, which was
generated by GNU Autoconf 2.69.  Invocation command line was

  $ ./configure 

## --------- ##
## Platform. ##
## --------- ##

hostname = wu
uname -m = x86_64
uname -r = 5.4.0-72-generic
uname -s = Linux
uname -v = #80~18.04.1-Ubuntu SMP Mon Apr 12 23:26:25 UTC 2021

/usr/bin/uname -p = unknown
/bin/uname -X     = unknown

/bin/arch              = unknown
/usr/bin/arch -k       = unknown
/usr/convex/getsysinfo = unknown
/usr/bin/hostinfo      = unknown
/bin/machine           = unknown
/usr/bin/oslevel       = unknown
/bin/universe          = unknown

PATH: /opt/ros/melodic/bin
PATH: /usr/local/sbin
PATH: /usr/local/bin
PATH: /usr/sbin
PATH: /usr/bin
PATH: /sbin
PATH: /bin
PATH: /usr/games
PATH: /usr/local/games
PATH: /snap/bin


## ----------- ##
## Core tests. ##
## ----------- ##

configure:2483: checking build system type
configure:2497: result: x86_64-pc-linux-gnu
configure:2617: checking host system type
configure:2630: result: x86_64-pc-linux-gnu
configure:2666: checking for a BSD-compatible install
configure:2734: result: /usr/bin/install -c
configure:2745: checking whether build environment is sane
configure:2800: result: yes
configure:2951: checking for a thread-safe mkdir -p
configure:2990: result: /bin/mkdir -p
configure:2997: checking for gawk
configure:3027: result: no
configure:2997: checking for mawk
configure:3013: found /usr/bin/mawk
configure:3024: result: mawk
configure:3035: checking whether make sets $(MAKE)
configure:3057: result: yes
configure:3134: checking whether make supports nested variables
configure:3151: result: yes
configure:3164: checking whether to enable maintainer-specific portions of Makefiles
configure:3173: result: no
configure:3341: checking whether make supports the include directive
configure:3356: make -f confmf.GNU && cat confinc.out
this is the am__doit target
configure:3359: $? = 0
configure:3378: result: yes (GNU style)
configure:3512: checking for gcc
configure:3528: found /usr/bin/gcc
configure:3539: result: gcc
configure:3570: checking for C compiler version
configure:3579: gcc --version >&5
gcc (Ubuntu 7.5.0-3ubuntu1~18.04) 7.5.0
Copyright (C) 2017 Free Software Foundation, Inc.
This is free software; see the source for copying conditions.  There is NO
warranty; not even for MERCHANTABILITY or FITNESS FOR A PARTICULAR PURPOSE.

configure:3590: $? = 0
configure:3579: gcc -v >&5
Using built-in specs.
COLLECT_GCC=gcc
COLLECT_LTO_WRAPPER=/usr/lib/gcc/x86_64-linux-gnu/7/lto-wrapper
OFFLOAD_TARGET_NAMES=nvptx-none
OFFLOAD_TARGET_DEFAULT=1
Target: x86_64-linux-gnu
Configured with: ../src/configure -v --with-pkgversion='Ubuntu 7.5.0-3ubuntu1~18.04' --with-bugurl=file:///usr/share/doc/gcc-7/README.Bugs --enable-languages=c,ada,c++,go,brig,d,fortran,objc,obj-c++ --prefix=/usr --with-gcc-major-version-only --program-suffix=-7 --program-prefix=x86_64-linux-gnu- --enable-shared --enable-linker-build-id --libexecdir=/usr/lib --without-included-gettext --enable-threads=posix --libdir=/usr/lib --enable-nls --enable-bootstrap --enable-clocale=gnu --enable-libstdcxx-debug --enable-libstdcxx-time=yes --with-default-libstdcxx-abi=new --enable-gnu-unique-object --disable-vtable-verify --enable-libmpx --enable-plugin --enable-default-pie --with-system-zlib --with-target-system-zlib --enable-objc-gc=auto --enable-multiarch --disable-werror --with-arch-32=i686 --with-abi=m64 --with-multilib-list=m32,m64,mx32 --enable-multilib --with-tune=generic --enable-offload-targets=nvptx-none --without-cuda-driver --enable-checking=release --build=x86_64-linux-gnu --host=x86_64-linux-gnu --target=x86_64-linux-gnu
Thread model: posix
gcc version 7.5.0 (Ubuntu 7.5.0-3ubuntu1~18.04) 
configure:3590: $? = 0
configure:3579: gcc -V >&5
gcc: error: unrecognized command line option '-V'
gcc: fatal error: no input files
compilation terminated.
configure:3590: $? = 1
configure:3579: gcc -qversion >&5
gcc: error: unrecognized command line option '-qversion'; did you mean '--version'?
gcc: fatal error: no input files
compilation terminated.
configure:3590: $? = 1
configure:3610: checking whether the C compiler works
configure:3632: gcc -O2 -DNDEBUG    conftest.c  >&5
configure:3636: $? = 0
configure:3684: result: yes
configure:3687: checking for C compiler default output file name
configure:3689: result: a.out
configure:3695: checking for suffix of executables
configure:3702: gcc -o conftest -O2 -DNDEBUG    conftest.c  >&5
configure:3706: $? = 0
configure:3728: result: 
configure:3750: checking whether we are cross compiling
configure:3758: gcc -o conftest -O2 -DNDEBUG    conftest.c  >&5
configure:3762: $? = 0
configure:3769: ./conftest
configure:3773: $? = 0
configure:3788: result: no
configure:3793: checking for suffix of object files
configure:3815: gcc -c -O2 -DNDEBUG   conftest.c >&5
configure:3819: $? = 0
configure:3840: result: o
configure:3844: checking whether we are using the GNU C compiler
configure:3863: gcc -c -O2 -DNDEBUG   conftest.c >&5
configure:3863: $? = 0
configure:3872: result: yes
configure:3881: checking whether gcc accepts -g
configure:3901: gcc -c -g  conftest.c >&5
configure:3901: $? = 0
configure:3942: result: yes
configure:3959: checking for gcc option to accept ISO C89
configure:4022: gcc  -c -O2 -DNDEBUG   conftest.c >&5
configure:4022: $? = 0
configure:4035: result: none needed
configure:4060: checking whether gcc understands -c and -o together
configure:4082: gcc -c conftest.c -o conftest2.o
configure:4085: $? = 0
configure:4082: gcc -c conftest.c -o conftest2.o
configure:4085: $? = 0
configure:4097: result: yes
configure:4116: checking dependency style of gcc
configure:4227: result: gcc3
configure:4374: checking for gfortran
configure:4390: found /usr/bin/gfortran
configure:4401: result: gfortran
configure:4427: checking for Fortran 77 compiler version
configure:4436: gfortran --version >&5
GNU Fortran (Ubuntu 7.5.0-3ubuntu1~18.04) 7.5.0
Copyright (C) 2017 Free Software Foundation, Inc.
This is free software; see the source for copying conditions.  There is NO
warranty; not even for MERCHANTABILITY or FITNESS FOR A PARTICULAR PURPOSE.

configure:4447: $? = 0
configure:4436: gfortran -v >&5
Using built-in specs.
COLLECT_GCC=gfortran
COLLECT_LTO_WRAPPER=/usr/lib/gcc/x86_64-linux-gnu/7/lto-wrapper
OFFLOAD_TARGET_NAMES=nvptx-none
OFFLOAD_TARGET_DEFAULT=1
Target: x86_64-linux-gnu
Configured with: ../src/configure -v --with-pkgversion='Ubuntu 7.5.0-3ubuntu1~18.04' --with-bugurl=file:///usr/share/doc/gcc-7/README.Bugs --enable-languages=c,ada,c++,go,brig,d,fortran,objc,obj-c++ --prefix=/usr --with-gcc-major-version-only --program-suffix=-7 --program-prefix=x86_64-linux-gnu- --enable-shared --enable-linker-build-id --libexecdir=/usr/lib --without-included-gettext --enable-threads=posix --libdir=/usr/lib --enable-nls --enable-bootstrap --enable-clocale=gnu --enable-libstdcxx-debug --enable-libstdcxx-time=yes --with-default-libstdcxx-abi=new --enable-gnu-unique-object --disable-vtable-verify --enable-libmpx --enable-plugin --enable-default-pie --with-system-zlib --with-target-system-zlib --enable-objc-gc=auto --enable-multiarch --disable-werror --with-arch-32=i686 --with-abi=m64 --with-multilib-list=m32,m64,mx32 --enable-multilib --with-tune=generic --enable-offload-targets=nvptx-none --without-cuda-driver --enable-checking=release --build=x86_64-linux-gnu --host=x86_64-linux-gnu --target=x86_64-linux-gnu
Thread model: posix
gcc version 7.5.0 (Ubuntu 7.5.0-3ubuntu1~18.04) 
configure:4447: $? = 0
configure:4436: gfortran -V >&5
gfortran: error: unrecognized command line option '-V'
gfortran: fatal error: no input files
compilation terminated.
configure:4447: $? = 1
configure:4436: gfortran -qversion >&5
gfortran: error: unrecognized command line option '-qversion'; did you mean '--version'?
gfortran: fatal error: no input files
compilation terminated.
configure:4447: $? = 1
configure:4456: checking whether we are using the GNU Fortran 77 compiler
configure:4469: gfortran -c -O2  conftest.F >&5
configure:4469: $? = 0
configure:4478: result: yes
configure:4484: checking whether gfortran accepts -g
configure:4495: gfortran -c -g conftest.f >&5
configure:4495: $? = 0
configure:4503: result: yes
configure:4559: checking how to get verbose linking output from gfortran
configure:4569: gfortran -c -O2  conftest.f >&5
configure:4569: $? = 0
configure:4587: gfortran -o conftest -O2 -v conftest.f
Using built-in specs.
Target: x86_64-linux-gnu
Thread model: posix
gcc version 7.5.0 (Ubuntu 7.5.0-3ubuntu1~18.04) 
 /usr/lib/gcc/x86_64-linux-gnu/7/f951 conftest.f -ffixed-form -quiet -dumpbase conftest.f -mtune=generic -march=x86-64 -auxbase conftest -O2 -version -fintrinsic-modules-path /usr/lib/gcc/x86_64-linux-gnu/7/finclude -o /tmp/ccKkvDMn.s
GNU Fortran (Ubuntu 7.5.0-3ubuntu1~18.04) version 7.5.0 (x86_64-linux-gnu)
	compiled by GNU C version 7.5.0, GMP version 6.1.2, MPFR version 4.0.1, MPC version 1.1.0, isl version isl-0.19-GMP

GGC heuristics: --param ggc-min-expand=100 --param ggc-min-heapsize=131072
GNU Fortran2008 (Ubuntu 7.5.0-3ubuntu1~18.04) version 7.5.0 (x86_64-linux-gnu)
	compiled by GNU C version 7.5.0, GMP version 6.1.2, MPFR version 4.0.1, MPC version 1.1.0, isl version isl-0.19-GMP

GGC heuristics: --param ggc-min-expand=100 --param ggc-min-heapsize=131072
 as -v --64 -o /tmp/ccKimEVs.o /tmp/ccKkvDMn.s
GNU assembler version 2.30 (x86_64-linux-gnu) using BFD version (GNU Binutils for Ubuntu) 2.30
Reading specs from /usr/lib/gcc/x86_64-linux-gnu/7/libgfortran.spec
rename spec lib to liborig
 /usr/lib/gcc/x86_64-linux-gnu/7/collect2 -plugin /usr/lib/gcc/x86_64-linux-gnu/7/liblto_plugin.so -plugin-opt=/usr/lib/gcc/x86_64-linux-gnu/7/lto-wrapper -plugin-opt=-fresolution=/tmp/ccSG0v5x.res -plugin-opt=-pass-through=-lgcc_s -plugin-opt=-pass-through=-lgcc -plugin-opt=-pass-through=-lquadmath -plugin-opt=-pass-through=-lm -plugin-opt=-pass-through=-lgcc_s -plugin-opt=-pass-through=-lgcc -plugin-opt=-pass-through=-lc -plugin-opt=-pass-through=-lgcc_s -plugin-opt=-pass-through=-lgcc --build-id --eh-frame-hdr -m elf_x86_64 --hash-style=gnu --as-needed -dynamic-linker /lib64/ld-linux-x86-64.so.2 -pie -z now -z relro -o conftest /usr/lib/gcc/x86_64-linux-gnu/7/../../../x86_64-linux-gnu/Scrt1.o /usr/lib/gcc/x86_64-linux-gnu/7/../../../x86_64-linux-gnu/crti.o /usr/lib/gcc/x86_64-linux-gnu/7/crtbeginS.o -L/usr/lib/gcc/x86_64-linux-gnu/7 -L/usr/lib/gcc/x86_64-linux-gnu/7/../../../x86_64-linux-gnu -L/usr/lib/gcc/x86_64-linux-gnu/7/../../../../lib -L/lib/x86_64-linux-gnu -L/lib/../lib -L/usr/lib/x86_64-linux-gnu -L/usr/lib/../lib -L/usr/lib/gcc/x86_64-linux-gnu/7/../../.. /tmp/ccKimEVs.o -lgfortran -lm -lgcc_s -lgcc -lquadmath -lm -lgcc_s -lgcc -lc -lgcc_s -lgcc /usr/lib/gcc/x86_64-linux-gnu/7/crtendS.o /usr/lib/gcc/x86_64-linux-gnu/7/../../../x86_64-linux-gnu/crtn.o
configure:4670: result: -v
configure:4672: checking for Fortran 77 libraries of gfortran
configure:4695: gfortran -o conftest -O2 -v conftest.f
Using built-in specs.
Target: x86_64-linux-gnu
Thread model: posix
gcc version 7.5.0 (Ubuntu 7.5.0-3ubuntu1~18.04) 
 /usr/lib/gcc/x86_64-linux-gnu/7/f951 conftest.f -ffixed-form -quiet -dumpbase conftest.f -mtune=generic -march=x86-64 -auxbase conftest -O2 -version -fintrinsic-modules-path /usr/lib/gcc/x86_64-linux-gnu/7/finclude -o /tmp/cczZjCAs.s
GNU Fortran (Ubuntu 7.5.0-3ubuntu1~18.04) version 7.5.0 (x86_64-linux-gnu)
	compiled by GNU C version 7.5.0, GMP version 6.1.2, MPFR version 4.0.1, MPC version 1.1.0, isl version isl-0.19-GMP

GGC heuristics: --param ggc-min-expand=100 --param ggc-min-heapsize=131072
GNU Fortran2008 (Ubuntu 7.5.0-3ubuntu1~18.04) version 7.5.0 (x86_64-linux-gnu)
	compiled by GNU C version 7.5.0, GMP version 6.1.2, MPFR version 4.0.1, MPC version 1.1.0, isl version isl-0.19-GMP

GGC heuristics: --param ggc-min-expand=100 --param ggc-min-heapsize=131072
 as -v --64 -o /tmp/ccQDkVTx.o /tmp/cczZjCAs.s
GNU assembler version 2.30 (x86_64-linux-gnu) using BFD version (GNU Binutils for Ubuntu) 2.30
Reading specs from /usr/lib/gcc/x86_64-linux-gnu/7/libgfortran.spec
rename spec lib to liborig
 /usr/lib/gcc/x86_64-linux-gnu/7/collect2 -plugin /usr/lib/gcc/x86_64-linux-gnu/7/liblto_plugin.so -plugin-opt=/usr/lib/gcc/x86_64-linux-gnu/7/lto-wrapper -plugin-opt=-fresolution=/tmp/ccHx08dD.res -plugin-opt=-pass-through=-lgcc_s -plugin-opt=-pass-through=-lgcc -plugin-opt=-pass-through=-lquadmath -plugin-opt=-pass-through=-lm -plugin-opt=-pass-through=-lgcc_s -plugin-opt=-pass-through=-lgcc -plugin-opt=-pass-through=-lc -plugin-opt=-pass-through=-lgcc_s -plugin-opt=-pass-through=-lgcc --build-id --eh-frame-hdr -m elf_x86_64 --hash-style=gnu --as-needed -dynamic-linker /lib64/ld-linux-x86-64.so.2 -pie -z now -z relro -o conftest /usr/lib/gcc/x86_64-linux-gnu/7/../../../x86_64-linux-gnu/Scrt1.o /usr/lib/gcc/x86_64-linux-gnu/7/../../../x86_64-linux-gnu/crti.o /usr/lib/gcc/x86_64-linux-gnu/7/crtbeginS.o -L/usr/lib/gcc/x86_64-linux-gnu/7 -L/usr/lib/gcc/x86_64-linux-gnu/7/../../../x86_64-linux-gnu -L/usr/lib/gcc/x86_64-linux-gnu/7/../../../../lib -L/lib/x86_64-linux-gnu -L/lib/../lib -L/usr/lib/x86_64-linux-gnu -L/usr/lib/../lib -L/usr/lib/gcc/x86_64-linux-gnu/7/../../.. /tmp/ccQDkVTx.o -lgfortran -lm -lgcc_s -lgcc -lquadmath -lm -lgcc_s -lgcc -lc -lgcc_s -lgcc /usr/lib/gcc/x86_64-linux-gnu/7/crtendS.o /usr/lib/gcc/x86_64-linux-gnu/7/../../../x86_64-linux-gnu/crtn.o
configure:4891: result:  -L/usr/lib/gcc/x86_64-linux-gnu/7 -L/usr/lib/gcc/x86_64-linux-gnu/7/../../../x86_64-linux-gnu -L/usr/lib/gcc/x86_64-linux-gnu/7/../../../../lib -L/lib/x86_64-linux-gnu -L/lib/../lib -L/usr/lib/x86_64-linux-gnu -L/usr/lib/../lib -L/usr/lib/gcc/x86_64-linux-gnu/7/../../.. -lgfortran -lm -lquadmath
configure:4908: checking for dummy main to link with Fortran 77 libraries
configure:4942: gcc -o conftest -O2 -DNDEBUG    conftest.c   -L/usr/lib/gcc/x86_64-linux-gnu/7 -L/usr/lib/gcc/x86_64-linux-gnu/7/../../../x86_64-linux-gnu -L/usr/lib/gcc/x86_64-linux-gnu/7/../../../../lib -L/lib/x86_64-linux-gnu -L/lib/../lib -L/usr/lib/x86_64-linux-gnu -L/usr/lib/../lib -L/usr/lib/gcc/x86_64-linux-gnu/7/../../.. -lgfortran -lm -lquadmath >&5
configure:4942: $? = 0
configure:4987: result: none
configure:5020: checking for Fortran 77 name-mangling scheme
configure:5033: gfortran -c -O2  conftest.f >&5
configure:5033: $? = 0
configure:5074: gcc -o conftest -O2 -DNDEBUG    conftest.c cfortran_test.o   -L/usr/lib/gcc/x86_64-linux-gnu/7 -L/usr/lib/gcc/x86_64-linux-gnu/7/../../../x86_64-linux-gnu -L/usr/lib/gcc/x86_64-linux-gnu/7/../../../../lib -L/lib/x86_64-linux-gnu -L/lib/../lib -L/usr/lib/x86_64-linux-gnu -L/usr/lib/../lib -L/usr/lib/gcc/x86_64-linux-gnu/7/../../.. -lgfortran -lm -lquadmath >&5
/tmp/ccALaQfI.o: In function `main':
conftest.c:(.text.startup+0x7): undefined reference to `foobar'
collect2: error: ld returned 1 exit status
configure:5074: $? = 1
configure: failed program was:
| /* confdefs.h */
| #define PACKAGE_NAME "CoinHSL"
| #define PACKAGE_TARNAME "coinhsl"
| #define PACKAGE_VERSION "2.2.0"
| #define PACKAGE_STRING "CoinHSL 2.2.0"
| #define PACKAGE_BUGREPORT "https://github.com/coin-or-tools/ThirdParty-HSL/issues/new"
| #define PACKAGE_URL "https://github.com/coin-or-tools/ThirdParty-HSL"
| #define COINHSL_VERSION "2.2.0"
| #define COINHSL_VERSION_MAJOR 2
| #define COINHSL_VERSION_MINOR 2
| #define COINHSL_VERSION_RELEASE 0
| /* end confdefs.h.  */
| 
| /* Override any GCC internal prototype to avoid an error.
|    Use char because int might match the return type of a GCC
|    builtin and then its argument prototype would still apply.  */
| #ifdef __cplusplus
| extern "C"
| #endif
| char foobar ();
| #ifdef F77_DUMMY_MAIN
| 
| #  ifdef __cplusplus
|      extern "C"
| #  endif
|    int F77_DUMMY_MAIN() { return 1; }
| 
| #endif
| int
| main ()
| {
| return foobar ();
|   ;
|   return 0;
| }
configure:5074: gcc -o conftest -O2 -DNDEBUG    conftest.c cfortran_test.o   -L/usr/lib/gcc/x86_64-linux-gnu/7 -L/usr/lib/gcc/x86_64-linux-gnu/7/../../../x86_64-linux-gnu -L/usr/lib/gcc/x86_64-linux-gnu/7/../../../../lib -L/lib/x86_64-linux-gnu -L/lib/../lib -L/usr/lib/x86_64-linux-gnu -L/usr/lib/../lib -L/usr/lib/gcc/x86_64-linux-gnu/7/../../.. -lgfortran -lm -lquadmath >&5
configure:5074: $? = 0
configure:5132: gcc -o conftest -O2 -DNDEBUG    conftest.c cfortran_test.o   -L/usr/lib/gcc/x86_64-linux-gnu/7 -L/usr/lib/gcc/x86_64-linux-gnu/7/../../../x86_64-linux-gnu -L/usr/lib/gcc/x86_64-linux-gnu/7/../../../../lib -L/lib/x86_64-linux-gnu -L/lib/../lib -L/usr/lib/x86_64-linux-gnu -L/usr/lib/../lib -L/usr/lib/gcc/x86_64-linux-gnu/7/../../.. -lgfortran -lm -lquadmath >&5
configure:5132: $? = 0
configure:5174: result: lower case, underscore, no extra underscore
configure:5247: checking whether gfortran understands -c and -o together
configure:5265: gfortran -O2  -c conftest.f -o conftest2.o >&5
configure:5269: $? = 0
configure:5276: gfortran -O2  -c conftest.f -o conftest2.o >&5
configure:5280: $? = 0
configure:5288: result: yes
configure:5424: checking for gfortran
configure:5440: found /usr/bin/gfortran
configure:5451: result: gfortran
configure:5477: checking for Fortran compiler version
configure:5486: gfortran --version >&5
GNU Fortran (Ubuntu 7.5.0-3ubuntu1~18.04) 7.5.0
Copyright (C) 2017 Free Software Foundation, Inc.
This is free software; see the source for copying conditions.  There is NO
warranty; not even for MERCHANTABILITY or FITNESS FOR A PARTICULAR PURPOSE.

configure:5497: $? = 0
configure:5486: gfortran -v >&5
Using built-in specs.
COLLECT_GCC=gfortran
COLLECT_LTO_WRAPPER=/usr/lib/gcc/x86_64-linux-gnu/7/lto-wrapper
OFFLOAD_TARGET_NAMES=nvptx-none
OFFLOAD_TARGET_DEFAULT=1
Target: x86_64-linux-gnu
Configured with: ../src/configure -v --with-pkgversion='Ubuntu 7.5.0-3ubuntu1~18.04' --with-bugurl=file:///usr/share/doc/gcc-7/README.Bugs --enable-languages=c,ada,c++,go,brig,d,fortran,objc,obj-c++ --prefix=/usr --with-gcc-major-version-only --program-suffix=-7 --program-prefix=x86_64-linux-gnu- --enable-shared --enable-linker-build-id --libexecdir=/usr/lib --without-included-gettext --enable-threads=posix --libdir=/usr/lib --enable-nls --enable-bootstrap --enable-clocale=gnu --enable-libstdcxx-debug --enable-libstdcxx-time=yes --with-default-libstdcxx-abi=new --enable-gnu-unique-object --disable-vtable-verify --enable-libmpx --enable-plugin --enable-default-pie --with-system-zlib --with-target-system-zlib --enable-objc-gc=auto --enable-multiarch --disable-werror --with-arch-32=i686 --with-abi=m64 --with-multilib-list=m32,m64,mx32 --enable-multilib --with-tune=generic --enable-offload-targets=nvptx-none --without-cuda-driver --enable-checking=release --build=x86_64-linux-gnu --host=x86_64-linux-gnu --target=x86_64-linux-gnu
Thread model: posix
gcc version 7.5.0 (Ubuntu 7.5.0-3ubuntu1~18.04) 
configure:5497: $? = 0
configure:5486: gfortran -V >&5
gfortran: error: unrecognized command line option '-V'
gfortran: fatal error: no input files
compilation terminated.
configure:5497: $? = 1
configure:5486: gfortran -qversion >&5
gfortran: error: unrecognized command line option '-qversion'; did you mean '--version'?
gfortran: fatal error: no input files
compilation terminated.
configure:5497: $? = 1
configure:5506: checking whether we are using the GNU Fortran compiler
configure:5519: gfortran -c -O2   conftest.F >&5
configure:5519: $? = 0
configure:5528: result: yes
configure:5534: checking whether gfortran accepts -g
configure:5545: gfortran -c -g  conftest.f >&5
configure:5545: $? = 0
configure:5553: result: yes
configure:5590: checking whether gfortran understands -c and -o together
configure:5608: gfortran -O2  -c conftest.f -o conftest2.o >&5
configure:5612: $? = 0
configure:5619: gfortran -O2  -c conftest.f -o conftest2.o >&5
configure:5623: $? = 0
configure:5631: result: yes
configure:5700: checking how to print strings
configure:5727: result: printf
configure:5748: checking for a sed that does not truncate output
configure:5812: result: /bin/sed
configure:5830: checking for grep that handles long lines and -e
configure:5888: result: /bin/grep
configure:5893: checking for egrep
configure:5955: result: /bin/grep -E
configure:5960: checking for fgrep
configure:6022: result: /bin/grep -F
configure:6057: checking for ld used by gcc
configure:6124: result: /usr/bin/ld
configure:6131: checking if the linker (/usr/bin/ld) is GNU ld
configure:6146: result: yes
configure:6158: checking for BSD- or MS-compatible name lister (nm)
configure:6212: result: /usr/bin/nm -B
configure:6342: checking the name lister (/usr/bin/nm -B) interface
configure:6349: gcc -c -O2 -DNDEBUG   conftest.c >&5
configure:6352: /usr/bin/nm -B "conftest.o"
configure:6355: output
0000000000000000 B some_variable
configure:6362: result: BSD nm
configure:6365: checking whether ln -s works
configure:6369: result: yes
configure:6377: checking the maximum length of command line arguments
configure:6508: result: 1572864
configure:6556: checking how to convert x86_64-pc-linux-gnu file names to x86_64-pc-linux-gnu format
configure:6596: result: func_convert_file_noop
configure:6603: checking how to convert x86_64-pc-linux-gnu file names to toolchain format
configure:6623: result: func_convert_file_noop
configure:6630: checking for /usr/bin/ld option to reload object files
configure:6637: result: -r
configure:6711: checking for objdump
configure:6727: found /usr/bin/objdump
configure:6738: result: objdump
configure:6770: checking how to recognize dependent libraries
configure:6970: result: pass_all
configure:7055: checking for dlltool
configure:7085: result: no
configure:7115: checking how to associate runtime and link libraries
configure:7142: result: printf %s\n
configure:7202: checking for ar
configure:7218: found /usr/bin/ar
configure:7229: result: ar
configure:7266: checking for archiver @FILE support
configure:7291: gcc -c -O2 -DNDEBUG   conftest.c >&5
configure:7291: $? = 0
configure:7294: ar cru libconftest.a @conftest.lst >&5
ar: `u' modifier ignored since `D' is the default (see `U')
configure:7297: $? = 0
configure:7302: ar cru libconftest.a @conftest.lst >&5
ar: `u' modifier ignored since `D' is the default (see `U')
ar: conftest.o: No such file or directory
configure:7305: $? = 1
configure:7317: result: @
configure:7375: checking for strip
configure:7391: found /usr/bin/strip
configure:7402: result: strip
configure:7474: checking for ranlib
configure:7490: found /usr/bin/ranlib
configure:7501: result: ranlib
configure:7603: checking command to parse /usr/bin/nm -B output from gcc object
configure:7756: gcc -c -O2 -DNDEBUG   conftest.c >&5
configure:7759: $? = 0
configure:7763: /usr/bin/nm -B conftest.o \| sed -n -e 's/^.*[ ]\([ABCDGIRSTW][ABCDGIRSTW]*\)[ ][ ]*\([_A-Za-z][_A-Za-z0-9]*\)$/\1 \2 \2/p' | sed '/ __gnu_lto/d' \> conftest.nm
configure:7766: $? = 0
configure:7832: gcc -o conftest -O2 -DNDEBUG    conftest.c conftstm.o >&5
configure:7835: $? = 0
configure:7873: result: ok
configure:7920: checking for sysroot
configure:7950: result: no
configure:7957: checking for a working dd
configure:7995: result: /bin/dd
configure:7999: checking how to truncate binary pipes
configure:8014: result: /bin/dd bs=4096 count=1
configure:8150: gcc -c -O2 -DNDEBUG   conftest.c >&5
configure:8153: $? = 0
configure:8351: checking for mt
configure:8367: found /bin/mt
configure:8378: result: mt
configure:8401: checking if mt is a manifest tool
configure:8407: mt '-?'
configure:8415: result: no
configure:9100: checking how to run the C preprocessor
configure:9131: gcc -E  conftest.c
configure:9131: $? = 0
configure:9145: gcc -E  conftest.c
conftest.c:15:10: fatal error: ac_nonexistent.h: No such file or directory
 #include <ac_nonexistent.h>
          ^~~~~~~~~~~~~~~~~~
compilation terminated.
configure:9145: $? = 1
configure: failed program was:
| /* confdefs.h */
| #define PACKAGE_NAME "CoinHSL"
| #define PACKAGE_TARNAME "coinhsl"
| #define PACKAGE_VERSION "2.2.0"
| #define PACKAGE_STRING "CoinHSL 2.2.0"
| #define PACKAGE_BUGREPORT "https://github.com/coin-or-tools/ThirdParty-HSL/issues/new"
| #define PACKAGE_URL "https://github.com/coin-or-tools/ThirdParty-HSL"
| #define COINHSL_VERSION "2.2.0"
| #define COINHSL_VERSION_MAJOR 2
| #define COINHSL_VERSION_MINOR 2
| #define COINHSL_VERSION_RELEASE 0
| #define F77_FUNC(name,NAME) name ## _
| #define F77_FUNC_(name,NAME) name ## _
| /* end confdefs.h.  */
| #include <ac_nonexistent.h>
configure:9170: result: gcc -E
configure:9190: gcc -E  conftest.c
configure:9190: $? = 0
configure:9204: gcc -E  conftest.c
conftest.c:15:10: fatal error: ac_nonexistent.h: No such file or directory
 #include <ac_nonexistent.h>
          ^~~~~~~~~~~~~~~~~~
compilation terminated.
configure:9204: $? = 1
configure: failed program was:
| /* confdefs.h */
| #define PACKAGE_NAME "CoinHSL"
| #define PACKAGE_TARNAME "coinhsl"
| #define PACKAGE_VERSION "2.2.0"
| #define PACKAGE_STRING "CoinHSL 2.2.0"
| #define PACKAGE_BUGREPORT "https://github.com/coin-or-tools/ThirdParty-HSL/issues/new"
| #define PACKAGE_URL "https://github.com/coin-or-tools/ThirdParty-HSL"
| #define COINHSL_VERSION "2.2.0"
| #define COINHSL_VERSION_MAJOR 2
| #define COINHSL_VERSION_MINOR 2
| #define COINHSL_VERSION_RELEASE 0
| #define F77_FUNC(name,NAME) name ## _
| #define F77_FUNC_(name,NAME) name ## _
| /* end confdefs.h.  */
| #include <ac_nonexistent.h>
configure:9233: checking for ANSI C header files
configure:9261: gcc -c -O2 -DNDEBUG   conftest.c >&5
configure:9261: $? = 0
configure:9334: gcc -o conftest -O2 -DNDEBUG    conftest.c  >&5
configure:9334: $? = 0
configure:9334: ./conftest
configure:9334: $? = 0
configure:9345: result: yes
configure:9358: checking for sys/types.h
configure:9358: gcc -c -O2 -DNDEBUG   conftest.c >&5
configure:9358: $? = 0
configure:9358: result: yes
configure:9358: checking for sys/stat.h
configure:9358: gcc -c -O2 -DNDEBUG   conftest.c >&5
configure:9358: $? = 0
configure:9358: result: yes
configure:9358: checking for stdlib.h
configure:9358: gcc -c -O2 -DNDEBUG   conftest.c >&5
configure:9358: $? = 0
configure:9358: result: yes
configure:9358: checking for string.h
configure:9358: gcc -c -O2 -DNDEBUG   conftest.c >&5
configure:9358: $? = 0
configure:9358: result: yes
configure:9358: checking for memory.h
configure:9358: gcc -c -O2 -DNDEBUG   conftest.c >&5
configure:9358: $? = 0
configure:9358: result: yes
configure:9358: checking for strings.h
configure:9358: gcc -c -O2 -DNDEBUG   conftest.c >&5
configure:9358: $? = 0
configure:9358: result: yes
configure:9358: checking for inttypes.h
configure:9358: gcc -c -O2 -DNDEBUG   conftest.c >&5
configure:9358: $? = 0
configure:9358: result: yes
configure:9358: checking for stdint.h
configure:9358: gcc -c -O2 -DNDEBUG   conftest.c >&5
configure:9358: $? = 0
configure:9358: result: yes
configure:9358: checking for unistd.h
configure:9358: gcc -c -O2 -DNDEBUG   conftest.c >&5
configure:9358: $? = 0
configure:9358: result: yes
configure:9372: checking for dlfcn.h
configure:9372: gcc -c -O2 -DNDEBUG   conftest.c >&5
configure:9372: $? = 0
configure:9372: result: yes
configure:9497: checking the archiver (ar) interface
configure:9513: gcc -c -O2 -DNDEBUG   conftest.c >&5
configure:9513: $? = 0
configure:9515: ar cru libconftest.a conftest.o >&5
ar: `u' modifier ignored since `D' is the default (see `U')
configure:9518: $? = 0
configure:9546: result: ar
configure:9810: checking for objdir
configure:9825: result: .libs
configure:10085: checking if gcc supports -fno-rtti -fno-exceptions
configure:10103: gcc -c -O2 -DNDEBUG   -fno-rtti -fno-exceptions conftest.c >&5
cc1: warning: command line option '-fno-rtti' is valid for C++/ObjC++ but not for C
configure:10107: $? = 0
configure:10120: result: no
configure:10478: checking for gcc option to produce PIC
configure:10485: result: -fPIC -DPIC
configure:10493: checking if gcc PIC flag -fPIC -DPIC works
configure:10511: gcc -c -O2 -DNDEBUG   -fPIC -DPIC -DPIC conftest.c >&5
configure:10515: $? = 0
configure:10528: result: yes
configure:10557: checking if gcc static flag -static works
configure:10585: result: yes
configure:10600: checking if gcc supports -c -o file.o
configure:10621: gcc -c -O2 -DNDEBUG   -o out/conftest2.o conftest.c >&5
configure:10625: $? = 0
configure:10647: result: yes
configure:10655: checking if gcc supports -c -o file.o
configure:10702: result: yes
configure:10735: checking whether the gcc linker (/usr/bin/ld -m elf_x86_64) supports shared libraries
configure:12010: result: yes
configure:12047: checking whether -lc should be explicitly linked in
configure:12055: gcc -c -O2 -DNDEBUG   conftest.c >&5
configure:12058: $? = 0
configure:12073: gcc -shared  -fPIC -DPIC conftest.o  -v -Wl,-soname -Wl,conftest -o conftest 2\>\&1 \| /bin/grep  -lc  \>/dev/null 2\>\&1
configure:12076: $? = 0
configure:12090: result: no
configure:12250: checking dynamic linker characteristics
configure:12839: gcc -o conftest -O2 -DNDEBUG    -Wl,-rpath -Wl,/foo conftest.c  >&5
configure:12839: $? = 0
configure:13076: result: GNU/Linux ld.so
configure:13198: checking how to hardcode library paths into programs
configure:13223: result: immediate
configure:13811: checking whether stripping libraries is possible
configure:13816: result: yes
configure:13851: checking if libtool supports shared libraries
configure:13853: result: yes
configure:13856: checking whether to build shared libraries
configure:13881: result: yes
configure:13884: checking whether to build static libraries
configure:13888: result: no
configure:14005: checking if libtool supports shared libraries
configure:14007: result: yes
configure:14010: checking whether to build shared libraries
configure:14034: result: yes
configure:14037: checking whether to build static libraries
configure:14041: result: no
configure:14393: checking for gfortran option to produce PIC
configure:14400: result: -fPIC
configure:14408: checking if gfortran PIC flag -fPIC works
configure:14426: gfortran -c -O2  -fPIC conftest.f >&5
configure:14430: $? = 0
configure:14443: result: yes
configure:14466: checking if gfortran static flag -static works
configure:14494: result: yes
configure:14506: checking if gfortran supports -c -o file.o
configure:14527: gfortran -c -O2  -o out/conftest2.o conftest.f >&5
configure:14531: $? = 0
configure:14553: result: yes
configure:14558: checking if gfortran supports -c -o file.o
configure:14605: result: yes
configure:14635: checking whether the gfortran linker (/usr/bin/ld -m elf_x86_64) supports shared libraries
configure:15844: result: yes
configure:15985: checking dynamic linker characteristics
configure:16724: result: GNU/Linux ld.so
configure:16789: checking how to hardcode library paths into programs
configure:16814: result: immediate
configure:16951: checking if libtool supports shared libraries
configure:16953: result: yes
configure:16956: checking whether to build shared libraries
configure:16980: result: yes
configure:16983: checking whether to build static libraries
configure:16987: result: no
configure:17021: gfortran -c -O2   conftest.f >&5
configure:17024: $? = 0
configure:17502: checking for gfortran option to produce PIC
configure:17509: result: -fPIC
configure:17517: checking if gfortran PIC flag -fPIC works
configure:17535: gfortran -c -O2  -fPIC  conftest.f >&5
configure:17539: $? = 0
configure:17552: result: yes
configure:17575: checking if gfortran static flag -static works
configure:17603: result: yes
configure:17615: checking if gfortran supports -c -o file.o
configure:17636: gfortran -c -O2  -o out/conftest2.o  conftest.f >&5
configure:17640: $? = 0
configure:17662: result: yes
configure:17667: checking if gfortran supports -c -o file.o
configure:17714: result: yes
configure:17744: checking whether the gfortran linker (/usr/bin/ld -m elf_x86_64) supports shared libraries
configure:18953: result: yes
configure:19094: checking dynamic linker characteristics
configure:19833: result: GNU/Linux ld.so
configure:19898: checking how to hardcode library paths into programs
configure:19923: result: immediate
configure:19992: libtool version info: -version-number 2:2:0
configure:20069: checking for pkgconf
configure:20099: result: no
configure:20069: checking for pkg-config
configure:20085: found /usr/bin/pkg-config
configure:20096: result: pkg-config
configure:20123: checking pkg-config is at least version 0.16.0
configure:20127: result: yes: 0.29.1
configure:20163: pkg-config path is "/usr/local/lib/pkgconfig:/home/wu/vd_ws/devel/lib/pkgconfig:/home/wu/catkin_test_ws/devel/lib/pkgconfig:/home/wu/catkin_ws/devel/lib/pkgconfig:/opt/ros/melodic/lib/pkgconfig"
configure:20177: checking for MC19
configure:20187: result: no
configure:20198: checking for MA27
configure:20208: result: no
configure:20219: checking for MA28
configure:20229: result: no
configure:20240: checking for MA57
configure:20250: result: no
configure:20262: checking for MA77
configure:20272: result: no
configure:20287: checking for MA86
configure:20297: result: no
configure:20312: checking for MA97
configure:20322: result: no
configure:20337: checking for MC19S
configure:20347: result: no
configure:20358: checking for MA27S
configure:20368: result: no
configure:20379: checking for MA28S
configure:20389: result: no
configure:20400: checking for MA57S
configure:20410: result: no
configure:20422: checking for MA77S
configure:20432: result: no
configure:20447: checking for MA86S
configure:20457: result: no
configure:20472: checking for MA97S
configure:20482: result: no
configure:20499: checking for C interface to MC68
configure:20507: result: no
configure:22348: checking that generated files are newer than configure
configure:22354: result: done
configure:22477: creating ./config.status

## ---------------------- ##
## Running config.status. ##
## ---------------------- ##

This file was extended by CoinHSL config.status 2.2.0, which was
generated by GNU Autoconf 2.69.  Invocation command line was

  CONFIG_FILES    = 
  CONFIG_HEADERS  = 
  CONFIG_LINKS    = 
  CONFIG_COMMANDS = 
  $ ./config.status 

on wu

config.status:1288: creating Makefile
config.status:1288: creating coinhsl.pc
config.status:1288: creating config.h
config.status:1469: config.h is unchanged
config.status:1288: creating CoinHslConfig.h
config.status:1469: CoinHslConfig.h is unchanged
config.status:1517: executing depfiles commands
config.status:1594: cd .       && sed -e '/# am--include-marker/d' Makefile         | make -f - am--depfiles
make: Nothing to be done for 'am--depfiles'.
config.status:1599: $? = 0
config.status:1517: executing libtool commands
configure:25143: Configuration of CoinHSL successful

## ---------------- ##
## Cache variables. ##
## ---------------- ##

ac_cv_build=x86_64-pc-linux-gnu
ac_cv_c_compiler_gnu=yes
ac_cv_env_ADD_CFLAGS_set=
ac_cv_env_ADD_CFLAGS_value=
ac_cv_env_ADD_FCFLAGS_set=
ac_cv_env_ADD_FCFLAGS_value=
ac_cv_env_ADD_FFLAGS_set=
ac_cv_env_ADD_FFLAGS_value=
ac_cv_env_CC_set=
ac_cv_env_CC_value=
ac_cv_env_CFLAGS_set=
ac_cv_env_CFLAGS_value=
ac_cv_env_CPPFLAGS_set=
ac_cv_env_CPPFLAGS_value=
ac_cv_env_CPP_set=
ac_cv_env_CPP_value=
ac_cv_env_F77_set=
ac_cv_env_F77_value=
ac_cv_env_FCFLAGS_set=
ac_cv_env_FCFLAGS_value=
ac_cv_env_FC_set=
ac_cv_env_FC_value=
ac_cv_env_FFLAGS_set=
ac_cv_env_FFLAGS_value=
ac_cv_env_LDFLAGS_set=
ac_cv_env_LDFLAGS_value=
ac_cv_env_LIBS_set=
ac_cv_env_LIBS_value=
ac_cv_env_LT_LDFLAGS_set=
ac_cv_env_LT_LDFLAGS_value=
ac_cv_env_LT_SYS_LIBRARY_PATH_set=
ac_cv_env_LT_SYS_LIBRARY_PATH_value=
ac_cv_env_PKG_CONFIG_set=
ac_cv_env_PKG_CONFIG_value=
ac_cv_env_build_alias_set=
ac_cv_env_build_alias_value=
ac_cv_env_host_alias_set=
ac_cv_env_host_alias_value=
ac_cv_env_target_alias_set=
ac_cv_env_target_alias_value=
ac_cv_f77_compiler_gnu=yes
ac_cv_f77_dummy_main=none
ac_cv_f77_libs=' -L/usr/lib/gcc/x86_64-linux-gnu/7 -L/usr/lib/gcc/x86_64-linux-gnu/7/../../../x86_64-linux-gnu -L/usr/lib/gcc/x86_64-linux-gnu/7/../../../../lib -L/lib/x86_64-linux-gnu -L/lib/../lib -L/usr/lib/x86_64-linux-gnu -L/usr/lib/../lib -L/usr/lib/gcc/x86_64-linux-gnu/7/../../.. -lgfortran -lm -lquadmath'
ac_cv_f77_mangling='lower case, underscore, no extra underscore'
ac_cv_fc_compiler_gnu=yes
ac_cv_fortran_dummy_main=none
ac_cv_header_dlfcn_h=yes
ac_cv_header_inttypes_h=yes
ac_cv_header_memory_h=yes
ac_cv_header_stdc=yes
ac_cv_header_stdint_h=yes
ac_cv_header_stdlib_h=yes
ac_cv_header_string_h=yes
ac_cv_header_strings_h=yes
ac_cv_header_sys_stat_h=yes
ac_cv_header_sys_types_h=yes
ac_cv_header_unistd_h=yes
ac_cv_host=x86_64-pc-linux-gnu
ac_cv_objext=o
ac_cv_path_EGREP='/bin/grep -E'
ac_cv_path_FGREP='/bin/grep -F'
ac_cv_path_GREP=/bin/grep
ac_cv_path_SED=/bin/sed
ac_cv_path_install='/usr/bin/install -c'
ac_cv_path_lt_DD=/bin/dd
ac_cv_path_mkdir=/bin/mkdir
ac_cv_prog_AWK=mawk
ac_cv_prog_CPP='gcc -E'
ac_cv_prog_ac_ct_AR=ar
ac_cv_prog_ac_ct_CC=gcc
ac_cv_prog_ac_ct_F77=gfortran
ac_cv_prog_ac_ct_FC=gfortran
ac_cv_prog_ac_ct_MANIFEST_TOOL=mt
ac_cv_prog_ac_ct_OBJDUMP=objdump
ac_cv_prog_ac_ct_PKG_CONFIG=pkg-config
ac_cv_prog_ac_ct_RANLIB=ranlib
ac_cv_prog_ac_ct_STRIP=strip
ac_cv_prog_cc_c89=
ac_cv_prog_cc_g=yes
ac_cv_prog_f77_c_o=yes
ac_cv_prog_f77_g=yes
ac_cv_prog_f77_v=-v
ac_cv_prog_fc_c_o=yes
ac_cv_prog_fc_g=yes
ac_cv_prog_make_make_set=yes
am_cv_CC_dependencies_compiler_type=gcc3
am_cv_ar_interface=ar
am_cv_make_support_nested_variables=yes
am_cv_prog_cc_c_o=yes
lt_cv_ar_at_file=@
lt_cv_archive_cmds_need_lc=no
lt_cv_deplibs_check_method=pass_all
lt_cv_file_magic_cmd='$MAGIC_CMD'
lt_cv_file_magic_test_file=
lt_cv_ld_reload_flag=-r
lt_cv_nm_interface='BSD nm'
lt_cv_objdir=.libs
lt_cv_path_LD=/usr/bin/ld
lt_cv_path_NM='/usr/bin/nm -B'
lt_cv_path_mainfest_tool=no
lt_cv_prog_compiler_c_o=yes
lt_cv_prog_compiler_c_o_F77=yes
lt_cv_prog_compiler_c_o_FC=yes
lt_cv_prog_compiler_pic='-fPIC -DPIC'
lt_cv_prog_compiler_pic_F77=-fPIC
lt_cv_prog_compiler_pic_FC=-fPIC
lt_cv_prog_compiler_pic_works=yes
lt_cv_prog_compiler_pic_works_F77=yes
lt_cv_prog_compiler_pic_works_FC=yes
lt_cv_prog_compiler_rtti_exceptions=no
lt_cv_prog_compiler_static_works=yes
lt_cv_prog_compiler_static_works_F77=yes
lt_cv_prog_compiler_static_works_FC=yes
lt_cv_prog_gnu_ld=yes
lt_cv_sharedlib_from_linklib_cmd='printf %s\n'
lt_cv_shlibpath_overrides_runpath=yes
lt_cv_sys_global_symbol_pipe='sed -n -e '\''s/^.*[	 ]\([ABCDGIRSTW][ABCDGIRSTW]*\)[	 ][	 ]*\([_A-Za-z][_A-Za-z0-9]*\)$/\1 \2 \2/p'\'' | sed '\''/ __gnu_lto/d'\'''
lt_cv_sys_global_symbol_to_c_name_address='sed -n -e '\''s/^: \(.*\) .*$/  {"\1", (void *) 0},/p'\'' -e '\''s/^[ABCDGIRSTW][ABCDGIRSTW]* .* \(.*\)$/  {"\1", (void *) \&\1},/p'\'''
lt_cv_sys_global_symbol_to_c_name_address_lib_prefix='sed -n -e '\''s/^: \(.*\) .*$/  {"\1", (void *) 0},/p'\'' -e '\''s/^[ABCDGIRSTW][ABCDGIRSTW]* .* \(lib.*\)$/  {"\1", (void *) \&\1},/p'\'' -e '\''s/^[ABCDGIRSTW][ABCDGIRSTW]* .* \(.*\)$/  {"lib\1", (void *) \&\1},/p'\'''
lt_cv_sys_global_symbol_to_cdecl='sed -n -e '\''s/^T .* \(.*\)$/extern int \1();/p'\'' -e '\''s/^[ABCDGIRSTW][ABCDGIRSTW]* .* \(.*\)$/extern char \1;/p'\'''
lt_cv_sys_global_symbol_to_import=
lt_cv_sys_max_cmd_len=1572864
lt_cv_to_host_file_cmd=func_convert_file_noop
lt_cv_to_tool_file_cmd=func_convert_file_noop
lt_cv_truncate_bin='/bin/dd bs=4096 count=1'

## ----------------- ##
## Output variables. ##
## ----------------- ##

ACLOCAL='${SHELL} /home/wu/ThirdParty/ThirdParty-HSL/missing aclocal-1.16'
ADD_CFLAGS=''
ADD_FCFLAGS=''
ADD_FFLAGS=''
AMDEPBACKSLASH='\'
AMDEP_FALSE='#'
AMDEP_TRUE=''
AMTAR='$${TAR-tar}'
AM_BACKSLASH='\'
AM_DEFAULT_V='$(AM_DEFAULT_VERBOSITY)'
AM_DEFAULT_VERBOSITY='0'
AM_V='$(V)'
AR='ar'
AUTOCONF='${SHELL} /home/wu/ThirdParty/ThirdParty-HSL/missing autoconf'
AUTOHEADER='${SHELL} /home/wu/ThirdParty/ThirdParty-HSL/missing autoheader'
AUTOMAKE='${SHELL} /home/wu/ThirdParty/ThirdParty-HSL/missing automake-1.16'
AWK='mawk'
CC='gcc'
CCDEPMODE='depmode=gcc3'
CFLAGS='-O2 -DNDEBUG '
COIN_HAS_DEPSF90_FALSE=''
COIN_HAS_DEPSF90_TRUE='#'
COIN_HAS_DEPSF_FALSE=''
COIN_HAS_DEPSF_TRUE='#'
COIN_HAS_F77_FALSE='#'
COIN_HAS_F77_TRUE=''
COIN_HAS_HSL_MA77S_FALSE=''
COIN_HAS_HSL_MA77S_TRUE='#'
COIN_HAS_HSL_MA77_FALSE=''
COIN_HAS_HSL_MA77_TRUE='#'
COIN_HAS_HSL_MA86S_FALSE=''
COIN_HAS_HSL_MA86S_TRUE='#'
COIN_HAS_HSL_MA86_FALSE=''
COIN_HAS_HSL_MA86_TRUE='#'
COIN_HAS_HSL_MA97S_FALSE=''
COIN_HAS_HSL_MA97S_TRUE='#'
COIN_HAS_HSL_MA97_FALSE=''
COIN_HAS_HSL_MA97_TRUE='#'
COIN_HAS_HSL_MC68_FALSE=''
COIN_HAS_HSL_MC68_TRUE='#'
COIN_HAS_LAPACK_FALSE=''
COIN_HAS_LAPACK_TRUE='#'
COIN_HAS_MA27S_FALSE=''
COIN_HAS_MA27S_TRUE='#'
COIN_HAS_MA27_FALSE=''
COIN_HAS_MA27_TRUE='#'
COIN_HAS_MA28S_FALSE=''
COIN_HAS_MA28S_TRUE='#'
COIN_HAS_MA28_FALSE=''
COIN_HAS_MA28_TRUE='#'
COIN_HAS_MA57S_FALSE=''
COIN_HAS_MA57S_TRUE='#'
COIN_HAS_MA57_FALSE=''
COIN_HAS_MA57_TRUE='#'
COIN_HAS_MC19S_FALSE=''
COIN_HAS_MC19S_TRUE='#'
COIN_HAS_MC19_FALSE=''
COIN_HAS_MC19_TRUE='#'
COIN_HAS_METIS_FALSE=''
COIN_HAS_METIS_TRUE='#'
COIN_HAS_PKGCONFIG_FALSE='#'
COIN_HAS_PKGCONFIG_TRUE=''
COIN_PKG_CONFIG_PATH='/usr/local/lib/pkgconfig:/home/wu/vd_ws/devel/lib/pkgconfig:/home/wu/catkin_test_ws/devel/lib/pkgconfig:/home/wu/catkin_ws/devel/lib/pkgconfig:/opt/ros/melodic/lib/pkgconfig'
COIN_RELOCATABLE_FALSE=''
COIN_RELOCATABLE_TRUE='#'
COIN_STATIC_BUILD_FALSE=''
COIN_STATIC_BUILD_TRUE='#'
CPP='gcc -E'
CPPFLAGS=''
CYGPATH_W='echo'
DEFS='-DHAVE_CONFIG_H'
DEPDIR='.deps'
DLLTOOL='false'
DSYMUTIL=''
DUMPBIN=''
ECHO_C=''
ECHO_N='-n'
ECHO_T=''
EGREP='/bin/grep -E'
EXEEXT=''
F77='gfortran'
FC='gfortran'
FCFLAGS='-O2 '
FCFLAGS_F=''
FCFLAGS_f90=''
FCFLAGS_f=''
FC_DEFINE=''
FFLAGS='-O2 '
FGREP='/bin/grep -F'
FLIBS=' -L/usr/lib/gcc/x86_64-linux-gnu/7 -L/usr/lib/gcc/x86_64-linux-gnu/7/../../../x86_64-linux-gnu -L/usr/lib/gcc/x86_64-linux-gnu/7/../../../../lib -L/lib/x86_64-linux-gnu -L/lib/../lib -L/usr/lib/x86_64-linux-gnu -L/usr/lib/../lib -L/usr/lib/gcc/x86_64-linux-gnu/7/../../.. -lgfortran -lm -lquadmath'
GREP='/bin/grep'
HSL_CFLAGS=' -DHSL_BUILD'
HSL_CFLAGS_NOPC=''
HSL_LFLAGS='  -L/usr/lib/gcc/x86_64-linux-gnu/7 -L/usr/lib/gcc/x86_64-linux-gnu/7/../../../x86_64-linux-gnu -L/usr/lib/gcc/x86_64-linux-gnu/7/../../../../lib -L/lib/x86_64-linux-gnu -L/lib/../lib -L/usr/lib/x86_64-linux-gnu -L/usr/lib/../lib -L/usr/lib/gcc/x86_64-linux-gnu/7/../../.. -lgfortran -lm -lquadmath'
HSL_LFLAGS_NOPC='  -L/usr/lib/gcc/x86_64-linux-gnu/7 -L/usr/lib/gcc/x86_64-linux-gnu/7/../../../x86_64-linux-gnu -L/usr/lib/gcc/x86_64-linux-gnu/7/../../../../lib -L/lib/x86_64-linux-gnu -L/lib/../lib -L/usr/lib/x86_64-linux-gnu -L/usr/lib/../lib -L/usr/lib/gcc/x86_64-linux-gnu/7/../../.. -lgfortran -lm -lquadmath'
HSL_PCFILES=''
INSTALL_DATA='${INSTALL} -m 644'
INSTALL_PROGRAM='${INSTALL}'
INSTALL_SCRIPT='${INSTALL}'
INSTALL_STRIP_PROGRAM='$(install_sh) -c -s'
LD='/usr/bin/ld -m elf_x86_64'
LDFLAGS=''
LIBOBJS=''
LIBS=''
LIBTOOL='$(SHELL) $(top_builddir)/libtool'
LIPO=''
LN_S='ln -s'
LTLIBOBJS=''
LT_LDFLAGS=' -version-number 2:2:0 -no-undefined'
LT_SYS_LIBRARY_PATH=''
MAINT='#'
MAINTAINER_MODE_FALSE=''
MAINTAINER_MODE_TRUE='#'
MAKEINFO='${SHELL} /home/wu/ThirdParty/ThirdParty-HSL/missing makeinfo'
MANIFEST_TOOL=':'
METISCHECK_LFLAGS=''
MKDIR_P='/bin/mkdir -p'
NM='/usr/bin/nm -B'
NMEDIT=''
OBJDUMP='objdump'
OBJEXT='o'
OPENMP_FCFLAGS=''
OTOOL64=''
OTOOL=''
PACKAGE='coinhsl'
PACKAGE_BUGREPORT='https://github.com/coin-or-tools/ThirdParty-HSL/issues/new'
PACKAGE_NAME='CoinHSL'
PACKAGE_STRING='CoinHSL 2.2.0'
PACKAGE_TARNAME='coinhsl'
PACKAGE_URL='https://github.com/coin-or-tools/ThirdParty-HSL'
PACKAGE_VERSION='2.2.0'
PATH_SEPARATOR=':'
PKG_CONFIG='pkg-config'
RANLIB='ranlib'
SED='/bin/sed'
SET_MAKE=''
SHELL='/bin/bash'
STRIP='strip'
VERSION='2.2.0'
ac_ct_AR='ar'
ac_ct_CC='gcc'
ac_ct_DUMPBIN=''
ac_ct_F77='gfortran'
ac_ct_FC='gfortran'
ac_ct_PKG_CONFIG='pkg-config'
am__EXEEXT_FALSE=''
am__EXEEXT_TRUE='#'
am__fastdepCC_FALSE='#'
am__fastdepCC_TRUE=''
am__include='include'
am__isrc=''
am__leading_dot='.'
am__nodep='_no'
am__quote=''
am__tar='$${TAR-tar} chof - "$$tardir"'
am__untar='$${TAR-tar} xf -'
bindir='${exec_prefix}/bin'
build='x86_64-pc-linux-gnu'
build_alias=''
build_cpu='x86_64'
build_os='linux-gnu'
build_vendor='pc'
datadir='${datarootdir}'
datarootdir='${prefix}/share'
docdir='${datarootdir}/doc/${PACKAGE_TARNAME}'
dvidir='${docdir}'
exec_prefix='${prefix}'
host='x86_64-pc-linux-gnu'
host_alias=''
host_cpu='x86_64'
host_os='linux-gnu'
host_vendor='pc'
htmldir='${docdir}'
includedir='${prefix}/include'
infodir='${datarootdir}/info'
install_sh='${SHELL} /home/wu/ThirdParty/ThirdParty-HSL/install-sh'
libdir='${exec_prefix}/lib'
libexecdir='${exec_prefix}/libexec'
localedir='${datarootdir}/locale'
localstatedir='${prefix}/var'
mandir='${datarootdir}/man'
mkdir_p='$(MKDIR_P)'
oldincludedir='/usr/include'
pdfdir='${docdir}'
prefix='/usr/local'
program_transform_name='s,x,x,'
psdir='${docdir}'
sbindir='${exec_prefix}/sbin'
sharedstatedir='${prefix}/com'
sysconfdir='${prefix}/etc'
target_alias=''

## ----------- ##
## confdefs.h. ##
## ----------- ##

/* confdefs.h */
#define PACKAGE_NAME "CoinHSL"
#define PACKAGE_TARNAME "coinhsl"
#define PACKAGE_VERSION "2.2.0"
#define PACKAGE_STRING "CoinHSL 2.2.0"
#define PACKAGE_BUGREPORT "https://github.com/coin-or-tools/ThirdParty-HSL/issues/new"
#define PACKAGE_URL "https://github.com/coin-or-tools/ThirdParty-HSL"
#define COINHSL_VERSION "2.2.0"
#define COINHSL_VERSION_MAJOR 2
#define COINHSL_VERSION_MINOR 2
#define COINHSL_VERSION_RELEASE 0
#define F77_FUNC(name,NAME) name ## _
#define F77_FUNC_(name,NAME) name ## _
#define STDC_HEADERS 1
#define HAVE_SYS_TYPES_H 1
#define HAVE_SYS_STAT_H 1
#define HAVE_STDLIB_H 1
#define HAVE_STRING_H 1
#define HAVE_MEMORY_H 1
#define HAVE_STRINGS_H 1
#define HAVE_INTTYPES_H 1
#define HAVE_STDINT_H 1
#define HAVE_UNISTD_H 1
#define HAVE_DLFCN_H 1
#define LT_OBJDIR ".libs/"
#define HSL_EXPORT 

configure: exit 0
