This file contains any messages produced by compilers while
running configure, to aid debugging if configure makes a mistake.

It was created by ThirdPartyASL configure 2.0.0, which was
generated by GNU Autoconf 2.69.  Invocation command line was

  $ ./configure 

## --------- ##
## Platform. ##
## --------- ##

hostname = wu
uname -m = x86_64
uname -r = 5.4.0-72-generic
uname -s = Linux
uname -v = #80~18.04.1-Ubuntu SMP Mon Apr 12 23:26:25 UTC 2021

/usr/bin/uname -p = unknown
/bin/uname -X     = unknown

/bin/arch              = unknown
/usr/bin/arch -k       = unknown
/usr/convex/getsysinfo = unknown
/usr/bin/hostinfo      = unknown
/bin/machine           = unknown
/usr/bin/oslevel       = unknown
/bin/universe          = unknown

PATH: /opt/ros/melodic/bin
PATH: /usr/local/sbin
PATH: /usr/local/bin
PATH: /usr/sbin
PATH: /usr/bin
PATH: /sbin
PATH: /bin
PATH: /usr/games
PATH: /usr/local/games
PATH: /snap/bin


## ----------- ##
## Core tests. ##
## ----------- ##

configure:2262: checking build system type
configure:2276: result: x86_64-pc-linux-gnu
configure:2396: checking host system type
configure:2409: result: x86_64-pc-linux-gnu
configure:2445: checking for a BSD-compatible install
configure:2513: result: /usr/bin/install -c
configure:2524: checking whether build environment is sane
configure:2579: result: yes
configure:2730: checking for a thread-safe mkdir -p
configure:2769: result: /bin/mkdir -p
configure:2776: checking for gawk
configure:2806: result: no
configure:2776: checking for mawk
configure:2792: found /usr/bin/mawk
configure:2803: result: mawk
configure:2814: checking whether make sets $(MAKE)
configure:2836: result: yes
configure:2913: checking whether make supports nested variables
configure:2930: result: yes
configure:2943: checking whether to enable maintainer-specific portions of Makefiles
configure:2952: result: no
configure:3116: checking whether make supports the include directive
configure:3131: make -f confmf.GNU && cat confinc.out
this is the am__doit target
configure:3134: $? = 0
configure:3153: result: yes (GNU style)
configure:3287: checking for gcc
configure:3303: found /usr/bin/gcc
configure:3314: result: gcc
configure:3345: checking for C compiler version
configure:3354: gcc --version >&5
gcc (Ubuntu 7.5.0-3ubuntu1~18.04) 7.5.0
Copyright (C) 2017 Free Software Foundation, Inc.
This is free software; see the source for copying conditions.  There is NO
warranty; not even for MERCHANTABILITY or FITNESS FOR A PARTICULAR PURPOSE.

configure:3365: $? = 0
configure:3354: gcc -v >&5
Using built-in specs.
COLLECT_GCC=gcc
COLLECT_LTO_WRAPPER=/usr/lib/gcc/x86_64-linux-gnu/7/lto-wrapper
OFFLOAD_TARGET_NAMES=nvptx-none
OFFLOAD_TARGET_DEFAULT=1
Target: x86_64-linux-gnu
Configured with: ../src/configure -v --with-pkgversion='Ubuntu 7.5.0-3ubuntu1~18.04' --with-bugurl=file:///usr/share/doc/gcc-7/README.Bugs --enable-languages=c,ada,c++,go,brig,d,fortran,objc,obj-c++ --prefix=/usr --with-gcc-major-version-only --program-suffix=-7 --program-prefix=x86_64-linux-gnu- --enable-shared --enable-linker-build-id --libexecdir=/usr/lib --without-included-gettext --enable-threads=posix --libdir=/usr/lib --enable-nls --enable-bootstrap --enable-clocale=gnu --enable-libstdcxx-debug --enable-libstdcxx-time=yes --with-default-libstdcxx-abi=new --enable-gnu-unique-object --disable-vtable-verify --enable-libmpx --enable-plugin --enable-default-pie --with-system-zlib --with-target-system-zlib --enable-objc-gc=auto --enable-multiarch --disable-werror --with-arch-32=i686 --with-abi=m64 --with-multilib-list=m32,m64,mx32 --enable-multilib --with-tune=generic --enable-offload-targets=nvptx-none --without-cuda-driver --enable-checking=release --build=x86_64-linux-gnu --host=x86_64-linux-gnu --target=x86_64-linux-gnu
Thread model: posix
gcc version 7.5.0 (Ubuntu 7.5.0-3ubuntu1~18.04) 
configure:3365: $? = 0
configure:3354: gcc -V >&5
gcc: error: unrecognized command line option '-V'
gcc: fatal error: no input files
compilation terminated.
configure:3365: $? = 1
configure:3354: gcc -qversion >&5
gcc: error: unrecognized command line option '-qversion'; did you mean '--version'?
gcc: fatal error: no input files
compilation terminated.
configure:3365: $? = 1
configure:3385: checking whether the C compiler works
configure:3407: gcc -O2 -DNDEBUG    conftest.c  >&5
configure:3411: $? = 0
configure:3459: result: yes
configure:3462: checking for C compiler default output file name
configure:3464: result: a.out
configure:3470: checking for suffix of executables
configure:3477: gcc -o conftest -O2 -DNDEBUG    conftest.c  >&5
configure:3481: $? = 0
configure:3503: result: 
configure:3525: checking whether we are cross compiling
configure:3533: gcc -o conftest -O2 -DNDEBUG    conftest.c  >&5
configure:3537: $? = 0
configure:3544: ./conftest
configure:3548: $? = 0
configure:3563: result: no
configure:3568: checking for suffix of object files
configure:3590: gcc -c -O2 -DNDEBUG   conftest.c >&5
configure:3594: $? = 0
configure:3615: result: o
configure:3619: checking whether we are using the GNU C compiler
configure:3638: gcc -c -O2 -DNDEBUG   conftest.c >&5
configure:3638: $? = 0
configure:3647: result: yes
configure:3656: checking whether gcc accepts -g
configure:3676: gcc -c -g  conftest.c >&5
configure:3676: $? = 0
configure:3717: result: yes
configure:3734: checking for gcc option to accept ISO C89
configure:3797: gcc  -c -O2 -DNDEBUG   conftest.c >&5
configure:3797: $? = 0
configure:3810: result: none needed
configure:3835: checking whether gcc understands -c and -o together
configure:3857: gcc -c conftest.c -o conftest2.o
configure:3860: $? = 0
configure:3857: gcc -c conftest.c -o conftest2.o
configure:3860: $? = 0
configure:3872: result: yes
configure:3891: checking dependency style of gcc
configure:4002: result: gcc3
configure:4069: checking how to print strings
configure:4096: result: printf
configure:4117: checking for a sed that does not truncate output
configure:4181: result: /bin/sed
configure:4199: checking for grep that handles long lines and -e
configure:4257: result: /bin/grep
configure:4262: checking for egrep
configure:4324: result: /bin/grep -E
configure:4329: checking for fgrep
configure:4391: result: /bin/grep -F
configure:4426: checking for ld used by gcc
configure:4493: result: /usr/bin/ld
configure:4500: checking if the linker (/usr/bin/ld) is GNU ld
configure:4515: result: yes
configure:4527: checking for BSD- or MS-compatible name lister (nm)
configure:4581: result: /usr/bin/nm -B
configure:4711: checking the name lister (/usr/bin/nm -B) interface
configure:4718: gcc -c -O2 -DNDEBUG   conftest.c >&5
configure:4721: /usr/bin/nm -B "conftest.o"
configure:4724: output
0000000000000000 B some_variable
configure:4731: result: BSD nm
configure:4734: checking whether ln -s works
configure:4738: result: yes
configure:4746: checking the maximum length of command line arguments
configure:4877: result: 1572864
configure:4925: checking how to convert x86_64-pc-linux-gnu file names to x86_64-pc-linux-gnu format
configure:4965: result: func_convert_file_noop
configure:4972: checking how to convert x86_64-pc-linux-gnu file names to toolchain format
configure:4992: result: func_convert_file_noop
configure:4999: checking for /usr/bin/ld option to reload object files
configure:5006: result: -r
configure:5080: checking for objdump
configure:5096: found /usr/bin/objdump
configure:5107: result: objdump
configure:5139: checking how to recognize dependent libraries
configure:5339: result: pass_all
configure:5424: checking for dlltool
configure:5454: result: no
configure:5484: checking how to associate runtime and link libraries
configure:5511: result: printf %s\n
configure:5571: checking for ar
configure:5587: found /usr/bin/ar
configure:5598: result: ar
configure:5635: checking for archiver @FILE support
configure:5652: gcc -c -O2 -DNDEBUG   conftest.c >&5
configure:5652: $? = 0
configure:5655: ar cru libconftest.a @conftest.lst >&5
ar: `u' modifier ignored since `D' is the default (see `U')
configure:5658: $? = 0
configure:5663: ar cru libconftest.a @conftest.lst >&5
ar: `u' modifier ignored since `D' is the default (see `U')
ar: conftest.o: No such file or directory
configure:5666: $? = 1
configure:5678: result: @
configure:5736: checking for strip
configure:5752: found /usr/bin/strip
configure:5763: result: strip
configure:5835: checking for ranlib
configure:5851: found /usr/bin/ranlib
configure:5862: result: ranlib
configure:5964: checking command to parse /usr/bin/nm -B output from gcc object
configure:6117: gcc -c -O2 -DNDEBUG   conftest.c >&5
configure:6120: $? = 0
configure:6124: /usr/bin/nm -B conftest.o \| sed -n -e 's/^.*[ ]\([ABCDGIRSTW][ABCDGIRSTW]*\)[ ][ ]*\([_A-Za-z][_A-Za-z0-9]*\)$/\1 \2 \2/p' | sed '/ __gnu_lto/d' \> conftest.nm
configure:6127: $? = 0
configure:6193: gcc -o conftest -O2 -DNDEBUG    conftest.c conftstm.o >&5
configure:6196: $? = 0
configure:6234: result: ok
configure:6281: checking for sysroot
configure:6311: result: no
configure:6318: checking for a working dd
configure:6356: result: /bin/dd
configure:6360: checking how to truncate binary pipes
configure:6375: result: /bin/dd bs=4096 count=1
configure:6511: gcc -c -O2 -DNDEBUG   conftest.c >&5
configure:6514: $? = 0
configure:6704: checking for mt
configure:6720: found /bin/mt
configure:6731: result: mt
configure:6754: checking if mt is a manifest tool
configure:6760: mt '-?'
configure:6768: result: no
configure:7445: checking how to run the C preprocessor
configure:7476: gcc -E  conftest.c
configure:7476: $? = 0
configure:7490: gcc -E  conftest.c
conftest.c:13:10: fatal error: ac_nonexistent.h: No such file or directory
 #include <ac_nonexistent.h>
          ^~~~~~~~~~~~~~~~~~
compilation terminated.
configure:7490: $? = 1
configure: failed program was:
| /* confdefs.h */
| #define PACKAGE_NAME "ThirdPartyASL"
| #define PACKAGE_TARNAME "thirdpartyasl"
| #define PACKAGE_VERSION "2.0.0"
| #define PACKAGE_STRING "ThirdPartyASL 2.0.0"
| #define PACKAGE_BUGREPORT "https://github.com/coin-or-tools/ThirdParty-ASL/issues/new"
| #define PACKAGE_URL "https://github.com/coin-or-tools/ThirdParty-ASL"
| #define THIRDPARTYASL_VERSION "2.0.0"
| #define THIRDPARTYASL_VERSION_MAJOR 2
| #define THIRDPARTYASL_VERSION_MINOR 0
| #define THIRDPARTYASL_VERSION_RELEASE 0
| /* end confdefs.h.  */
| #include <ac_nonexistent.h>
configure:7515: result: gcc -E
configure:7535: gcc -E  conftest.c
configure:7535: $? = 0
configure:7549: gcc -E  conftest.c
conftest.c:13:10: fatal error: ac_nonexistent.h: No such file or directory
 #include <ac_nonexistent.h>
          ^~~~~~~~~~~~~~~~~~
compilation terminated.
configure:7549: $? = 1
configure: failed program was:
| /* confdefs.h */
| #define PACKAGE_NAME "ThirdPartyASL"
| #define PACKAGE_TARNAME "thirdpartyasl"
| #define PACKAGE_VERSION "2.0.0"
| #define PACKAGE_STRING "ThirdPartyASL 2.0.0"
| #define PACKAGE_BUGREPORT "https://github.com/coin-or-tools/ThirdParty-ASL/issues/new"
| #define PACKAGE_URL "https://github.com/coin-or-tools/ThirdParty-ASL"
| #define THIRDPARTYASL_VERSION "2.0.0"
| #define THIRDPARTYASL_VERSION_MAJOR 2
| #define THIRDPARTYASL_VERSION_MINOR 0
| #define THIRDPARTYASL_VERSION_RELEASE 0
| /* end confdefs.h.  */
| #include <ac_nonexistent.h>
configure:7578: checking for ANSI C header files
configure:7598: gcc -c -O2 -DNDEBUG   conftest.c >&5
configure:7598: $? = 0
configure:7671: gcc -o conftest -O2 -DNDEBUG    conftest.c  >&5
configure:7671: $? = 0
configure:7671: ./conftest
configure:7671: $? = 0
configure:7682: result: yes
configure:7695: checking for sys/types.h
configure:7695: gcc -c -O2 -DNDEBUG   conftest.c >&5
configure:7695: $? = 0
configure:7695: result: yes
configure:7695: checking for sys/stat.h
configure:7695: gcc -c -O2 -DNDEBUG   conftest.c >&5
configure:7695: $? = 0
configure:7695: result: yes
configure:7695: checking for stdlib.h
configure:7695: gcc -c -O2 -DNDEBUG   conftest.c >&5
configure:7695: $? = 0
configure:7695: result: yes
configure:7695: checking for string.h
configure:7695: gcc -c -O2 -DNDEBUG   conftest.c >&5
configure:7695: $? = 0
configure:7695: result: yes
configure:7695: checking for memory.h
configure:7695: gcc -c -O2 -DNDEBUG   conftest.c >&5
configure:7695: $? = 0
configure:7695: result: yes
configure:7695: checking for strings.h
configure:7695: gcc -c -O2 -DNDEBUG   conftest.c >&5
configure:7695: $? = 0
configure:7695: result: yes
configure:7695: checking for inttypes.h
configure:7695: gcc -c -O2 -DNDEBUG   conftest.c >&5
configure:7695: $? = 0
configure:7695: result: yes
configure:7695: checking for stdint.h
configure:7695: gcc -c -O2 -DNDEBUG   conftest.c >&5
configure:7695: $? = 0
configure:7695: result: yes
configure:7695: checking for unistd.h
configure:7695: gcc -c -O2 -DNDEBUG   conftest.c >&5
configure:7695: $? = 0
configure:7695: result: yes
configure:7709: checking for dlfcn.h
configure:7709: gcc -c -O2 -DNDEBUG   conftest.c >&5
configure:7709: $? = 0
configure:7709: result: yes
configure:7823: checking the archiver (ar) interface
configure:7839: gcc -c -O2 -DNDEBUG   conftest.c >&5
configure:7839: $? = 0
configure:7841: ar cru libconftest.a conftest.o >&5
ar: `u' modifier ignored since `D' is the default (see `U')
configure:7844: $? = 0
configure:7872: result: ar
configure:8136: checking for objdir
configure:8151: result: .libs
configure:8411: checking if gcc supports -fno-rtti -fno-exceptions
configure:8429: gcc -c -O2 -DNDEBUG   -fno-rtti -fno-exceptions conftest.c >&5
cc1: warning: command line option '-fno-rtti' is valid for C++/ObjC++ but not for C
configure:8433: $? = 0
configure:8446: result: no
configure:8804: checking for gcc option to produce PIC
configure:8811: result: -fPIC -DPIC
configure:8819: checking if gcc PIC flag -fPIC -DPIC works
configure:8837: gcc -c -O2 -DNDEBUG   -fPIC -DPIC -DPIC conftest.c >&5
configure:8841: $? = 0
configure:8854: result: yes
configure:8883: checking if gcc static flag -static works
configure:8911: result: yes
configure:8926: checking if gcc supports -c -o file.o
configure:8947: gcc -c -O2 -DNDEBUG   -o out/conftest2.o conftest.c >&5
configure:8951: $? = 0
configure:8973: result: yes
configure:8981: checking if gcc supports -c -o file.o
configure:9028: result: yes
configure:9061: checking whether the gcc linker (/usr/bin/ld -m elf_x86_64) supports shared libraries
configure:10320: result: yes
configure:10357: checking whether -lc should be explicitly linked in
configure:10365: gcc -c -O2 -DNDEBUG   conftest.c >&5
configure:10368: $? = 0
configure:10383: gcc -shared  -fPIC -DPIC conftest.o  -v -Wl,-soname -Wl,conftest -o conftest 2\>\&1 \| /bin/grep  -lc  \>/dev/null 2\>\&1
configure:10386: $? = 0
configure:10400: result: no
configure:10560: checking dynamic linker characteristics
configure:11141: gcc -o conftest -O2 -DNDEBUG    -Wl,-rpath -Wl,/foo conftest.c  >&5
configure:11141: $? = 0
configure:11378: result: GNU/Linux ld.so
configure:11500: checking how to hardcode library paths into programs
configure:11525: result: immediate
configure:12073: checking whether stripping libraries is possible
configure:12078: result: yes
configure:12113: checking if libtool supports shared libraries
configure:12115: result: yes
configure:12118: checking whether to build shared libraries
configure:12143: result: yes
configure:12146: checking whether to build static libraries
configure:12150: result: no
configure:12206: libtool version info: -version-number 2:0:0
configure:12241: checking for getrusage
configure:12254: gcc -o conftest -O2 -DNDEBUG    conftest.c  >&5
conftest.c: In function 'main':
conftest.c:29:1: warning: implicit declaration of function 'getrusage' [-Wimplicit-function-declaration]
 getrusage()
 ^~~~~~~~~
configure:12254: $? = 0
configure:12255: result: yes
configure:12270: checking for long long
configure:12270: gcc -c -O2 -DNDEBUG   conftest.c >&5
configure:12270: $? = 0
configure:12270: gcc -c -O2 -DNDEBUG   conftest.c >&5
conftest.c: In function 'main':
conftest.c:61:24: error: expected expression before ')' token
 if (sizeof ((long long)))
                        ^
configure:12270: $? = 1
configure: failed program was:
| /* confdefs.h */
| #define PACKAGE_NAME "ThirdPartyASL"
| #define PACKAGE_TARNAME "thirdpartyasl"
| #define PACKAGE_VERSION "2.0.0"
| #define PACKAGE_STRING "ThirdPartyASL 2.0.0"
| #define PACKAGE_BUGREPORT "https://github.com/coin-or-tools/ThirdParty-ASL/issues/new"
| #define PACKAGE_URL "https://github.com/coin-or-tools/ThirdParty-ASL"
| #define THIRDPARTYASL_VERSION "2.0.0"
| #define THIRDPARTYASL_VERSION_MAJOR 2
| #define THIRDPARTYASL_VERSION_MINOR 0
| #define THIRDPARTYASL_VERSION_RELEASE 0
| #define STDC_HEADERS 1
| #define HAVE_SYS_TYPES_H 1
| #define HAVE_SYS_STAT_H 1
| #define HAVE_STDLIB_H 1
| #define HAVE_STRING_H 1
| #define HAVE_MEMORY_H 1
| #define HAVE_STRINGS_H 1
| #define HAVE_INTTYPES_H 1
| #define HAVE_STDINT_H 1
| #define HAVE_UNISTD_H 1
| #define HAVE_DLFCN_H 1
| #define LT_OBJDIR ".libs/"
| /* end confdefs.h.  */
| #include <stdio.h>
| #ifdef HAVE_SYS_TYPES_H
| # include <sys/types.h>
| #endif
| #ifdef HAVE_SYS_STAT_H
| # include <sys/stat.h>
| #endif
| #ifdef STDC_HEADERS
| # include <stdlib.h>
| # include <stddef.h>
| #else
| # ifdef HAVE_STDLIB_H
| #  include <stdlib.h>
| # endif
| #endif
| #ifdef HAVE_STRING_H
| # if !defined STDC_HEADERS && defined HAVE_MEMORY_H
| #  include <memory.h>
| # endif
| # include <string.h>
| #endif
| #ifdef HAVE_STRINGS_H
| # include <strings.h>
| #endif
| #ifdef HAVE_INTTYPES_H
| # include <inttypes.h>
| #endif
| #ifdef HAVE_STDINT_H
| # include <stdint.h>
| #endif
| #ifdef HAVE_UNISTD_H
| # include <unistd.h>
| #endif
| int
| main ()
| {
| if (sizeof ((long long)))
| 	    return 0;
|   ;
|   return 0;
| }
configure:12270: result: yes
configure:12279: checking for ssize_t
configure:12279: gcc -c -O2 -DNDEBUG   conftest.c >&5
configure:12279: $? = 0
configure:12279: gcc -c -O2 -DNDEBUG   conftest.c >&5
conftest.c: In function 'main':
conftest.c:61:22: error: expected expression before ')' token
 if (sizeof ((ssize_t)))
                      ^
configure:12279: $? = 1
configure: failed program was:
| /* confdefs.h */
| #define PACKAGE_NAME "ThirdPartyASL"
| #define PACKAGE_TARNAME "thirdpartyasl"
| #define PACKAGE_VERSION "2.0.0"
| #define PACKAGE_STRING "ThirdPartyASL 2.0.0"
| #define PACKAGE_BUGREPORT "https://github.com/coin-or-tools/ThirdParty-ASL/issues/new"
| #define PACKAGE_URL "https://github.com/coin-or-tools/ThirdParty-ASL"
| #define THIRDPARTYASL_VERSION "2.0.0"
| #define THIRDPARTYASL_VERSION_MAJOR 2
| #define THIRDPARTYASL_VERSION_MINOR 0
| #define THIRDPARTYASL_VERSION_RELEASE 0
| #define STDC_HEADERS 1
| #define HAVE_SYS_TYPES_H 1
| #define HAVE_SYS_STAT_H 1
| #define HAVE_STDLIB_H 1
| #define HAVE_STRING_H 1
| #define HAVE_MEMORY_H 1
| #define HAVE_STRINGS_H 1
| #define HAVE_INTTYPES_H 1
| #define HAVE_STDINT_H 1
| #define HAVE_UNISTD_H 1
| #define HAVE_DLFCN_H 1
| #define LT_OBJDIR ".libs/"
| /* end confdefs.h.  */
| #include <stdio.h>
| #ifdef HAVE_SYS_TYPES_H
| # include <sys/types.h>
| #endif
| #ifdef HAVE_SYS_STAT_H
| # include <sys/stat.h>
| #endif
| #ifdef STDC_HEADERS
| # include <stdlib.h>
| # include <stddef.h>
| #else
| # ifdef HAVE_STDLIB_H
| #  include <stdlib.h>
| # endif
| #endif
| #ifdef HAVE_STRING_H
| # if !defined STDC_HEADERS && defined HAVE_MEMORY_H
| #  include <memory.h>
| # endif
| # include <string.h>
| #endif
| #ifdef HAVE_STRINGS_H
| # include <strings.h>
| #endif
| #ifdef HAVE_INTTYPES_H
| # include <inttypes.h>
| #endif
| #ifdef HAVE_STDINT_H
| # include <stdint.h>
| #endif
| #ifdef HAVE_UNISTD_H
| # include <unistd.h>
| #endif
| int
| main ()
| {
| if (sizeof ((ssize_t)))
| 	    return 0;
|   ;
|   return 0;
| }
configure:12279: result: yes
configure:12288: checking for dlopen in -ldl
configure:12313: gcc -o conftest -O2 -DNDEBUG    conftest.c -ldl   >&5
configure:12313: $? = 0
configure:12322: result: yes
configure:12336: checking for library containing cos
configure:12367: gcc -o conftest -O2 -DNDEBUG    conftest.c  >&5
conftest.c:32:6: warning: conflicting types for built-in function 'cos' [-Wbuiltin-declaration-mismatch]
 char cos ();
      ^~~
/tmp/ccLlv7Yx.o: In function `main':
conftest.c:(.text.startup+0x7): undefined reference to `cos'
collect2: error: ld returned 1 exit status
configure:12367: $? = 1
configure: failed program was:
| /* confdefs.h */
| #define PACKAGE_NAME "ThirdPartyASL"
| #define PACKAGE_TARNAME "thirdpartyasl"
| #define PACKAGE_VERSION "2.0.0"
| #define PACKAGE_STRING "ThirdPartyASL 2.0.0"
| #define PACKAGE_BUGREPORT "https://github.com/coin-or-tools/ThirdParty-ASL/issues/new"
| #define PACKAGE_URL "https://github.com/coin-or-tools/ThirdParty-ASL"
| #define THIRDPARTYASL_VERSION "2.0.0"
| #define THIRDPARTYASL_VERSION_MAJOR 2
| #define THIRDPARTYASL_VERSION_MINOR 0
| #define THIRDPARTYASL_VERSION_RELEASE 0
| #define STDC_HEADERS 1
| #define HAVE_SYS_TYPES_H 1
| #define HAVE_SYS_STAT_H 1
| #define HAVE_STDLIB_H 1
| #define HAVE_STRING_H 1
| #define HAVE_MEMORY_H 1
| #define HAVE_STRINGS_H 1
| #define HAVE_INTTYPES_H 1
| #define HAVE_STDINT_H 1
| #define HAVE_UNISTD_H 1
| #define HAVE_DLFCN_H 1
| #define LT_OBJDIR ".libs/"
| /* end confdefs.h.  */
| 
| /* Override any GCC internal prototype to avoid an error.
|    Use char because int might match the return type of a GCC
|    builtin and then its argument prototype would still apply.  */
| #ifdef __cplusplus
| extern "C"
| #endif
| char cos ();
| int
| main ()
| {
| return cos ();
|   ;
|   return 0;
| }
configure:12367: gcc -o conftest -O2 -DNDEBUG    conftest.c -lm   >&5
conftest.c:32:6: warning: conflicting types for built-in function 'cos' [-Wbuiltin-declaration-mismatch]
 char cos ();
      ^~~
configure:12367: $? = 0
configure:12384: result: -lm
configure:12643: checking that generated files are newer than configure
configure:12649: result: done
configure:12684: creating ./config.status

## ---------------------- ##
## Running config.status. ##
## ---------------------- ##

This file was extended by ThirdPartyASL config.status 2.0.0, which was
generated by GNU Autoconf 2.69.  Invocation command line was

  CONFIG_FILES    = 
  CONFIG_HEADERS  = 
  CONFIG_LINKS    = 
  CONFIG_COMMANDS = 
  $ ./config.status 

on wu

config.status:1032: creating Makefile
config.status:1032: creating coinasl.pc
config.status:1216: linking solvers/stdio1.h0 to stdio1.h
config.status:1216: linking solvers/fpinit.c to fpinit.c
config.status:1235: executing depfiles commands
config.status:1312: cd .       && sed -e '/# am--include-marker/d' Makefile         | make -f - am--depfiles
config.status:1317: $? = 0
config.status:1235: executing libtool commands
configure:14696: Configuration of ThirdPartyASL successful

## ---------------- ##
## Cache variables. ##
## ---------------- ##

ac_cv_build=x86_64-pc-linux-gnu
ac_cv_c_compiler_gnu=yes
ac_cv_env_ADD_CFLAGS_set=
ac_cv_env_ADD_CFLAGS_value=
ac_cv_env_CC_set=
ac_cv_env_CC_value=
ac_cv_env_CFLAGS_set=
ac_cv_env_CFLAGS_value=
ac_cv_env_CPPFLAGS_set=
ac_cv_env_CPPFLAGS_value=
ac_cv_env_CPP_set=
ac_cv_env_CPP_value=
ac_cv_env_LDFLAGS_set=
ac_cv_env_LDFLAGS_value=
ac_cv_env_LIBS_set=
ac_cv_env_LIBS_value=
ac_cv_env_LT_LDFLAGS_set=
ac_cv_env_LT_LDFLAGS_value=
ac_cv_env_LT_SYS_LIBRARY_PATH_set=
ac_cv_env_LT_SYS_LIBRARY_PATH_value=
ac_cv_env_build_alias_set=
ac_cv_env_build_alias_value=
ac_cv_env_host_alias_set=
ac_cv_env_host_alias_value=
ac_cv_env_target_alias_set=
ac_cv_env_target_alias_value=
ac_cv_header_dlfcn_h=yes
ac_cv_header_inttypes_h=yes
ac_cv_header_memory_h=yes
ac_cv_header_stdc=yes
ac_cv_header_stdint_h=yes
ac_cv_header_stdlib_h=yes
ac_cv_header_string_h=yes
ac_cv_header_strings_h=yes
ac_cv_header_sys_stat_h=yes
ac_cv_header_sys_types_h=yes
ac_cv_header_unistd_h=yes
ac_cv_host=x86_64-pc-linux-gnu
ac_cv_lib_dl_dlopen=yes
ac_cv_objext=o
ac_cv_path_EGREP='/bin/grep -E'
ac_cv_path_FGREP='/bin/grep -F'
ac_cv_path_GREP=/bin/grep
ac_cv_path_SED=/bin/sed
ac_cv_path_install='/usr/bin/install -c'
ac_cv_path_lt_DD=/bin/dd
ac_cv_path_mkdir=/bin/mkdir
ac_cv_prog_AWK=mawk
ac_cv_prog_CPP='gcc -E'
ac_cv_prog_ac_ct_AR=ar
ac_cv_prog_ac_ct_CC=gcc
ac_cv_prog_ac_ct_MANIFEST_TOOL=mt
ac_cv_prog_ac_ct_OBJDUMP=objdump
ac_cv_prog_ac_ct_RANLIB=ranlib
ac_cv_prog_ac_ct_STRIP=strip
ac_cv_prog_cc_c89=
ac_cv_prog_cc_g=yes
ac_cv_prog_make_make_set=yes
ac_cv_search_cos=-lm
ac_cv_type_long_long=yes
ac_cv_type_ssize_t=yes
am_cv_CC_dependencies_compiler_type=gcc3
am_cv_ar_interface=ar
am_cv_make_support_nested_variables=yes
am_cv_prog_cc_c_o=yes
lt_cv_ar_at_file=@
lt_cv_archive_cmds_need_lc=no
lt_cv_deplibs_check_method=pass_all
lt_cv_file_magic_cmd='$MAGIC_CMD'
lt_cv_file_magic_test_file=
lt_cv_ld_reload_flag=-r
lt_cv_nm_interface='BSD nm'
lt_cv_objdir=.libs
lt_cv_path_LD=/usr/bin/ld
lt_cv_path_NM='/usr/bin/nm -B'
lt_cv_path_mainfest_tool=no
lt_cv_prog_compiler_c_o=yes
lt_cv_prog_compiler_pic='-fPIC -DPIC'
lt_cv_prog_compiler_pic_works=yes
lt_cv_prog_compiler_rtti_exceptions=no
lt_cv_prog_compiler_static_works=yes
lt_cv_prog_gnu_ld=yes
lt_cv_sharedlib_from_linklib_cmd='printf %s\n'
lt_cv_shlibpath_overrides_runpath=yes
lt_cv_sys_global_symbol_pipe='sed -n -e '\''s/^.*[	 ]\([ABCDGIRSTW][ABCDGIRSTW]*\)[	 ][	 ]*\([_A-Za-z][_A-Za-z0-9]*\)$/\1 \2 \2/p'\'' | sed '\''/ __gnu_lto/d'\'''
lt_cv_sys_global_symbol_to_c_name_address='sed -n -e '\''s/^: \(.*\) .*$/  {"\1", (void *) 0},/p'\'' -e '\''s/^[ABCDGIRSTW][ABCDGIRSTW]* .* \(.*\)$/  {"\1", (void *) \&\1},/p'\'''
lt_cv_sys_global_symbol_to_c_name_address_lib_prefix='sed -n -e '\''s/^: \(.*\) .*$/  {"\1", (void *) 0},/p'\'' -e '\''s/^[ABCDGIRSTW][ABCDGIRSTW]* .* \(lib.*\)$/  {"\1", (void *) \&\1},/p'\'' -e '\''s/^[ABCDGIRSTW][ABCDGIRSTW]* .* \(.*\)$/  {"lib\1", (void *) \&\1},/p'\'''
lt_cv_sys_global_symbol_to_cdecl='sed -n -e '\''s/^T .* \(.*\)$/extern int \1();/p'\'' -e '\''s/^[ABCDGIRSTW][ABCDGIRSTW]* .* \(.*\)$/extern char \1;/p'\'''
lt_cv_sys_global_symbol_to_import=
lt_cv_sys_max_cmd_len=1572864
lt_cv_to_host_file_cmd=func_convert_file_noop
lt_cv_to_tool_file_cmd=func_convert_file_noop
lt_cv_truncate_bin='/bin/dd bs=4096 count=1'

## ----------------- ##
## Output variables. ##
## ----------------- ##

ACLOCAL='${SHELL} /home/wu/ThirdParty/ThirdParty-ASL/missing aclocal-1.16'
ADD_CFLAGS=''
AMDEPBACKSLASH='\'
AMDEP_FALSE='#'
AMDEP_TRUE=''
AMTAR='$${TAR-tar}'
AM_BACKSLASH='\'
AM_DEFAULT_V='$(AM_DEFAULT_VERBOSITY)'
AM_DEFAULT_VERBOSITY='0'
AM_V='$(V)'
AR='ar'
ASL_CFLAGS_NOPC=''
ASL_LFLAGS='-lm -ldl '
ASL_LFLAGS_NOPC='-lm -ldl '
AUTOCONF='${SHELL} /home/wu/ThirdParty/ThirdParty-ASL/missing autoconf'
AUTOHEADER='${SHELL} /home/wu/ThirdParty/ThirdParty-ASL/missing autoheader'
AUTOMAKE='${SHELL} /home/wu/ThirdParty/ThirdParty-ASL/missing automake-1.16'
AWK='mawk'
CC='gcc'
CCDEPMODE='depmode=gcc3'
CC_IS_CL_FALSE=''
CC_IS_CL_TRUE='#'
CFLAGS='-O2 -DNDEBUG '
COIN_RELOCATABLE_FALSE=''
COIN_RELOCATABLE_TRUE='#'
COIN_STATIC_BUILD_FALSE=''
COIN_STATIC_BUILD_TRUE='#'
CPP='gcc -E'
CPPFLAGS=''
CYGPATH_W='echo'
DEFS='-DPACKAGE_NAME=\"ThirdPartyASL\" -DPACKAGE_TARNAME=\"thirdpartyasl\" -DPACKAGE_VERSION=\"2.0.0\" -DPACKAGE_STRING=\"ThirdPartyASL\ 2.0.0\" -DPACKAGE_BUGREPORT=\"https://github.com/coin-or-tools/ThirdParty-ASL/issues/new\" -DPACKAGE_URL=\"https://github.com/coin-or-tools/ThirdParty-ASL\" -DTHIRDPARTYASL_VERSION=\"2.0.0\" -DTHIRDPARTYASL_VERSION_MAJOR=2 -DTHIRDPARTYASL_VERSION_MINOR=0 -DTHIRDPARTYASL_VERSION_RELEASE=0 -DSTDC_HEADERS=1 -DHAVE_SYS_TYPES_H=1 -DHAVE_SYS_STAT_H=1 -DHAVE_STDLIB_H=1 -DHAVE_STRING_H=1 -DHAVE_MEMORY_H=1 -DHAVE_STRINGS_H=1 -DHAVE_INTTYPES_H=1 -DHAVE_STDINT_H=1 -DHAVE_UNISTD_H=1 -DHAVE_DLFCN_H=1 -DLT_OBJDIR=\".libs/\" -DASL_EXPORT='
DEPDIR='.deps'
DLLTOOL='false'
DSYMUTIL=''
DUMPBIN=''
ECHO_C=''
ECHO_N='-n'
ECHO_T=''
EGREP='/bin/grep -E'
EXEEXT=''
FGREP='/bin/grep -F'
GREP='/bin/grep'
INSTALL_DATA='${INSTALL} -m 644'
INSTALL_PROGRAM='${INSTALL}'
INSTALL_SCRIPT='${INSTALL}'
INSTALL_STRIP_PROGRAM='$(install_sh) -c -s'
LD='/usr/bin/ld -m elf_x86_64'
LDFLAGS=''
LIBOBJS=''
LIBS=''
LIBTOOL='$(SHELL) $(top_builddir)/libtool'
LIPO=''
LN_S='ln -s'
LTLIBOBJS=''
LT_LDFLAGS=' -version-number 2:0:0 -no-undefined'
LT_SYS_LIBRARY_PATH=''
MAINT='#'
MAINTAINER_MODE_FALSE=''
MAINTAINER_MODE_TRUE='#'
MAKEINFO='${SHELL} /home/wu/ThirdParty/ThirdParty-ASL/missing makeinfo'
MANIFEST_TOOL=':'
MKDIR_P='/bin/mkdir -p'
NM='/usr/bin/nm -B'
NMEDIT=''
OBJDUMP='objdump'
OBJEXT='o'
OTOOL64=''
OTOOL=''
PACKAGE='thirdpartyasl'
PACKAGE_BUGREPORT='https://github.com/coin-or-tools/ThirdParty-ASL/issues/new'
PACKAGE_NAME='ThirdPartyASL'
PACKAGE_STRING='ThirdPartyASL 2.0.0'
PACKAGE_TARNAME='thirdpartyasl'
PACKAGE_URL='https://github.com/coin-or-tools/ThirdParty-ASL'
PACKAGE_VERSION='2.0.0'
PATH_SEPARATOR=':'
RANLIB='ranlib'
SED='/bin/sed'
SET_MAKE=''
SHELL='/bin/bash'
STRIP='strip'
VERSION='2.0.0'
ac_ct_AR='ar'
ac_ct_CC='gcc'
ac_ct_DUMPBIN=''
am__EXEEXT_FALSE=''
am__EXEEXT_TRUE='#'
am__fastdepCC_FALSE='#'
am__fastdepCC_TRUE=''
am__include='include'
am__isrc=''
am__leading_dot='.'
am__nodep='_no'
am__quote=''
am__tar='$${TAR-tar} chof - "$$tardir"'
am__untar='$${TAR-tar} xf -'
bindir='${exec_prefix}/bin'
build='x86_64-pc-linux-gnu'
build_alias=''
build_cpu='x86_64'
build_os='linux-gnu'
build_vendor='pc'
datadir='${datarootdir}'
datarootdir='${prefix}/share'
docdir='${datarootdir}/doc/${PACKAGE_TARNAME}'
dvidir='${docdir}'
exec_prefix='${prefix}'
host='x86_64-pc-linux-gnu'
host_alias=''
host_cpu='x86_64'
host_os='linux-gnu'
host_vendor='pc'
htmldir='${docdir}'
includedir='${prefix}/include'
infodir='${datarootdir}/info'
install_sh='${SHELL} /home/wu/ThirdParty/ThirdParty-ASL/install-sh'
libdir='${exec_prefix}/lib'
libexecdir='${exec_prefix}/libexec'
localedir='${datarootdir}/locale'
localstatedir='${prefix}/var'
mandir='${datarootdir}/man'
mkdir_p='$(MKDIR_P)'
oldincludedir='/usr/include'
pdfdir='${docdir}'
prefix='/usr/local'
program_transform_name='s,x,x,'
psdir='${docdir}'
sbindir='${exec_prefix}/sbin'
sharedstatedir='${prefix}/com'
sysconfdir='${prefix}/etc'
target_alias=''

## ----------- ##
## confdefs.h. ##
## ----------- ##

/* confdefs.h */
#define PACKAGE_NAME "ThirdPartyASL"
#define PACKAGE_TARNAME "thirdpartyasl"
#define PACKAGE_VERSION "2.0.0"
#define PACKAGE_STRING "ThirdPartyASL 2.0.0"
#define PACKAGE_BUGREPORT "https://github.com/coin-or-tools/ThirdParty-ASL/issues/new"
#define PACKAGE_URL "https://github.com/coin-or-tools/ThirdParty-ASL"
#define THIRDPARTYASL_VERSION "2.0.0"
#define THIRDPARTYASL_VERSION_MAJOR 2
#define THIRDPARTYASL_VERSION_MINOR 0
#define THIRDPARTYASL_VERSION_RELEASE 0
#define STDC_HEADERS 1
#define HAVE_SYS_TYPES_H 1
#define HAVE_SYS_STAT_H 1
#define HAVE_STDLIB_H 1
#define HAVE_STRING_H 1
#define HAVE_MEMORY_H 1
#define HAVE_STRINGS_H 1
#define HAVE_INTTYPES_H 1
#define HAVE_STDINT_H 1
#define HAVE_UNISTD_H 1
#define HAVE_DLFCN_H 1
#define LT_OBJDIR ".libs/"
#define ASL_EXPORT 

configure: exit 0
